Unity Editor version:    2021.2.9f1 (921b45a28ab6)
Branch:                  2021.2/staging
Build type:              Release
Batch mode:              YES
macOS version:           Version 12.4 (Build 21F79)
Darwin version:          21.5.0
Architecture:            x86_64
Running under Rosetta:   YES
Available memory:        32768 MB
Using pre-set license
Pro License: NO

COMMAND LINE ARGUMENTS:
/Applications/Unity/Hub/Editor/2021.2.9f1/Unity.app/Contents/MacOS/Unity
-adb2
-batchMode
-noUpm
-name
AssetImportWorker0
-projectPath
/Users/chloefarr/Documents/GitHub/Unity/GrandmasPlayhouse/MakingSoup
-logFile
Logs/AssetImportWorker0.log
-srvPort
52301
Successfully changed project path to: /Users/chloefarr/Documents/GitHub/Unity/GrandmasPlayhouse/MakingSoup
/Users/chloefarr/Documents/GitHub/Unity/GrandmasPlayhouse/MakingSoup
[UnityMemory] Configuration Parameters - Can be set up in boot.config
    "memorysetup-bucket-allocator-granularity=16"
    "memorysetup-bucket-allocator-bucket-count=8"
    "memorysetup-bucket-allocator-block-size=33554432"
    "memorysetup-bucket-allocator-block-count=8"
    "memorysetup-main-allocator-block-size=16777216"
    "memorysetup-thread-allocator-block-size=16777216"
    "memorysetup-gfx-main-allocator-block-size=16777216"
    "memorysetup-gfx-thread-allocator-block-size=16777216"
    "memorysetup-cache-allocator-block-size=4194304"
    "memorysetup-typetree-allocator-block-size=2097152"
    "memorysetup-profiler-bucket-allocator-granularity=16"
    "memorysetup-profiler-bucket-allocator-bucket-count=8"
    "memorysetup-profiler-bucket-allocator-block-size=33554432"
    "memorysetup-profiler-bucket-allocator-block-count=8"
    "memorysetup-profiler-allocator-block-size=16777216"
    "memorysetup-profiler-editor-allocator-block-size=1048576"
    "memorysetup-temp-allocator-size-main=16777216"
    "memorysetup-job-temp-allocator-block-size=2097152"
    "memorysetup-job-temp-allocator-block-size-background=1048576"
    "memorysetup-job-temp-allocator-reduction-small-platforms=262144"
    "memorysetup-temp-allocator-size-background-worker=32768"
    "memorysetup-temp-allocator-size-job-worker=262144"
    "memorysetup-temp-allocator-size-preload-manager=33554432"
    "memorysetup-temp-allocator-size-nav-mesh-worker=65536"
    "memorysetup-temp-allocator-size-audio-worker=65536"
    "memorysetup-temp-allocator-size-cloud-worker=32768"
    "memorysetup-temp-allocator-size-gi-baking-worker=262144"
    "memorysetup-temp-allocator-size-gfx=262144"
Refreshing native plugins compatible for Editor in 88.64 ms, found 2 plugins.
Preloading 0 native plugins for Editor in 0.00 ms.
Initialize engine version: 2021.2.9f1 (921b45a28ab6)
[Subsystems] Discovering subsystems at path /Applications/Unity/Hub/Editor/2021.2.9f1/Unity.app/Contents/Resources/UnitySubsystems
[Subsystems] Discovering subsystems at path /Users/chloefarr/Documents/GitHub/Unity/GrandmasPlayhouse/MakingSoup/Assets
GfxDevice: creating device client; threaded=0; jobified=0
 preferred device: Apple M1 Pro (high power)
Metal devices available: 1
0: Apple M1 Pro (high power)
Using device Apple M1 Pro (high power)
Initializing Metal device caps: Apple M1 Pro
Initialize mono
Mono path[0] = '/Applications/Unity/Hub/Editor/2021.2.9f1/Unity.app/Contents/Managed'
Mono path[1] = '/Applications/Unity/Hub/Editor/2021.2.9f1/Unity.app/Contents/MonoBleedingEdge/lib/mono/unityjit-macos'
Mono config path = '/Applications/Unity/Hub/Editor/2021.2.9f1/Unity.app/Contents/MonoBleedingEdge/etc'
Using monoOptions --debugger-agent=transport=dt_socket,embedding=1,server=y,suspend=n,address=127.0.0.1:56984
Begin MonoManager ReloadAssembly
Registering precompiled unity dll's ...
Register platform support module: /Applications/Unity/Hub/Editor/2021.2.9f1/PlaybackEngines/WebGLSupport/UnityEditor.WebGL.Extensions.dll
Register platform support module: /Applications/Unity/Hub/Editor/2021.2.9f1/Unity.app/Contents/PlaybackEngines/MacStandaloneSupport/UnityEditor.OSXStandalone.Extensions.dll
Registered in 0.000762 seconds.
Native extension for OSXStandalone target not found
Native extension for WebGL target not found
Refreshing native plugins compatible for Editor in 92.28 ms, found 2 plugins.
Preloading 0 native plugins for Editor in 0.00 ms.
Mono: successfully reloaded assembly
- Completed reload, in  1.472 seconds
Domain Reload Profiling:
	ReloadAssembly (1473ms)
		BeginReloadAssembly (115ms)
			ExecutionOrderSort (0ms)
			DisableScriptedObjects (0ms)
			BackupInstance (0ms)
			ReleaseScriptingObjects (0ms)
			CreateAndSetChildDomain (2ms)
		EndReloadAssembly (1205ms)
			LoadAssemblies (112ms)
			RebuildTransferFunctionScriptingTraits (0ms)
			SetupTypeCache (154ms)
			ReleaseScriptCaches (0ms)
			RebuildScriptCaches (40ms)
			SetupLoadedEditorAssemblies (860ms)
				LogAssemblyErrors (0ms)
				InitializePlatformSupportModulesInManaged (38ms)
				SetLoadedEditorAssemblies (0ms)
				RefreshPlugins (92ms)
				BeforeProcessingInitializeOnLoad (4ms)
				ProcessInitializeOnLoadAttributes (531ms)
				ProcessInitializeOnLoadMethodAttributes (194ms)
				AfterProcessingInitializeOnLoad (0ms)
				EditorAssembliesLoaded (0ms)
			ExecutionOrderSort2 (0ms)
			AwakeInstancesAfterBackupRestoration (0ms)
Platform modules already initialized, skipping
Registering precompiled user dll's ...
Registered in 0.001842 seconds.
Begin MonoManager ReloadAssembly
Symbol file LoadedFromMemory doesn't match image /Users/chloefarr/Documents/GitHub/Unity/GrandmasPlayhouse/MakingSoup/Library/PackageCache/com.unity.visualscripting@1.7.6/Editor/VisualScripting.Core/Dependencies/YamlDotNet/Unity.VisualScripting.YamlDotNet.dll
Symbol file LoadedFromMemory doesn't match image /Users/chloefarr/Documents/GitHub/Unity/GrandmasPlayhouse/MakingSoup/Library/PackageCache/com.unity.visualscripting@1.7.6/Editor/VisualScripting.Core/Dependencies/DotNetZip/Unity.VisualScripting.IonicZip.dll
Native extension for OSXStandalone target not found
Native extension for WebGL target not found
Refreshing native plugins compatible for Editor in 0.64 ms, found 2 plugins.
Preloading 0 native plugins for Editor in 0.00 ms.
Mono: successfully reloaded assembly
- Completed reload, in  2.480 seconds
Domain Reload Profiling:
	ReloadAssembly (2482ms)
		BeginReloadAssembly (245ms)
			ExecutionOrderSort (0ms)
			DisableScriptedObjects (42ms)
			BackupInstance (0ms)
			ReleaseScriptingObjects (0ms)
			CreateAndSetChildDomain (35ms)
		EndReloadAssembly (1978ms)
			LoadAssemblies (106ms)
			RebuildTransferFunctionScriptingTraits (0ms)
			SetupTypeCache (341ms)
			ReleaseScriptCaches (1ms)
			RebuildScriptCaches (67ms)
			SetupLoadedEditorAssemblies (1259ms)
				LogAssemblyErrors (0ms)
				InitializePlatformSupportModulesInManaged (39ms)
				SetLoadedEditorAssemblies (2ms)
				RefreshPlugins (1ms)
				BeforeProcessingInitializeOnLoad (138ms)
				ProcessInitializeOnLoadAttributes (978ms)
				ProcessInitializeOnLoadMethodAttributes (100ms)
				AfterProcessingInitializeOnLoad (1ms)
				EditorAssembliesLoaded (0ms)
			ExecutionOrderSort2 (0ms)
			AwakeInstancesAfterBackupRestoration (12ms)
Platform modules already initialized, skipping
========================================================================
Worker process is ready to serve import requests
Launching external process: /Applications/Unity/Hub/Editor/2021.2.9f1/Unity.app/Contents/Tools/UnityShaderCompiler
Launched and connected shader compiler UnityShaderCompiler after 0.08 seconds
Refreshing native plugins compatible for Editor in 0.55 ms, found 2 plugins.
Preloading 0 native plugins for Editor in 0.00 ms.
Unloading 3124 Unused Serialized files (Serialized files now loaded: 0)
Unloading 23 unused Assets / (46.3 KB). Loaded Objects now: 3581.
Memory consumption went from 207.5 MB to 207.5 MB.
Total: 3.383334 ms (FindLiveObjects: 0.192792 ms CreateObjectMapping: 0.084250 ms MarkObjects: 2.997833 ms  DeleteObjects: 0.106917 ms)

AssetImportParameters requested are different than current active one (requested -> active):
  custom:video-decoder-ogg-theora: a1e56fd34408186e4bbccfd4996cb3dc -> 
  custom:container-muxer-webm: aa71ff27fc2769a1b78a27578f13a17b -> 
  custom:container-demuxer-webm: 4f35f7cbe854078d1ac9338744f61a02 -> 
  custom:video-encoder-webm-vp8: eb34c28f22e8b96e1ab97ce403110664 -> 
  custom:framework-osx-AVFoundation: e770b220cccbd017edd2c1fefb359320 -> 
  custom:audio-encoder-webm-vorbis: bf7c407c2cedff20999df2af8eb42d56 -> 
  custom:container-demuxer-ogg: 62fdf1f143b41e24485cea50d1cbac27 -> 
  custom:video-decoder-webm-vp8: 9c59270c3fd7afecdb556c50c9e8de78 -> 
  custom:audio-decoder-ogg-vorbis: bf7c407c2cedff20999df2af8eb42d56 -> 
========================================================================
Received Prepare
Registering precompiled user dll's ...
Registered in 0.001872 seconds.
Begin MonoManager ReloadAssembly
Symbol file LoadedFromMemory doesn't match image /Users/chloefarr/Documents/GitHub/Unity/GrandmasPlayhouse/MakingSoup/Library/PackageCache/com.unity.visualscripting@1.7.6/Editor/VisualScripting.Core/Dependencies/YamlDotNet/Unity.VisualScripting.YamlDotNet.dll
Symbol file LoadedFromMemory doesn't match image /Users/chloefarr/Documents/GitHub/Unity/GrandmasPlayhouse/MakingSoup/Library/PackageCache/com.unity.visualscripting@1.7.6/Editor/VisualScripting.Core/Dependencies/DotNetZip/Unity.VisualScripting.IonicZip.dll
Native extension for OSXStandalone target not found
Native extension for WebGL target not found
Refreshing native plugins compatible for Editor in 0.57 ms, found 2 plugins.
Preloading 0 native plugins for Editor in 0.00 ms.
Mono: successfully reloaded assembly
- Completed reload, in  2.338 seconds
Domain Reload Profiling:
	ReloadAssembly (2340ms)
		BeginReloadAssembly (244ms)
			ExecutionOrderSort (0ms)
			DisableScriptedObjects (39ms)
			BackupInstance (0ms)
			ReleaseScriptingObjects (0ms)
			CreateAndSetChildDomain (60ms)
		EndReloadAssembly (1828ms)
			LoadAssemblies (107ms)
			RebuildTransferFunctionScriptingTraits (0ms)
			SetupTypeCache (333ms)
			ReleaseScriptCaches (1ms)
			RebuildScriptCaches (53ms)
			SetupLoadedEditorAssemblies (1132ms)
				LogAssemblyErrors (0ms)
				InitializePlatformSupportModulesInManaged (39ms)
				SetLoadedEditorAssemblies (2ms)
				RefreshPlugins (1ms)
				BeforeProcessingInitializeOnLoad (109ms)
				ProcessInitializeOnLoadAttributes (878ms)
				ProcessInitializeOnLoadMethodAttributes (102ms)
				AfterProcessingInitializeOnLoad (1ms)
				EditorAssembliesLoaded (0ms)
			ExecutionOrderSort2 (0ms)
			AwakeInstancesAfterBackupRestoration (12ms)
Platform modules already initialized, skipping
Refreshing native plugins compatible for Editor in 0.56 ms, found 2 plugins.
Preloading 0 native plugins for Editor in 0.00 ms.
Unloading 3104 Unused Serialized files (Serialized files now loaded: 0)
Unloading 18 unused Assets / (21.9 KB). Loaded Objects now: 3583.
Memory consumption went from 205.9 MB to 205.9 MB.
Total: 2.725042 ms (FindLiveObjects: 0.186584 ms CreateObjectMapping: 0.085875 ms MarkObjects: 2.433375 ms  DeleteObjects: 0.017792 ms)

AssetImportParameters requested are different than current active one (requested -> active):
  custom:video-decoder-ogg-theora: a1e56fd34408186e4bbccfd4996cb3dc -> 
  custom:container-muxer-webm: aa71ff27fc2769a1b78a27578f13a17b -> 
  custom:container-demuxer-webm: 4f35f7cbe854078d1ac9338744f61a02 -> 
  custom:video-encoder-webm-vp8: eb34c28f22e8b96e1ab97ce403110664 -> 
  custom:framework-osx-AVFoundation: e770b220cccbd017edd2c1fefb359320 -> 
  custom:audio-encoder-webm-vorbis: bf7c407c2cedff20999df2af8eb42d56 -> 
  custom:container-demuxer-ogg: 62fdf1f143b41e24485cea50d1cbac27 -> 
  custom:video-decoder-webm-vp8: 9c59270c3fd7afecdb556c50c9e8de78 -> 
  custom:audio-decoder-ogg-vorbis: bf7c407c2cedff20999df2af8eb42d56 -> 
========================================================================
Received Import Request.
  Time since last request: 44775.413782 seconds.
  path: Assets/Scenes/DragScene.scenetemplate
  artifactKey: Guid(1cb64834da2644585aa4fc4e93d3c6ff) Importer(815301076,1909f56bfc062723c751e8b465ee728b)
Start importing Assets/Scenes/DragScene.scenetemplate using Guid(1cb64834da2644585aa4fc4e93d3c6ff) Importer(815301076,1909f56bfc062723c751e8b465ee728b)  -> (artifact id: '23459f711012e0a1ab503deac96589a9') in 0.275550 seconds 
========================================================================
Received Import Request.
  Time since last request: 4.210492 seconds.
  path: Assets/Audio/DL_PleaseAgain.wav
  artifactKey: Guid(31bdc0061c73f4bac9e6fefdd67d969a) Importer(815301076,1909f56bfc062723c751e8b465ee728b)
Start importing Assets/Audio/DL_PleaseAgain.wav using Guid(31bdc0061c73f4bac9e6fefdd67d969a) Importer(815301076,1909f56bfc062723c751e8b465ee728b)  -> (artifact id: '5e2faab2d77b2858a23c3fc81eea796d') in 0.445524 seconds 
========================================================================
Received Import Request.
  Time since last request: 2.570258 seconds.
  path: Assets/Audio/Soup Audio
  artifactKey: Guid(fb7d49700a3d44812b804ad30d16fc21) Importer(815301076,1909f56bfc062723c751e8b465ee728b)
Start importing Assets/Audio/Soup Audio using Guid(fb7d49700a3d44812b804ad30d16fc21) Importer(815301076,1909f56bfc062723c751e8b465ee728b)  -> (artifact id: '69c99e13ff1d6028567fcb6da3ed04f4') in 0.000741 seconds 
========================================================================
Received Import Request.
  Time since last request: 1.838360 seconds.
  path: Assets/Audio/Soup Audio/Scene Audio
  artifactKey: Guid(3f827096563064979831e9a03dc4d863) Importer(815301076,1909f56bfc062723c751e8b465ee728b)
Start importing Assets/Audio/Soup Audio/Scene Audio using Guid(3f827096563064979831e9a03dc4d863) Importer(815301076,1909f56bfc062723c751e8b465ee728b)  -> (artifact id: '40dbce73a80c8839f3b9fdc4eaae212f') in 0.001330 seconds 
========================================================================
Received Import Request.
  Time since last request: 0.111402 seconds.
  path: Assets/Audio/Soup Audio/Scene Audio/DL_Soup_Closing1.wav
  artifactKey: Guid(093ab776e580f431ba92314633d8e42c) Importer(815301076,1909f56bfc062723c751e8b465ee728b)
Start importing Assets/Audio/Soup Audio/Scene Audio/DL_Soup_Closing1.wav using Guid(093ab776e580f431ba92314633d8e42c) Importer(815301076,1909f56bfc062723c751e8b465ee728b)  -> (artifact id: '0a314e8cdb8285810ef766a2decf999c') in 0.011482 seconds 
========================================================================
Received Import Request.
  Time since last request: 0.000065 seconds.
  path: Assets/Audio/Soup Audio/Scene Audio/DL_Soup_ClosingLong.wav
  artifactKey: Guid(d33bda5aa86214294ac9e29030f95948) Importer(815301076,1909f56bfc062723c751e8b465ee728b)
Start importing Assets/Audio/Soup Audio/Scene Audio/DL_Soup_ClosingLong.wav using Guid(d33bda5aa86214294ac9e29030f95948) Importer(815301076,1909f56bfc062723c751e8b465ee728b)  -> (artifact id: '454c46c524aa114cdac9e6a0674f5142') in 0.006408 seconds 
========================================================================
Received Import Request.
  Time since last request: 0.000057 seconds.
  path: Assets/Audio/Soup Audio/Scene Audio/DL_Soup_Failure.wav
  artifactKey: Guid(4278cf2cc90da4449b6b0d9377e3a879) Importer(815301076,1909f56bfc062723c751e8b465ee728b)
Start importing Assets/Audio/Soup Audio/Scene Audio/DL_Soup_Failure.wav using Guid(4278cf2cc90da4449b6b0d9377e3a879) Importer(815301076,1909f56bfc062723c751e8b465ee728b)  -> (artifact id: 'dea9059280f1dccb09f3013f7fa38f94') in 0.006541 seconds 
========================================================================
Received Import Request.
  Time since last request: 0.000054 seconds.
  path: Assets/Audio/Soup Audio/Scene Audio/DL_Soup_OPENER.wav
  artifactKey: Guid(42f4c2604122f482081633169de3886c) Importer(815301076,1909f56bfc062723c751e8b465ee728b)
Start importing Assets/Audio/Soup Audio/Scene Audio/DL_Soup_OPENER.wav using Guid(42f4c2604122f482081633169de3886c) Importer(815301076,1909f56bfc062723c751e8b465ee728b)  -> (artifact id: '28205c62e9aca351970def0d9d764bc4') in 0.006525 seconds 
========================================================================
Received Import Request.
  Time since last request: 0.000050 seconds.
  path: Assets/Audio/Soup Audio/Scene Audio/DL_Soup_Success.wav
  artifactKey: Guid(ad5b0492162104a8a9d4c99aaefb1311) Importer(815301076,1909f56bfc062723c751e8b465ee728b)
Start importing Assets/Audio/Soup Audio/Scene Audio/DL_Soup_Success.wav using Guid(ad5b0492162104a8a9d4c99aaefb1311) Importer(815301076,1909f56bfc062723c751e8b465ee728b)  -> (artifact id: 'a757bddcb25a0299d71c30747f1df429') in 0.009543 seconds 
========================================================================
Received Import Request.
  Time since last request: 0.000060 seconds.
  path: Assets/Audio/Soup Audio/Scene Audio/DL_Soup_Vocab_POT.wav
  artifactKey: Guid(8163abdaad1cd4d8890f786ea8678713) Importer(815301076,1909f56bfc062723c751e8b465ee728b)
Start importing Assets/Audio/Soup Audio/Scene Audio/DL_Soup_Vocab_POT.wav using Guid(8163abdaad1cd4d8890f786ea8678713) Importer(815301076,1909f56bfc062723c751e8b465ee728b)  -> (artifact id: '418f5f19c4c9d57f8bf5fb8538acbdc1') in 0.006508 seconds 
========================================================================
Received Prepare
Registering precompiled user dll's ...
Registered in 0.002114 seconds.
Begin MonoManager ReloadAssembly
Symbol file LoadedFromMemory doesn't match image /Users/chloefarr/Documents/GitHub/Unity/GrandmasPlayhouse/MakingSoup/Library/PackageCache/com.unity.visualscripting@1.7.6/Editor/VisualScripting.Core/Dependencies/YamlDotNet/Unity.VisualScripting.YamlDotNet.dll
Symbol file LoadedFromMemory doesn't match image /Users/chloefarr/Documents/GitHub/Unity/GrandmasPlayhouse/MakingSoup/Library/PackageCache/com.unity.visualscripting@1.7.6/Editor/VisualScripting.Core/Dependencies/DotNetZip/Unity.VisualScripting.IonicZip.dll
Native extension for OSXStandalone target not found
Native extension for WebGL target not found
Refreshing native plugins compatible for Editor in 0.60 ms, found 2 plugins.
Preloading 0 native plugins for Editor in 0.00 ms.
Mono: successfully reloaded assembly
- Completed reload, in  2.433 seconds
Domain Reload Profiling:
	ReloadAssembly (2435ms)
		BeginReloadAssembly (256ms)
			ExecutionOrderSort (0ms)
			DisableScriptedObjects (42ms)
			BackupInstance (0ms)
			ReleaseScriptingObjects (0ms)
			CreateAndSetChildDomain (67ms)
		EndReloadAssembly (1919ms)
			LoadAssemblies (109ms)
			RebuildTransferFunctionScriptingTraits (0ms)
			SetupTypeCache (327ms)
			ReleaseScriptCaches (1ms)
			RebuildScriptCaches (52ms)
			SetupLoadedEditorAssemblies (1209ms)
				LogAssemblyErrors (0ms)
				InitializePlatformSupportModulesInManaged (36ms)
				SetLoadedEditorAssemblies (2ms)
				RefreshPlugins (1ms)
				BeforeProcessingInitializeOnLoad (110ms)
				ProcessInitializeOnLoadAttributes (939ms)
				ProcessInitializeOnLoadMethodAttributes (120ms)
				AfterProcessingInitializeOnLoad (1ms)
				EditorAssembliesLoaded (0ms)
			ExecutionOrderSort2 (0ms)
			AwakeInstancesAfterBackupRestoration (14ms)
Platform modules already initialized, skipping
Refreshing native plugins compatible for Editor in 0.57 ms, found 2 plugins.
Preloading 0 native plugins for Editor in 0.00 ms.
Unloading 3104 Unused Serialized files (Serialized files now loaded: 0)
Unloading 18 unused Assets / (21.9 KB). Loaded Objects now: 3594.
Memory consumption went from 219.6 MB to 219.6 MB.
Total: 2.661542 ms (FindLiveObjects: 0.199167 ms CreateObjectMapping: 0.082917 ms MarkObjects: 2.361125 ms  DeleteObjects: 0.017291 ms)

AssetImportParameters requested are different than current active one (requested -> active):
  custom:video-decoder-ogg-theora: a1e56fd34408186e4bbccfd4996cb3dc -> 
  custom:container-muxer-webm: aa71ff27fc2769a1b78a27578f13a17b -> 
  custom:container-demuxer-webm: 4f35f7cbe854078d1ac9338744f61a02 -> 
  custom:video-encoder-webm-vp8: eb34c28f22e8b96e1ab97ce403110664 -> 
  custom:framework-osx-AVFoundation: e770b220cccbd017edd2c1fefb359320 -> 
  custom:audio-encoder-webm-vorbis: bf7c407c2cedff20999df2af8eb42d56 -> 
  custom:container-demuxer-ogg: 62fdf1f143b41e24485cea50d1cbac27 -> 
  custom:video-decoder-webm-vp8: 9c59270c3fd7afecdb556c50c9e8de78 -> 
  custom:audio-decoder-ogg-vorbis: bf7c407c2cedff20999df2af8eb42d56 -> 
========================================================================
Received Import Request.
  Time since last request: 15135.344972 seconds.
  path: Packages/com.unity.ext.nunit/package.json
  artifactKey: Guid(8143d3a8390f2c64685e3bc272bd9e90) Importer(815301076,1909f56bfc062723c751e8b465ee728b)
Start importing Packages/com.unity.ext.nunit/package.json using Guid(8143d3a8390f2c64685e3bc272bd9e90) Importer(815301076,1909f56bfc062723c751e8b465ee728b)  -> (artifact id: '690104bddcbea4fb88105f6a9d5030ee') in 1.183233 seconds 
========================================================================
Received Import Request.
  Time since last request: 5.845316 seconds.
  path: Assets/Scenes/MakingSoup.unity
  artifactKey: Guid(5b1986468e5684cb98d182afc11e80ea) Importer(815301076,1909f56bfc062723c751e8b465ee728b)
Start importing Assets/Scenes/MakingSoup.unity using Guid(5b1986468e5684cb98d182afc11e80ea) Importer(815301076,1909f56bfc062723c751e8b465ee728b)  -> (artifact id: '8ab335e7a0d1349830bb8173efc14ebe') in 0.001419 seconds 
========================================================================
Received Import Request.
  Time since last request: 63.639195 seconds.
  path: Assets/ScriptableObjects/Scenarios/Jewlery.asset
  artifactKey: Guid(dac6715063e0a4d2f8b3422753b67984) Importer(815301076,1909f56bfc062723c751e8b465ee728b)
Start importing Assets/ScriptableObjects/Scenarios/Jewlery.asset using Guid(dac6715063e0a4d2f8b3422753b67984) Importer(815301076,1909f56bfc062723c751e8b465ee728b)  -> (artifact id: '157ad17a61b115ec449dfe73fd438dec') in 0.079153 seconds 
========================================================================
Received Import Request.
  Time since last request: 0.000085 seconds.
  path: Assets/ScriptableObjects/Scenarios/TeaTime.asset
  artifactKey: Guid(b06427884de864f35a0f58d94609c52f) Importer(815301076,1909f56bfc062723c751e8b465ee728b)
Start importing Assets/ScriptableObjects/Scenarios/TeaTime.asset using Guid(b06427884de864f35a0f58d94609c52f) Importer(815301076,1909f56bfc062723c751e8b465ee728b)  -> (artifact id: '44d93cbf7a311692d913132f0d56ae81') in 0.010817 seconds 
========================================================================
Received Import Request.
  Time since last request: 14.214941 seconds.
  path: Assets/ScriptableObjects/Items/Soup
  artifactKey: Guid(b131f65069d674157a87a81363cba0ee) Importer(815301076,1909f56bfc062723c751e8b465ee728b)
Start importing Assets/ScriptableObjects/Items/Soup using Guid(b131f65069d674157a87a81363cba0ee) Importer(815301076,1909f56bfc062723c751e8b465ee728b)  -> (artifact id: 'ee937cd759420d1fff9043d93de14b7b') in 0.001667 seconds 
========================================================================
Received Import Request.
  Time since last request: 0.080371 seconds.
  path: Assets/ScriptableObjects/Items/Soup/broth.asset
  artifactKey: Guid(b4694dc7e73a04e64b5653bfa368aa9f) Importer(815301076,1909f56bfc062723c751e8b465ee728b)
Start importing Assets/ScriptableObjects/Items/Soup/broth.asset using Guid(b4694dc7e73a04e64b5653bfa368aa9f) Importer(815301076,1909f56bfc062723c751e8b465ee728b)  -> (artifact id: 'f2b8097e0749c2472dd2fec5146ef566') in 0.002603 seconds 
========================================================================
Received Import Request.
  Time since last request: 0.000074 seconds.
  path: Assets/ScriptableObjects/Items/Soup/salmon.asset
  artifactKey: Guid(16022527a455d45b3972ead0d1afcc41) Importer(815301076,1909f56bfc062723c751e8b465ee728b)
Start importing Assets/ScriptableObjects/Items/Soup/salmon.asset using Guid(16022527a455d45b3972ead0d1afcc41) Importer(815301076,1909f56bfc062723c751e8b465ee728b)  -> (artifact id: 'a3a52c40f5f976a1e04b0e664321249f') in 0.001992 seconds 
========================================================================
Received Import Request.
  Time since last request: 0.000063 seconds.
  path: Assets/ScriptableObjects/Items/Soup/salt.asset
  artifactKey: Guid(e66225cb17c5e4c47859e4b9f5fb8138) Importer(815301076,1909f56bfc062723c751e8b465ee728b)
Start importing Assets/ScriptableObjects/Items/Soup/salt.asset using Guid(e66225cb17c5e4c47859e4b9f5fb8138) Importer(815301076,1909f56bfc062723c751e8b465ee728b)  -> (artifact id: '89d4eff14a9da7c64fcc8ee1272f74b9') in 0.001636 seconds 
========================================================================
Received Import Request.
  Time since last request: 0.000052 seconds.
  path: Assets/ScriptableObjects/Items/Soup/potato.asset
  artifactKey: Guid(fc2105aac6cac464a82d3eb6cfdeca7a) Importer(815301076,1909f56bfc062723c751e8b465ee728b)
Start importing Assets/ScriptableObjects/Items/Soup/potato.asset using Guid(fc2105aac6cac464a82d3eb6cfdeca7a) Importer(815301076,1909f56bfc062723c751e8b465ee728b)  -> (artifact id: '4136a6f24cb4a0d8ede843306fd3c540') in 0.001694 seconds 
========================================================================
Received Import Request.
  Time since last request: 1001.948505 seconds.
  path: Assets/Audio/Soup Audio/Item Audio/DL_broth.wav
  artifactKey: Guid(f000bdebda2454e4084652babea7824f) Importer(815301076,1909f56bfc062723c751e8b465ee728b)
Start importing Assets/Audio/Soup Audio/Item Audio/DL_broth.wav using Guid(f000bdebda2454e4084652babea7824f) Importer(815301076,1909f56bfc062723c751e8b465ee728b)  -> (artifact id: '642abe48b0e9840644293a5279cbbb93') in 0.106344 seconds 
========================================================================
Received Import Request.
  Time since last request: 0.000062 seconds.
  path: Assets/Audio/Soup Audio/Item Audio/DL_flour.wav
  artifactKey: Guid(88de85969c615412e97da0a207aaab73) Importer(815301076,1909f56bfc062723c751e8b465ee728b)
Start importing Assets/Audio/Soup Audio/Item Audio/DL_flour.wav using Guid(88de85969c615412e97da0a207aaab73) Importer(815301076,1909f56bfc062723c751e8b465ee728b)  -> (artifact id: '8e6ec27047f5782c7dd627c77413d497') in 0.010823 seconds 
========================================================================
Received Import Request.
  Time since last request: 0.000071 seconds.
  path: Assets/Audio/Soup Audio/Item Audio/DL_pot.wav
  artifactKey: Guid(527b3bae0cc1b4d51b122deb99e95ce6) Importer(815301076,1909f56bfc062723c751e8b465ee728b)
Start importing Assets/Audio/Soup Audio/Item Audio/DL_pot.wav using Guid(527b3bae0cc1b4d51b122deb99e95ce6) Importer(815301076,1909f56bfc062723c751e8b465ee728b)  -> (artifact id: '8d6580ab313493fde1219e6aeac3d4a2') in 0.006085 seconds 
========================================================================
Received Import Request.
  Time since last request: 0.000062 seconds.
  path: Assets/Audio/Soup Audio/Item Audio/DL_salmon.wav
  artifactKey: Guid(e23cb89e386824e77a088c673a593ee7) Importer(815301076,1909f56bfc062723c751e8b465ee728b)
Start importing Assets/Audio/Soup Audio/Item Audio/DL_salmon.wav using Guid(e23cb89e386824e77a088c673a593ee7) Importer(815301076,1909f56bfc062723c751e8b465ee728b)  -> (artifact id: '96813f767896d3ecadde7cc0ec655859') in 0.006510 seconds 
========================================================================
Received Import Request.
  Time since last request: 82.259064 seconds.
  path: Assets/Audio/Soup Audio/Item Audio/DL_salt.wav
  artifactKey: Guid(e4c645ecbe5cd42c5b3262ec60c5d9f8) Importer(815301076,1909f56bfc062723c751e8b465ee728b)
Start importing Assets/Audio/Soup Audio/Item Audio/DL_salt.wav using Guid(e4c645ecbe5cd42c5b3262ec60c5d9f8) Importer(815301076,1909f56bfc062723c751e8b465ee728b)  -> (artifact id: '709a41f0046471f8925c718f5a549d52') in 0.012850 seconds 
========================================================================
Received Import Request.
  Time since last request: 41.458921 seconds.
  path: Assets/ScriptableObjects/Items/Soup/pot.asset
  artifactKey: Guid(765db6873350d4dad8841671810a4145) Importer(815301076,1909f56bfc062723c751e8b465ee728b)
Start importing Assets/ScriptableObjects/Items/Soup/pot.asset using Guid(765db6873350d4dad8841671810a4145) Importer(815301076,1909f56bfc062723c751e8b465ee728b)  -> (artifact id: 'b35dddb12918c5d7fec14585981472f0') in 0.001602 seconds 
========================================================================
Received Import Request.
  Time since last request: 38.820459 seconds.
  path: Assets/Art/Soup Art/SceneArt/grandma soup background test_1.png
  artifactKey: Guid(e7e696472a4234b6e8d4993a9fae3390) Importer(815301076,1909f56bfc062723c751e8b465ee728b)
Start importing Assets/Art/Soup Art/SceneArt/grandma soup background test_1.png using Guid(e7e696472a4234b6e8d4993a9fae3390) Importer(815301076,1909f56bfc062723c751e8b465ee728b)  -> (artifact id: 'ae8dacf6a32dc6850819f40802954eff') in 0.200248 seconds 
========================================================================
Received Import Request.
  Time since last request: 0.000058 seconds.
  path: Assets/Art/Soup Art/SceneArt/Soup_GameOverScreen.png
  artifactKey: Guid(9e9b349c7f92d420faed7b6e62125e09) Importer(815301076,1909f56bfc062723c751e8b465ee728b)
Start importing Assets/Art/Soup Art/SceneArt/Soup_GameOverScreen.png using Guid(9e9b349c7f92d420faed7b6e62125e09) Importer(815301076,1909f56bfc062723c751e8b465ee728b)  -> (artifact id: 'a42bdb56b7ba77a74a18a5ba25491700') in 0.051757 seconds 
========================================================================
Received Import Request.
  Time since last request: 0.000063 seconds.
  path: Assets/Art/Soup Art/SceneArt/Soup_StartScreenBackground.png
  artifactKey: Guid(f6d807c19453543a08b6fe309c2a8175) Importer(815301076,1909f56bfc062723c751e8b465ee728b)
Start importing Assets/Art/Soup Art/SceneArt/Soup_StartScreenBackground.png using Guid(f6d807c19453543a08b6fe309c2a8175) Importer(815301076,1909f56bfc062723c751e8b465ee728b)  -> (artifact id: 'c97ce86b1e7f8f2378326f6a7c197f82') in 0.050291 seconds 
========================================================================
Received Import Request.
  Time since last request: 0.000056 seconds.
  path: Assets/Art/Soup Art/SceneArt/Soup_HTPScreen.png
  artifactKey: Guid(3bd747f39cb4c4880b082f4ea2a01849) Importer(815301076,1909f56bfc062723c751e8b465ee728b)
Start importing Assets/Art/Soup Art/SceneArt/Soup_HTPScreen.png using Guid(3bd747f39cb4c4880b082f4ea2a01849) Importer(815301076,1909f56bfc062723c751e8b465ee728b)  -> (artifact id: '1a08141d6982c95227e673854532d814') in 0.047962 seconds 
========================================================================
Received Import Request.
  Time since last request: 27.513704 seconds.
  path: Assets/ScriptableObjects/Items/Soup/pot.asset
  artifactKey: Guid(765db6873350d4dad8841671810a4145) Importer(815301076,1909f56bfc062723c751e8b465ee728b)
Start importing Assets/ScriptableObjects/Items/Soup/pot.asset using Guid(765db6873350d4dad8841671810a4145) Importer(815301076,1909f56bfc062723c751e8b465ee728b)  -> (artifact id: 'd63eb5c9188d0eb3e9f27797300a411b') in 0.002117 seconds 
========================================================================
Received Import Request.
  Time since last request: 57.575912 seconds.
  path: Assets/ScriptableObjects/Scenarios/Soup.asset
  artifactKey: Guid(cf8358e44e4f5469b803ee941cbed642) Importer(815301076,1909f56bfc062723c751e8b465ee728b)
Start importing Assets/ScriptableObjects/Scenarios/Soup.asset using Guid(cf8358e44e4f5469b803ee941cbed642) Importer(815301076,1909f56bfc062723c751e8b465ee728b)  -> (artifact id: 'e65a09366d42b865d87e45a0e46545be') in 0.011709 seconds 
========================================================================
Received Import Request.
  Time since last request: 226.884536 seconds.
  path: Assets/Art/Soup Art/SceneArt/Soup_GameOver_2.png
  artifactKey: Guid(c75119e44fc2946e899114a0b3502cd9) Importer(815301076,1909f56bfc062723c751e8b465ee728b)
Start importing Assets/Art/Soup Art/SceneArt/Soup_GameOver_2.png using Guid(c75119e44fc2946e899114a0b3502cd9) Importer(815301076,1909f56bfc062723c751e8b465ee728b)  -> (artifact id: '514fee5acc2c7a9482d1c17ab14efd6f') in 0.168983 seconds 
========================================================================
Received Import Request.
  Time since last request: 1694.447921 seconds.
  path: Assets/Art/Soup Art/Layer Art
  artifactKey: Guid(f5cbda85111a64a258374fb07542fd79) Importer(815301076,1909f56bfc062723c751e8b465ee728b)
Start importing Assets/Art/Soup Art/Layer Art using Guid(f5cbda85111a64a258374fb07542fd79) Importer(815301076,1909f56bfc062723c751e8b465ee728b)  -> (artifact id: '4fb64c2c068be6301aa44d5df114428c') in 0.001058 seconds 
========================================================================
Received Import Request.
  Time since last request: 15.154801 seconds.
  path: Assets/Art/Soup Art/SceneArt/grandma making soup_start.png
  artifactKey: Guid(71aa3eee565cb4f7ab260559ad472eac) Importer(815301076,1909f56bfc062723c751e8b465ee728b)
Start importing Assets/Art/Soup Art/SceneArt/grandma making soup_start.png using Guid(71aa3eee565cb4f7ab260559ad472eac) Importer(815301076,1909f56bfc062723c751e8b465ee728b)  -> (artifact id: 'abfb93f0648564f27291b91495eadaa9') in 0.170523 seconds 
========================================================================
Received Prepare
Registering precompiled user dll's ...
Registered in 0.001831 seconds.
Begin MonoManager ReloadAssembly
Symbol file LoadedFromMemory doesn't match image /Users/chloefarr/Documents/GitHub/Unity/GrandmasPlayhouse/MakingSoup/Library/PackageCache/com.unity.visualscripting@1.7.6/Editor/VisualScripting.Core/Dependencies/YamlDotNet/Unity.VisualScripting.YamlDotNet.dll
Symbol file LoadedFromMemory doesn't match image /Users/chloefarr/Documents/GitHub/Unity/GrandmasPlayhouse/MakingSoup/Library/PackageCache/com.unity.visualscripting@1.7.6/Editor/VisualScripting.Core/Dependencies/DotNetZip/Unity.VisualScripting.IonicZip.dll
Native extension for OSXStandalone target not found
Native extension for WebGL target not found
Refreshing native plugins compatible for Editor in 0.61 ms, found 2 plugins.
Preloading 0 native plugins for Editor in 0.00 ms.
Mono: successfully reloaded assembly
- Completed reload, in  2.432 seconds
Domain Reload Profiling:
	ReloadAssembly (2434ms)
		BeginReloadAssembly (261ms)
			ExecutionOrderSort (0ms)
			DisableScriptedObjects (44ms)
			BackupInstance (0ms)
			ReleaseScriptingObjects (0ms)
			CreateAndSetChildDomain (64ms)
		EndReloadAssembly (1905ms)
			LoadAssemblies (116ms)
			RebuildTransferFunctionScriptingTraits (0ms)
			SetupTypeCache (321ms)
			ReleaseScriptCaches (1ms)
			RebuildScriptCaches (52ms)
			SetupLoadedEditorAssemblies (1173ms)
				LogAssemblyErrors (0ms)
				InitializePlatformSupportModulesInManaged (38ms)
				SetLoadedEditorAssemblies (2ms)
				RefreshPlugins (1ms)
				BeforeProcessingInitializeOnLoad (108ms)
				ProcessInitializeOnLoadAttributes (911ms)
				ProcessInitializeOnLoadMethodAttributes (112ms)
				AfterProcessingInitializeOnLoad (1ms)
				EditorAssembliesLoaded (0ms)
			ExecutionOrderSort2 (0ms)
			AwakeInstancesAfterBackupRestoration (42ms)
Platform modules already initialized, skipping
Refreshing native plugins compatible for Editor in 0.55 ms, found 2 plugins.
Preloading 0 native plugins for Editor in 0.00 ms.
Unloading 3110 Unused Serialized files (Serialized files now loaded: 0)
Unloading 18 unused Assets / (21.9 KB). Loaded Objects now: 3694.
Memory consumption went from 244.4 MB to 244.4 MB.
Total: 2.874000 ms (FindLiveObjects: 0.223000 ms CreateObjectMapping: 0.086542 ms MarkObjects: 2.542792 ms  DeleteObjects: 0.020583 ms)

AssetImportParameters requested are different than current active one (requested -> active):
  custom:video-decoder-ogg-theora: a1e56fd34408186e4bbccfd4996cb3dc -> 
  custom:container-muxer-webm: aa71ff27fc2769a1b78a27578f13a17b -> 
  custom:container-demuxer-webm: 4f35f7cbe854078d1ac9338744f61a02 -> 
  custom:video-encoder-webm-vp8: eb34c28f22e8b96e1ab97ce403110664 -> 
  custom:framework-osx-AVFoundation: e770b220cccbd017edd2c1fefb359320 -> 
  custom:audio-encoder-webm-vorbis: bf7c407c2cedff20999df2af8eb42d56 -> 
  custom:container-demuxer-ogg: 62fdf1f143b41e24485cea50d1cbac27 -> 
  custom:video-decoder-webm-vp8: 9c59270c3fd7afecdb556c50c9e8de78 -> 
  custom:audio-decoder-ogg-vorbis: bf7c407c2cedff20999df2af8eb42d56 -> 
========================================================================
Received Prepare
Registering precompiled user dll's ...
Registered in 0.002623 seconds.
Begin MonoManager ReloadAssembly
Symbol file LoadedFromMemory doesn't match image /Users/chloefarr/Documents/GitHub/Unity/GrandmasPlayhouse/MakingSoup/Library/PackageCache/com.unity.visualscripting@1.7.6/Editor/VisualScripting.Core/Dependencies/YamlDotNet/Unity.VisualScripting.YamlDotNet.dll
Symbol file LoadedFromMemory doesn't match image /Users/chloefarr/Documents/GitHub/Unity/GrandmasPlayhouse/MakingSoup/Library/PackageCache/com.unity.visualscripting@1.7.6/Editor/VisualScripting.Core/Dependencies/DotNetZip/Unity.VisualScripting.IonicZip.dll
Native extension for OSXStandalone target not found
Native extension for WebGL target not found
Refreshing native plugins compatible for Editor in 0.60 ms, found 2 plugins.
Preloading 0 native plugins for Editor in 0.00 ms.
Mono: successfully reloaded assembly
- Completed reload, in  2.452 seconds
Domain Reload Profiling:
	ReloadAssembly (2454ms)
		BeginReloadAssembly (258ms)
			ExecutionOrderSort (0ms)
			DisableScriptedObjects (50ms)
			BackupInstance (0ms)
			ReleaseScriptingObjects (0ms)
			CreateAndSetChildDomain (61ms)
		EndReloadAssembly (1930ms)
			LoadAssemblies (110ms)
			RebuildTransferFunctionScriptingTraits (0ms)
			SetupTypeCache (324ms)
			ReleaseScriptCaches (1ms)
			RebuildScriptCaches (52ms)
			SetupLoadedEditorAssemblies (1214ms)
				LogAssemblyErrors (0ms)
				InitializePlatformSupportModulesInManaged (38ms)
				SetLoadedEditorAssemblies (2ms)
				RefreshPlugins (1ms)
				BeforeProcessingInitializeOnLoad (106ms)
				ProcessInitializeOnLoadAttributes (949ms)
				ProcessInitializeOnLoadMethodAttributes (117ms)
				AfterProcessingInitializeOnLoad (1ms)
				EditorAssembliesLoaded (0ms)
			ExecutionOrderSort2 (0ms)
			AwakeInstancesAfterBackupRestoration (40ms)
Platform modules already initialized, skipping
Refreshing native plugins compatible for Editor in 0.52 ms, found 2 plugins.
Preloading 0 native plugins for Editor in 0.00 ms.
Unloading 3104 Unused Serialized files (Serialized files now loaded: 0)
Unloading 18 unused Assets / (22.0 KB). Loaded Objects now: 3696.
Memory consumption went from 244.3 MB to 244.3 MB.
Total: 2.674042 ms (FindLiveObjects: 0.199959 ms CreateObjectMapping: 0.085667 ms MarkObjects: 2.361583 ms  DeleteObjects: 0.025667 ms)

AssetImportParameters requested are different than current active one (requested -> active):
  custom:video-decoder-ogg-theora: a1e56fd34408186e4bbccfd4996cb3dc -> 
  custom:container-muxer-webm: aa71ff27fc2769a1b78a27578f13a17b -> 
  custom:container-demuxer-webm: 4f35f7cbe854078d1ac9338744f61a02 -> 
  custom:video-encoder-webm-vp8: eb34c28f22e8b96e1ab97ce403110664 -> 
  custom:framework-osx-AVFoundation: e770b220cccbd017edd2c1fefb359320 -> 
  custom:audio-encoder-webm-vorbis: bf7c407c2cedff20999df2af8eb42d56 -> 
  custom:container-demuxer-ogg: 62fdf1f143b41e24485cea50d1cbac27 -> 
  custom:video-decoder-webm-vp8: 9c59270c3fd7afecdb556c50c9e8de78 -> 
  custom:audio-decoder-ogg-vorbis: bf7c407c2cedff20999df2af8eb42d56 -> 
========================================================================
Received Import Request.
  Time since last request: 302.241680 seconds.
  path: Assets/Scenes/MakingSoup.unity
  artifactKey: Guid(5b1986468e5684cb98d182afc11e80ea) Importer(815301076,1909f56bfc062723c751e8b465ee728b)
Start importing Assets/Scenes/MakingSoup.unity using Guid(5b1986468e5684cb98d182afc11e80ea) Importer(815301076,1909f56bfc062723c751e8b465ee728b)  -> (artifact id: '0073e324fc6c732e9b977b9d6e0df230') in 0.025815 seconds 
========================================================================
Received Prepare
Registering precompiled user dll's ...
Registered in 0.001790 seconds.
Begin MonoManager ReloadAssembly
Symbol file LoadedFromMemory doesn't match image /Users/chloefarr/Documents/GitHub/Unity/GrandmasPlayhouse/MakingSoup/Library/PackageCache/com.unity.visualscripting@1.7.6/Editor/VisualScripting.Core/Dependencies/YamlDotNet/Unity.VisualScripting.YamlDotNet.dll
Symbol file LoadedFromMemory doesn't match image /Users/chloefarr/Documents/GitHub/Unity/GrandmasPlayhouse/MakingSoup/Library/PackageCache/com.unity.visualscripting@1.7.6/Editor/VisualScripting.Core/Dependencies/DotNetZip/Unity.VisualScripting.IonicZip.dll
Native extension for OSXStandalone target not found
Native extension for WebGL target not found
Refreshing native plugins compatible for Editor in 0.59 ms, found 2 plugins.
Preloading 0 native plugins for Editor in 0.00 ms.
Mono: successfully reloaded assembly
- Completed reload, in  2.438 seconds
Domain Reload Profiling:
	ReloadAssembly (2440ms)
		BeginReloadAssembly (257ms)
			ExecutionOrderSort (0ms)
			DisableScriptedObjects (48ms)
			BackupInstance (0ms)
			ReleaseScriptingObjects (0ms)
			CreateAndSetChildDomain (63ms)
		EndReloadAssembly (1913ms)
			LoadAssemblies (107ms)
			RebuildTransferFunctionScriptingTraits (0ms)
			SetupTypeCache (324ms)
			ReleaseScriptCaches (1ms)
			RebuildScriptCaches (51ms)
			SetupLoadedEditorAssemblies (1194ms)
				LogAssemblyErrors (0ms)
				InitializePlatformSupportModulesInManaged (38ms)
				SetLoadedEditorAssemblies (2ms)
				RefreshPlugins (1ms)
				BeforeProcessingInitializeOnLoad (109ms)
				ProcessInitializeOnLoadAttributes (931ms)
				ProcessInitializeOnLoadMethodAttributes (113ms)
				AfterProcessingInitializeOnLoad (1ms)
				EditorAssembliesLoaded (0ms)
			ExecutionOrderSort2 (0ms)
			AwakeInstancesAfterBackupRestoration (38ms)
Platform modules already initialized, skipping
Refreshing native plugins compatible for Editor in 0.52 ms, found 2 plugins.
Preloading 0 native plugins for Editor in 0.00 ms.
Unloading 3104 Unused Serialized files (Serialized files now loaded: 0)
Unloading 18 unused Assets / (22.0 KB). Loaded Objects now: 3698.
Memory consumption went from 244.4 MB to 244.4 MB.
Total: 2.694584 ms (FindLiveObjects: 0.179334 ms CreateObjectMapping: 0.086042 ms MarkObjects: 2.407542 ms  DeleteObjects: 0.020792 ms)

AssetImportParameters requested are different than current active one (requested -> active):
  custom:video-decoder-ogg-theora: a1e56fd34408186e4bbccfd4996cb3dc -> 
  custom:container-muxer-webm: aa71ff27fc2769a1b78a27578f13a17b -> 
  custom:container-demuxer-webm: 4f35f7cbe854078d1ac9338744f61a02 -> 
  custom:video-encoder-webm-vp8: eb34c28f22e8b96e1ab97ce403110664 -> 
  custom:framework-osx-AVFoundation: e770b220cccbd017edd2c1fefb359320 -> 
  custom:audio-encoder-webm-vorbis: bf7c407c2cedff20999df2af8eb42d56 -> 
  custom:container-demuxer-ogg: 62fdf1f143b41e24485cea50d1cbac27 -> 
  custom:video-decoder-webm-vp8: 9c59270c3fd7afecdb556c50c9e8de78 -> 
  custom:audio-decoder-ogg-vorbis: bf7c407c2cedff20999df2af8eb42d56 -> 
========================================================================
Received Import Request.
  Time since last request: 85.690562 seconds.
  path: Assets/ScriptableObjects/Items/Soup/salt.asset
  artifactKey: Guid(e66225cb17c5e4c47859e4b9f5fb8138) Importer(815301076,1909f56bfc062723c751e8b465ee728b)
Start importing Assets/ScriptableObjects/Items/Soup/salt.asset using Guid(e66225cb17c5e4c47859e4b9f5fb8138) Importer(815301076,1909f56bfc062723c751e8b465ee728b)  -> (artifact id: '67a7205a82b24f7a12d4489de17b6c64') in 0.026664 seconds 
========================================================================
Received Import Request.
  Time since last request: 380.223776 seconds.
  path: Assets/Audio/Soup Audio/Item Audio
  artifactKey: Guid(f19fd404f40e04552af817082275b466) Importer(815301076,1909f56bfc062723c751e8b465ee728b)
Start importing Assets/Audio/Soup Audio/Item Audio using Guid(f19fd404f40e04552af817082275b466) Importer(815301076,1909f56bfc062723c751e8b465ee728b)  -> (artifact id: '898fc0961f5840226d16980ba4568ddc') in 0.001802 seconds 
========================================================================
Received Prepare
Registering precompiled user dll's ...
Registered in 0.001777 seconds.
Begin MonoManager ReloadAssembly
Symbol file LoadedFromMemory doesn't match image /Users/chloefarr/Documents/GitHub/Unity/GrandmasPlayhouse/MakingSoup/Library/PackageCache/com.unity.visualscripting@1.7.6/Editor/VisualScripting.Core/Dependencies/YamlDotNet/Unity.VisualScripting.YamlDotNet.dll
Symbol file LoadedFromMemory doesn't match image /Users/chloefarr/Documents/GitHub/Unity/GrandmasPlayhouse/MakingSoup/Library/PackageCache/com.unity.visualscripting@1.7.6/Editor/VisualScripting.Core/Dependencies/DotNetZip/Unity.VisualScripting.IonicZip.dll
Native extension for OSXStandalone target not found
Native extension for WebGL target not found
Refreshing native plugins compatible for Editor in 0.60 ms, found 2 plugins.
Preloading 0 native plugins for Editor in 0.00 ms.
Mono: successfully reloaded assembly
- Completed reload, in  2.385 seconds
Domain Reload Profiling:
	ReloadAssembly (2387ms)
		BeginReloadAssembly (249ms)
			ExecutionOrderSort (0ms)
			DisableScriptedObjects (44ms)
			BackupInstance (0ms)
			ReleaseScriptingObjects (0ms)
			CreateAndSetChildDomain (63ms)
		EndReloadAssembly (1876ms)
			LoadAssemblies (107ms)
			RebuildTransferFunctionScriptingTraits (0ms)
			SetupTypeCache (322ms)
			ReleaseScriptCaches (1ms)
			RebuildScriptCaches (52ms)
			SetupLoadedEditorAssemblies (1156ms)
				LogAssemblyErrors (0ms)
				InitializePlatformSupportModulesInManaged (37ms)
				SetLoadedEditorAssemblies (2ms)
				RefreshPlugins (1ms)
				BeforeProcessingInitializeOnLoad (109ms)
				ProcessInitializeOnLoadAttributes (900ms)
				ProcessInitializeOnLoadMethodAttributes (106ms)
				AfterProcessingInitializeOnLoad (1ms)
				EditorAssembliesLoaded (0ms)
			ExecutionOrderSort2 (0ms)
			AwakeInstancesAfterBackupRestoration (39ms)
Platform modules already initialized, skipping
Refreshing native plugins compatible for Editor in 0.46 ms, found 2 plugins.
Preloading 0 native plugins for Editor in 0.00 ms.
Unloading 3104 Unused Serialized files (Serialized files now loaded: 0)
Unloading 18 unused Assets / (21.9 KB). Loaded Objects now: 3700.
Memory consumption went from 244.6 MB to 244.6 MB.
Total: 2.950917 ms (FindLiveObjects: 0.177000 ms CreateObjectMapping: 0.083000 ms MarkObjects: 2.673375 ms  DeleteObjects: 0.016417 ms)

AssetImportParameters requested are different than current active one (requested -> active):
  custom:video-decoder-ogg-theora: a1e56fd34408186e4bbccfd4996cb3dc -> 
  custom:container-muxer-webm: aa71ff27fc2769a1b78a27578f13a17b -> 
  custom:container-demuxer-webm: 4f35f7cbe854078d1ac9338744f61a02 -> 
  custom:video-encoder-webm-vp8: eb34c28f22e8b96e1ab97ce403110664 -> 
  custom:framework-osx-AVFoundation: e770b220cccbd017edd2c1fefb359320 -> 
  custom:audio-encoder-webm-vorbis: bf7c407c2cedff20999df2af8eb42d56 -> 
  custom:container-demuxer-ogg: 62fdf1f143b41e24485cea50d1cbac27 -> 
  custom:video-decoder-webm-vp8: 9c59270c3fd7afecdb556c50c9e8de78 -> 
  custom:audio-decoder-ogg-vorbis: bf7c407c2cedff20999df2af8eb42d56 -> 
========================================================================
Received Prepare
Registering precompiled user dll's ...
Registered in 0.001951 seconds.
Begin MonoManager ReloadAssembly
Symbol file LoadedFromMemory doesn't match image /Users/chloefarr/Documents/GitHub/Unity/GrandmasPlayhouse/MakingSoup/Library/PackageCache/com.unity.visualscripting@1.7.6/Editor/VisualScripting.Core/Dependencies/YamlDotNet/Unity.VisualScripting.YamlDotNet.dll
Symbol file LoadedFromMemory doesn't match image /Users/chloefarr/Documents/GitHub/Unity/GrandmasPlayhouse/MakingSoup/Library/PackageCache/com.unity.visualscripting@1.7.6/Editor/VisualScripting.Core/Dependencies/DotNetZip/Unity.VisualScripting.IonicZip.dll
Native extension for OSXStandalone target not found
Native extension for WebGL target not found
Refreshing native plugins compatible for Editor in 0.50 ms, found 2 plugins.
Preloading 0 native plugins for Editor in 0.00 ms.
Mono: successfully reloaded assembly
- Completed reload, in  2.460 seconds
Domain Reload Profiling:
	ReloadAssembly (2462ms)
		BeginReloadAssembly (253ms)
			ExecutionOrderSort (0ms)
			DisableScriptedObjects (48ms)
			BackupInstance (0ms)
			ReleaseScriptingObjects (0ms)
			CreateAndSetChildDomain (59ms)
		EndReloadAssembly (1909ms)
			LoadAssemblies (105ms)
			RebuildTransferFunctionScriptingTraits (0ms)
			SetupTypeCache (322ms)
			ReleaseScriptCaches (1ms)
			RebuildScriptCaches (52ms)
			SetupLoadedEditorAssemblies (1191ms)
				LogAssemblyErrors (0ms)
				InitializePlatformSupportModulesInManaged (35ms)
				SetLoadedEditorAssemblies (2ms)
				RefreshPlugins (1ms)
				BeforeProcessingInitializeOnLoad (107ms)
				ProcessInitializeOnLoadAttributes (931ms)
				ProcessInitializeOnLoadMethodAttributes (114ms)
				AfterProcessingInitializeOnLoad (1ms)
				EditorAssembliesLoaded (0ms)
			ExecutionOrderSort2 (0ms)
			AwakeInstancesAfterBackupRestoration (40ms)
Platform modules already initialized, skipping
Refreshing native plugins compatible for Editor in 0.55 ms, found 2 plugins.
Preloading 0 native plugins for Editor in 0.00 ms.
Unloading 3104 Unused Serialized files (Serialized files now loaded: 0)
Unloading 18 unused Assets / (22.0 KB). Loaded Objects now: 3702.
Memory consumption went from 244.8 MB to 244.8 MB.
Total: 2.727000 ms (FindLiveObjects: 0.201125 ms CreateObjectMapping: 0.093250 ms MarkObjects: 2.411250 ms  DeleteObjects: 0.019791 ms)

AssetImportParameters requested are different than current active one (requested -> active):
  custom:video-decoder-ogg-theora: a1e56fd34408186e4bbccfd4996cb3dc -> 
  custom:container-muxer-webm: aa71ff27fc2769a1b78a27578f13a17b -> 
  custom:container-demuxer-webm: 4f35f7cbe854078d1ac9338744f61a02 -> 
  custom:video-encoder-webm-vp8: eb34c28f22e8b96e1ab97ce403110664 -> 
  custom:framework-osx-AVFoundation: e770b220cccbd017edd2c1fefb359320 -> 
  custom:audio-encoder-webm-vorbis: bf7c407c2cedff20999df2af8eb42d56 -> 
  custom:container-demuxer-ogg: 62fdf1f143b41e24485cea50d1cbac27 -> 
  custom:video-decoder-webm-vp8: 9c59270c3fd7afecdb556c50c9e8de78 -> 
  custom:audio-decoder-ogg-vorbis: bf7c407c2cedff20999df2af8eb42d56 -> 
========================================================================
Received Import Request.
  Time since last request: 398.221507 seconds.
  path: Assets/Art/Soup Art/Layer Art/layer_potato.png
  artifactKey: Guid(abc0e63c641044491a1beb3cddaba601) Importer(815301076,1909f56bfc062723c751e8b465ee728b)
Start importing Assets/Art/Soup Art/Layer Art/layer_potato.png using Guid(abc0e63c641044491a1beb3cddaba601) Importer(815301076,1909f56bfc062723c751e8b465ee728b)  -> (artifact id: 'a0367e8bae3bdb471c4eba7b71e4c5ae') in 0.141947 seconds 
========================================================================
Received Import Request.
  Time since last request: 11.371897 seconds.
  path: Assets/ScriptableObjects/Items/Soup/potato.asset
  artifactKey: Guid(fc2105aac6cac464a82d3eb6cfdeca7a) Importer(815301076,1909f56bfc062723c751e8b465ee728b)
Start importing Assets/ScriptableObjects/Items/Soup/potato.asset using Guid(fc2105aac6cac464a82d3eb6cfdeca7a) Importer(815301076,1909f56bfc062723c751e8b465ee728b)  -> (artifact id: '4f1eadb5ee2b69aa43194cbe9a549d86') in 0.004163 seconds 
========================================================================
Received Import Request.
  Time since last request: 15.053699 seconds.
  path: Assets/ScriptableObjects/Items/Soup/flour.asset
  artifactKey: Guid(87944e0bff8fa4673bf4cdd18473d503) Importer(815301076,1909f56bfc062723c751e8b465ee728b)
Start importing Assets/ScriptableObjects/Items/Soup/flour.asset using Guid(87944e0bff8fa4673bf4cdd18473d503) Importer(815301076,1909f56bfc062723c751e8b465ee728b)  -> (artifact id: '8529bebf72a8e704fbd95a81126ff7a7') in 0.003072 seconds 
========================================================================
Received Prepare
Registering precompiled user dll's ...
Registered in 0.001695 seconds.
Begin MonoManager ReloadAssembly
Symbol file LoadedFromMemory doesn't match image /Users/chloefarr/Documents/GitHub/Unity/GrandmasPlayhouse/MakingSoup/Library/PackageCache/com.unity.visualscripting@1.7.6/Editor/VisualScripting.Core/Dependencies/YamlDotNet/Unity.VisualScripting.YamlDotNet.dll
Symbol file LoadedFromMemory doesn't match image /Users/chloefarr/Documents/GitHub/Unity/GrandmasPlayhouse/MakingSoup/Library/PackageCache/com.unity.visualscripting@1.7.6/Editor/VisualScripting.Core/Dependencies/DotNetZip/Unity.VisualScripting.IonicZip.dll
Native extension for OSXStandalone target not found
Native extension for WebGL target not found
Refreshing native plugins compatible for Editor in 0.58 ms, found 2 plugins.
Preloading 0 native plugins for Editor in 0.00 ms.
Mono: successfully reloaded assembly
- Completed reload, in  2.411 seconds
Domain Reload Profiling:
	ReloadAssembly (2412ms)
		BeginReloadAssembly (266ms)
			ExecutionOrderSort (0ms)
			DisableScriptedObjects (51ms)
			BackupInstance (0ms)
			ReleaseScriptingObjects (0ms)
			CreateAndSetChildDomain (67ms)
		EndReloadAssembly (1875ms)
			LoadAssemblies (106ms)
			RebuildTransferFunctionScriptingTraits (0ms)
			SetupTypeCache (324ms)
			ReleaseScriptCaches (1ms)
			RebuildScriptCaches (52ms)
			SetupLoadedEditorAssemblies (1159ms)
				LogAssemblyErrors (0ms)
				InitializePlatformSupportModulesInManaged (36ms)
				SetLoadedEditorAssemblies (2ms)
				RefreshPlugins (1ms)
				BeforeProcessingInitializeOnLoad (110ms)
				ProcessInitializeOnLoadAttributes (906ms)
				ProcessInitializeOnLoadMethodAttributes (103ms)
				AfterProcessingInitializeOnLoad (1ms)
				EditorAssembliesLoaded (0ms)
			ExecutionOrderSort2 (0ms)
			AwakeInstancesAfterBackupRestoration (37ms)
Platform modules already initialized, skipping
Refreshing native plugins compatible for Editor in 0.53 ms, found 2 plugins.
Preloading 0 native plugins for Editor in 0.00 ms.
Unloading 3105 Unused Serialized files (Serialized files now loaded: 0)
Unloading 18 unused Assets / (21.9 KB). Loaded Objects now: 3722.
Memory consumption went from 245.6 MB to 245.6 MB.
Total: 2.734083 ms (FindLiveObjects: 0.203167 ms CreateObjectMapping: 0.088625 ms MarkObjects: 2.425167 ms  DeleteObjects: 0.016000 ms)

AssetImportParameters requested are different than current active one (requested -> active):
  custom:video-decoder-ogg-theora: a1e56fd34408186e4bbccfd4996cb3dc -> 
  custom:container-muxer-webm: aa71ff27fc2769a1b78a27578f13a17b -> 
  custom:container-demuxer-webm: 4f35f7cbe854078d1ac9338744f61a02 -> 
  custom:video-encoder-webm-vp8: eb34c28f22e8b96e1ab97ce403110664 -> 
  custom:framework-osx-AVFoundation: e770b220cccbd017edd2c1fefb359320 -> 
  custom:audio-encoder-webm-vorbis: bf7c407c2cedff20999df2af8eb42d56 -> 
  custom:container-demuxer-ogg: 62fdf1f143b41e24485cea50d1cbac27 -> 
  custom:video-decoder-webm-vp8: 9c59270c3fd7afecdb556c50c9e8de78 -> 
  custom:audio-decoder-ogg-vorbis: bf7c407c2cedff20999df2af8eb42d56 -> 
========================================================================
Received Import Request.
  Time since last request: 72.140375 seconds.
  path: Assets/Scenes/Home.unity
  artifactKey: Guid(3db987f7f86ad448db82839ca8d7ec3d) Importer(815301076,1909f56bfc062723c751e8b465ee728b)
Start importing Assets/Scenes/Home.unity using Guid(3db987f7f86ad448db82839ca8d7ec3d) Importer(815301076,1909f56bfc062723c751e8b465ee728b)  -> (artifact id: '9f1f73d77789d187c2fbad3daf8da789') in 0.025045 seconds 
========================================================================
Received Prepare
Refreshing native plugins compatible for Editor in 1.67 ms, found 2 plugins.
Preloading 0 native plugins for Editor in 0.00 ms.
Unloading 16 Unused Serialized files (Serialized files now loaded: 0)
Unloading 16 unused Assets / (21.9 KB). Loaded Objects now: 3722.
Memory consumption went from 184.2 MB to 184.2 MB.
Total: 3.142708 ms (FindLiveObjects: 0.244458 ms CreateObjectMapping: 0.085833 ms MarkObjects: 2.798166 ms  DeleteObjects: 0.013458 ms)

AssetImportParameters requested are different than current active one (requested -> active):
  custom:video-decoder-ogg-theora: a1e56fd34408186e4bbccfd4996cb3dc -> 
  custom:container-muxer-webm: aa71ff27fc2769a1b78a27578f13a17b -> 
  custom:container-demuxer-webm: 4f35f7cbe854078d1ac9338744f61a02 -> 
  custom:video-encoder-webm-vp8: eb34c28f22e8b96e1ab97ce403110664 -> 
  custom:framework-osx-AVFoundation: e770b220cccbd017edd2c1fefb359320 -> 
  custom:audio-encoder-webm-vorbis: bf7c407c2cedff20999df2af8eb42d56 -> 
  custom:container-demuxer-ogg: 62fdf1f143b41e24485cea50d1cbac27 -> 
  custom:video-decoder-webm-vp8: 9c59270c3fd7afecdb556c50c9e8de78 -> 
  custom:audio-decoder-ogg-vorbis: bf7c407c2cedff20999df2af8eb42d56 -> 
========================================================================
Received Prepare
Refreshing native plugins compatible for Editor in 1.61 ms, found 2 plugins.
Preloading 0 native plugins for Editor in 0.00 ms.
Unloading 16 Unused Serialized files (Serialized files now loaded: 0)
Unloading 16 unused Assets / (21.9 KB). Loaded Objects now: 3722.
Memory consumption went from 184.2 MB to 184.2 MB.
Total: 3.068667 ms (FindLiveObjects: 0.223584 ms CreateObjectMapping: 0.083458 ms MarkObjects: 2.746083 ms  DeleteObjects: 0.014708 ms)

AssetImportParameters requested are different than current active one (requested -> active):
  custom:video-decoder-ogg-theora: a1e56fd34408186e4bbccfd4996cb3dc -> 
  custom:container-muxer-webm: aa71ff27fc2769a1b78a27578f13a17b -> 
  custom:container-demuxer-webm: 4f35f7cbe854078d1ac9338744f61a02 -> 
  custom:video-encoder-webm-vp8: eb34c28f22e8b96e1ab97ce403110664 -> 
  custom:framework-osx-AVFoundation: e770b220cccbd017edd2c1fefb359320 -> 
  custom:audio-encoder-webm-vorbis: bf7c407c2cedff20999df2af8eb42d56 -> 
  custom:container-demuxer-ogg: 62fdf1f143b41e24485cea50d1cbac27 -> 
  custom:video-decoder-webm-vp8: 9c59270c3fd7afecdb556c50c9e8de78 -> 
  custom:audio-decoder-ogg-vorbis: bf7c407c2cedff20999df2af8eb42d56 -> 
========================================================================
Received Prepare
Registering precompiled user dll's ...
Registered in 0.001993 seconds.
Begin MonoManager ReloadAssembly
Symbol file LoadedFromMemory doesn't match image /Users/chloefarr/Documents/GitHub/Unity/GrandmasPlayhouse/MakingSoup/Library/PackageCache/com.unity.visualscripting@1.7.6/Editor/VisualScripting.Core/Dependencies/YamlDotNet/Unity.VisualScripting.YamlDotNet.dll
Symbol file LoadedFromMemory doesn't match image /Users/chloefarr/Documents/GitHub/Unity/GrandmasPlayhouse/MakingSoup/Library/PackageCache/com.unity.visualscripting@1.7.6/Editor/VisualScripting.Core/Dependencies/DotNetZip/Unity.VisualScripting.IonicZip.dll
Native extension for OSXStandalone target not found
Native extension for WebGL target not found
Refreshing native plugins compatible for Editor in 0.60 ms, found 2 plugins.
Preloading 0 native plugins for Editor in 0.00 ms.
Mono: successfully reloaded assembly
- Completed reload, in  2.499 seconds
Domain Reload Profiling:
	ReloadAssembly (2501ms)
		BeginReloadAssembly (261ms)
			ExecutionOrderSort (0ms)
			DisableScriptedObjects (48ms)
			BackupInstance (0ms)
			ReleaseScriptingObjects (0ms)
			CreateAndSetChildDomain (64ms)
		EndReloadAssembly (1974ms)
			LoadAssemblies (107ms)
			RebuildTransferFunctionScriptingTraits (0ms)
			SetupTypeCache (323ms)
			ReleaseScriptCaches (1ms)
			RebuildScriptCaches (53ms)
			SetupLoadedEditorAssemblies (1251ms)
				LogAssemblyErrors (0ms)
				InitializePlatformSupportModulesInManaged (37ms)
				SetLoadedEditorAssemblies (2ms)
				RefreshPlugins (1ms)
				BeforeProcessingInitializeOnLoad (113ms)
				ProcessInitializeOnLoadAttributes (974ms)
				ProcessInitializeOnLoadMethodAttributes (124ms)
				AfterProcessingInitializeOnLoad (1ms)
				EditorAssembliesLoaded (0ms)
			ExecutionOrderSort2 (0ms)
			AwakeInstancesAfterBackupRestoration (42ms)
Platform modules already initialized, skipping
Refreshing native plugins compatible for Editor in 0.56 ms, found 2 plugins.
Preloading 0 native plugins for Editor in 0.00 ms.
Unloading 3104 Unused Serialized files (Serialized files now loaded: 0)
Unloading 18 unused Assets / (22.0 KB). Loaded Objects now: 3724.
Memory consumption went from 245.7 MB to 245.7 MB.
Total: 2.780000 ms (FindLiveObjects: 0.168291 ms CreateObjectMapping: 0.083584 ms MarkObjects: 2.508459 ms  DeleteObjects: 0.018458 ms)

AssetImportParameters requested are different than current active one (requested -> active):
  custom:video-decoder-ogg-theora: a1e56fd34408186e4bbccfd4996cb3dc -> 
  custom:container-muxer-webm: aa71ff27fc2769a1b78a27578f13a17b -> 
  custom:container-demuxer-webm: 4f35f7cbe854078d1ac9338744f61a02 -> 
  custom:video-encoder-webm-vp8: eb34c28f22e8b96e1ab97ce403110664 -> 
  custom:framework-osx-AVFoundation: e770b220cccbd017edd2c1fefb359320 -> 
  custom:audio-encoder-webm-vorbis: bf7c407c2cedff20999df2af8eb42d56 -> 
  custom:container-demuxer-ogg: 62fdf1f143b41e24485cea50d1cbac27 -> 
  custom:video-decoder-webm-vp8: 9c59270c3fd7afecdb556c50c9e8de78 -> 
  custom:audio-decoder-ogg-vorbis: bf7c407c2cedff20999df2af8eb42d56 -> 
========================================================================
Received Prepare
Refreshing native plugins compatible for Editor in 2.15 ms, found 2 plugins.
Preloading 0 native plugins for Editor in 0.00 ms.
Unloading 16 Unused Serialized files (Serialized files now loaded: 0)
Unloading 16 unused Assets / (21.9 KB). Loaded Objects now: 3724.
Memory consumption went from 184.0 MB to 183.9 MB.
Total: 3.063333 ms (FindLiveObjects: 0.215125 ms CreateObjectMapping: 0.089292 ms MarkObjects: 2.737416 ms  DeleteObjects: 0.020708 ms)

AssetImportParameters requested are different than current active one (requested -> active):
  custom:video-decoder-ogg-theora: a1e56fd34408186e4bbccfd4996cb3dc -> 
  custom:container-muxer-webm: aa71ff27fc2769a1b78a27578f13a17b -> 
  custom:container-demuxer-webm: 4f35f7cbe854078d1ac9338744f61a02 -> 
  custom:video-encoder-webm-vp8: eb34c28f22e8b96e1ab97ce403110664 -> 
  custom:framework-osx-AVFoundation: e770b220cccbd017edd2c1fefb359320 -> 
  custom:audio-encoder-webm-vorbis: bf7c407c2cedff20999df2af8eb42d56 -> 
  custom:container-demuxer-ogg: 62fdf1f143b41e24485cea50d1cbac27 -> 
  custom:video-decoder-webm-vp8: 9c59270c3fd7afecdb556c50c9e8de78 -> 
  custom:audio-decoder-ogg-vorbis: bf7c407c2cedff20999df2af8eb42d56 -> 
========================================================================
Received Import Request.
  Time since last request: 319.745638 seconds.
  path: Assets/ScriptableObjects/Items/SetTheTable
  artifactKey: Guid(32cfdf7eea81740dc94f635bda7edca0) Importer(815301076,1909f56bfc062723c751e8b465ee728b)
Start importing Assets/ScriptableObjects/Items/SetTheTable using Guid(32cfdf7eea81740dc94f635bda7edca0) Importer(815301076,1909f56bfc062723c751e8b465ee728b)  -> (artifact id: '2bde46d24c1862196b6e8ac02e1cb0fa') in 0.003514 seconds 
