Unity Editor version:    2021.2.9f1 (921b45a28ab6)
Branch:                  2021.2/staging
Build type:              Release
Batch mode:              YES
macOS version:           Version 13.0 (Build 22A380)
Darwin version:          22.1.0
Architecture:            x86_64
Running under Rosetta:   YES
Available memory:        32768 MB
Using pre-set license
Pro License: NO

COMMAND LINE ARGUMENTS:
/Applications/Unity/Hub/Editor/2021.2.9f1/Unity.app/Contents/MacOS/Unity
-adb2
-batchMode
-noUpm
-name
AssetImportWorker0
-projectPath
/Users/chloefarr/Documents/GitHub/Unity/GrandmasPlayhouse/Boy-DressupOutside
-logFile
Logs/AssetImportWorker0.log
-srvPort
50410
Successfully changed project path to: /Users/chloefarr/Documents/GitHub/Unity/GrandmasPlayhouse/Boy-DressupOutside
/Users/chloefarr/Documents/GitHub/Unity/GrandmasPlayhouse/Boy-DressupOutside
[UnityMemory] Configuration Parameters - Can be set up in boot.config
    "memorysetup-bucket-allocator-granularity=16"
    "memorysetup-bucket-allocator-bucket-count=8"
    "memorysetup-bucket-allocator-block-size=33554432"
    "memorysetup-bucket-allocator-block-count=8"
    "memorysetup-main-allocator-block-size=16777216"
    "memorysetup-thread-allocator-block-size=16777216"
    "memorysetup-gfx-main-allocator-block-size=16777216"
    "memorysetup-gfx-thread-allocator-block-size=16777216"
    "memorysetup-cache-allocator-block-size=4194304"
    "memorysetup-typetree-allocator-block-size=2097152"
    "memorysetup-profiler-bucket-allocator-granularity=16"
    "memorysetup-profiler-bucket-allocator-bucket-count=8"
    "memorysetup-profiler-bucket-allocator-block-size=33554432"
    "memorysetup-profiler-bucket-allocator-block-count=8"
    "memorysetup-profiler-allocator-block-size=16777216"
    "memorysetup-profiler-editor-allocator-block-size=1048576"
    "memorysetup-temp-allocator-size-main=16777216"
    "memorysetup-job-temp-allocator-block-size=2097152"
    "memorysetup-job-temp-allocator-block-size-background=1048576"
    "memorysetup-job-temp-allocator-reduction-small-platforms=262144"
    "memorysetup-temp-allocator-size-background-worker=32768"
    "memorysetup-temp-allocator-size-job-worker=262144"
    "memorysetup-temp-allocator-size-preload-manager=33554432"
    "memorysetup-temp-allocator-size-nav-mesh-worker=65536"
    "memorysetup-temp-allocator-size-audio-worker=65536"
    "memorysetup-temp-allocator-size-cloud-worker=32768"
    "memorysetup-temp-allocator-size-gi-baking-worker=262144"
    "memorysetup-temp-allocator-size-gfx=262144"
Refreshing native plugins compatible for Editor in 98.86 ms, found 2 plugins.
Preloading 0 native plugins for Editor in 0.00 ms.
Initialize engine version: 2021.2.9f1 (921b45a28ab6)
[Subsystems] Discovering subsystems at path /Applications/Unity/Hub/Editor/2021.2.9f1/Unity.app/Contents/Resources/UnitySubsystems
[Subsystems] Discovering subsystems at path /Users/chloefarr/Documents/GitHub/Unity/GrandmasPlayhouse/Boy-DressupOutside/Assets
GfxDevice: creating device client; threaded=0; jobified=0
 preferred device: Apple M1 Pro (high power)
Metal devices available: 1
0: Apple M1 Pro (high power)
Using device Apple M1 Pro (high power)
Initializing Metal device caps: Apple M1 Pro
Initialize mono
Mono path[0] = '/Applications/Unity/Hub/Editor/2021.2.9f1/Unity.app/Contents/Managed'
Mono path[1] = '/Applications/Unity/Hub/Editor/2021.2.9f1/Unity.app/Contents/MonoBleedingEdge/lib/mono/unityjit-macos'
Mono config path = '/Applications/Unity/Hub/Editor/2021.2.9f1/Unity.app/Contents/MonoBleedingEdge/etc'
Using monoOptions --debugger-agent=transport=dt_socket,embedding=1,server=y,suspend=n,address=127.0.0.1:56801
Begin MonoManager ReloadAssembly
Registering precompiled unity dll's ...
Register platform support module: /Applications/Unity/Hub/Editor/2021.2.9f1/PlaybackEngines/WebGLSupport/UnityEditor.WebGL.Extensions.dll
Register platform support module: /Applications/Unity/Hub/Editor/2021.2.9f1/Unity.app/Contents/PlaybackEngines/MacStandaloneSupport/UnityEditor.OSXStandalone.Extensions.dll
Registered in 0.002556 seconds.
Native extension for OSXStandalone target not found
Native extension for WebGL target not found
Refreshing native plugins compatible for Editor in 96.17 ms, found 2 plugins.
Preloading 0 native plugins for Editor in 0.00 ms.
Mono: successfully reloaded assembly
- Completed reload, in  1.369 seconds
Domain Reload Profiling:
	ReloadAssembly (1370ms)
		BeginReloadAssembly (136ms)
			ExecutionOrderSort (0ms)
			DisableScriptedObjects (0ms)
			BackupInstance (0ms)
			ReleaseScriptingObjects (0ms)
			CreateAndSetChildDomain (3ms)
		EndReloadAssembly (1104ms)
			LoadAssemblies (134ms)
			RebuildTransferFunctionScriptingTraits (0ms)
			SetupTypeCache (109ms)
			ReleaseScriptCaches (0ms)
			RebuildScriptCaches (33ms)
			SetupLoadedEditorAssemblies (819ms)
				LogAssemblyErrors (0ms)
				InitializePlatformSupportModulesInManaged (41ms)
				SetLoadedEditorAssemblies (0ms)
				RefreshPlugins (96ms)
				BeforeProcessingInitializeOnLoad (4ms)
				ProcessInitializeOnLoadAttributes (513ms)
				ProcessInitializeOnLoadMethodAttributes (165ms)
				AfterProcessingInitializeOnLoad (0ms)
				EditorAssembliesLoaded (0ms)
			ExecutionOrderSort2 (0ms)
			AwakeInstancesAfterBackupRestoration (0ms)
Platform modules already initialized, skipping
Registering precompiled user dll's ...
Registered in 0.006229 seconds.
Begin MonoManager ReloadAssembly
Symbol file LoadedFromMemory doesn't match image /Users/chloefarr/Documents/GitHub/Unity/GrandmasPlayhouse/Boy-DressupOutside/Library/PackageCache/com.unity.visualscripting@1.7.6/Editor/VisualScripting.Core/Dependencies/YamlDotNet/Unity.VisualScripting.YamlDotNet.dll
Symbol file LoadedFromMemory doesn't match image /Users/chloefarr/Documents/GitHub/Unity/GrandmasPlayhouse/Boy-DressupOutside/Library/PackageCache/com.unity.visualscripting@1.7.6/Editor/VisualScripting.Core/Dependencies/DotNetZip/Unity.VisualScripting.IonicZip.dll
Native extension for OSXStandalone target not found
Native extension for WebGL target not found
Refreshing native plugins compatible for Editor in 0.59 ms, found 2 plugins.
Preloading 0 native plugins for Editor in 0.00 ms.
Mono: successfully reloaded assembly
- Completed reload, in  2.165 seconds
Domain Reload Profiling:
	ReloadAssembly (2168ms)
		BeginReloadAssembly (213ms)
			ExecutionOrderSort (0ms)
			DisableScriptedObjects (42ms)
			BackupInstance (0ms)
			ReleaseScriptingObjects (0ms)
			CreateAndSetChildDomain (18ms)
		EndReloadAssembly (1737ms)
			LoadAssemblies (113ms)
			RebuildTransferFunctionScriptingTraits (0ms)
			SetupTypeCache (259ms)
			ReleaseScriptCaches (1ms)
			RebuildScriptCaches (52ms)
			SetupLoadedEditorAssemblies (1148ms)
				LogAssemblyErrors (0ms)
				InitializePlatformSupportModulesInManaged (32ms)
				SetLoadedEditorAssemblies (1ms)
				RefreshPlugins (1ms)
				BeforeProcessingInitializeOnLoad (130ms)
				ProcessInitializeOnLoadAttributes (886ms)
				ProcessInitializeOnLoadMethodAttributes (96ms)
				AfterProcessingInitializeOnLoad (1ms)
				EditorAssembliesLoaded (0ms)
			ExecutionOrderSort2 (0ms)
			AwakeInstancesAfterBackupRestoration (10ms)
Platform modules already initialized, skipping
========================================================================
Worker process is ready to serve import requests
Launching external process: /Applications/Unity/Hub/Editor/2021.2.9f1/Unity.app/Contents/Tools/UnityShaderCompiler
Launched and connected shader compiler UnityShaderCompiler after 0.09 seconds
Refreshing native plugins compatible for Editor in 0.70 ms, found 2 plugins.
Preloading 0 native plugins for Editor in 0.00 ms.
Unloading 3244 Unused Serialized files (Serialized files now loaded: 0)
Unloading 26 unused Assets / (83.6 KB). Loaded Objects now: 3701.
Memory consumption went from 104.9 MB to 104.8 MB.
Total: 3.098250 ms (FindLiveObjects: 0.180250 ms CreateObjectMapping: 0.080125 ms MarkObjects: 2.714250 ms  DeleteObjects: 0.122167 ms)

AssetImportParameters requested are different than current active one (requested -> active):
  custom:video-decoder-ogg-theora: a1e56fd34408186e4bbccfd4996cb3dc -> 
  custom:container-muxer-webm: aa71ff27fc2769a1b78a27578f13a17b -> 
  custom:container-demuxer-webm: 4f35f7cbe854078d1ac9338744f61a02 -> 
  custom:video-encoder-webm-vp8: eb34c28f22e8b96e1ab97ce403110664 -> 
  custom:framework-osx-AVFoundation: e770b220cccbd017edd2c1fefb359320 -> 
  custom:audio-encoder-webm-vorbis: bf7c407c2cedff20999df2af8eb42d56 -> 
  custom:container-demuxer-ogg: 62fdf1f143b41e24485cea50d1cbac27 -> 
  custom:video-decoder-webm-vp8: 9c59270c3fd7afecdb556c50c9e8de78 -> 
  custom:audio-decoder-ogg-vorbis: bf7c407c2cedff20999df2af8eb42d56 -> 
========================================================================
Received Import Request.
  Time since last request: 4809.599158 seconds.
  path: Assets/Prefabs/Dressup Items/sweater.prefab
  artifactKey: Guid(2fcb6af5b899a44849852582e95f5d3a) Importer(815301076,1909f56bfc062723c751e8b465ee728b)
Start importing Assets/Prefabs/Dressup Items/sweater.prefab using Guid(2fcb6af5b899a44849852582e95f5d3a) Importer(815301076,1909f56bfc062723c751e8b465ee728b)  -> (artifact id: '1d1facb24625baf0c6d4faa34a4301f0') in 0.833786 seconds 
========================================================================
Received Import Request.
  Time since last request: 159.190828 seconds.
  path: Assets/Art/Dressup Art/Layer Art/DressForOutside-layer-jacket.png
  artifactKey: Guid(50d1eb3db33464a15a408ee33215c93a) Importer(815301076,1909f56bfc062723c751e8b465ee728b)
Start importing Assets/Art/Dressup Art/Layer Art/DressForOutside-layer-jacket.png using Guid(50d1eb3db33464a15a408ee33215c93a) Importer(815301076,1909f56bfc062723c751e8b465ee728b)  -> (artifact id: 'eb83ca5610e35d67c4df0ad54a86cb69') in 0.727817 seconds 
========================================================================
Received Import Request.
  Time since last request: 5.177937 seconds.
  path: Assets/Art/Dressup Art/Layer Art/DressForOutside-layer-jacket.png
  artifactKey: Guid(50d1eb3db33464a15a408ee33215c93a) Importer(815301076,1909f56bfc062723c751e8b465ee728b)
Start importing Assets/Art/Dressup Art/Layer Art/DressForOutside-layer-jacket.png using Guid(50d1eb3db33464a15a408ee33215c93a) Importer(815301076,1909f56bfc062723c751e8b465ee728b)  -> (artifact id: '16a33e6f4e9ab6f719df9a825e8ca2b5') in 0.097136 seconds 
========================================================================
Received Import Request.
  Time since last request: 3.376195 seconds.
  path: Assets/Art/Dressup Art/Tile Art/DressForOutside-tile-jacket.png
  artifactKey: Guid(1e8480e0969ee478c958878f726dfe1b) Importer(815301076,1909f56bfc062723c751e8b465ee728b)
Start importing Assets/Art/Dressup Art/Tile Art/DressForOutside-tile-jacket.png using Guid(1e8480e0969ee478c958878f726dfe1b) Importer(815301076,1909f56bfc062723c751e8b465ee728b)  -> (artifact id: '32c4f18a7a93a2176e5d89efb347e7e2') in 0.008233 seconds 
========================================================================
Received Import Request.
  Time since last request: 4.667183 seconds.
  path: Assets/Art/Dressup Art/Tile Art/DressForOutside-tile-jacket.png
  artifactKey: Guid(1e8480e0969ee478c958878f726dfe1b) Importer(815301076,1909f56bfc062723c751e8b465ee728b)
Start importing Assets/Art/Dressup Art/Tile Art/DressForOutside-tile-jacket.png using Guid(1e8480e0969ee478c958878f726dfe1b) Importer(815301076,1909f56bfc062723c751e8b465ee728b)  -> (artifact id: 'f3c49e3703165e7053c9441f9d5fb6b1') in 0.014021 seconds 
========================================================================
Received Import Request.
  Time since last request: 7.938119 seconds.
  path: Assets/Prefabs/Dressup Items/coat.prefab
  artifactKey: Guid(2fcb6af5b899a44849852582e95f5d3a) Importer(815301076,1909f56bfc062723c751e8b465ee728b)
Start importing Assets/Prefabs/Dressup Items/coat.prefab using Guid(2fcb6af5b899a44849852582e95f5d3a) Importer(815301076,1909f56bfc062723c751e8b465ee728b)  -> (artifact id: '1137ddbe0e3561e3490b812444aad224') in 0.028007 seconds 
========================================================================
Received Import Request.
  Time since last request: 9.313714 seconds.
  path: Assets/ScriptableObjects/Items/Dressup/coat.asset
  artifactKey: Guid(b863f923c0a354164941eca7b162b486) Importer(815301076,1909f56bfc062723c751e8b465ee728b)
Start importing Assets/ScriptableObjects/Items/Dressup/coat.asset using Guid(b863f923c0a354164941eca7b162b486) Importer(815301076,1909f56bfc062723c751e8b465ee728b)  -> (artifact id: 'de2bca54d62ed2dc8c268c6e0f578032') in 0.056381 seconds 
========================================================================
Received Import Request.
  Time since last request: 21.522257 seconds.
  path: Assets/ScriptableObjects/Items/Dressup/coat.asset
  artifactKey: Guid(b863f923c0a354164941eca7b162b486) Importer(815301076,1909f56bfc062723c751e8b465ee728b)
Start importing Assets/ScriptableObjects/Items/Dressup/coat.asset using Guid(b863f923c0a354164941eca7b162b486) Importer(815301076,1909f56bfc062723c751e8b465ee728b)  -> (artifact id: '77c512a6cabe0687066de63f67c9bee5') in 0.002255 seconds 
========================================================================
Received Import Request.
  Time since last request: 448.551042 seconds.
  path: Assets/Scenes/Home.unity
  artifactKey: Guid(3db987f7f86ad448db82839ca8d7ec3d) Importer(815301076,1909f56bfc062723c751e8b465ee728b)
Start importing Assets/Scenes/Home.unity using Guid(3db987f7f86ad448db82839ca8d7ec3d) Importer(815301076,1909f56bfc062723c751e8b465ee728b)  -> (artifact id: 'c43aa50991ebee8dd2e8a1330259c16d') in 0.001728 seconds 
========================================================================
Received Import Request.
  Time since last request: 0.501760 seconds.
  path: Assets/Scenes/Dressup.unity
  artifactKey: Guid(5b1986468e5684cb98d182afc11e80ea) Importer(815301076,1909f56bfc062723c751e8b465ee728b)
Start importing Assets/Scenes/Dressup.unity using Guid(5b1986468e5684cb98d182afc11e80ea) Importer(815301076,1909f56bfc062723c751e8b465ee728b)  -> (artifact id: '4db34e26084544a80b2d0abfb49aa2c0') in 0.002102 seconds 
========================================================================
Received Import Request.
  Time since last request: 276.494237 seconds.
  path: Assets/ScriptableObjects
  artifactKey: Guid(bb6622d3c4cc1452ab5136e19cd1c273) Importer(815301076,1909f56bfc062723c751e8b465ee728b)
Start importing Assets/ScriptableObjects using Guid(bb6622d3c4cc1452ab5136e19cd1c273) Importer(815301076,1909f56bfc062723c751e8b465ee728b)  -> (artifact id: 'a469bc754c8d614fa53d7ee6beeb3ef4') in 0.001189 seconds 
========================================================================
Received Import Request.
  Time since last request: 1003.920053 seconds.
  path: Assets/Scripts/ChallengeController.cs
  artifactKey: Guid(cd3a5edc41c0149bfad198c0458d9dc4) Importer(815301076,1909f56bfc062723c751e8b465ee728b)
Start importing Assets/Scripts/ChallengeController.cs using Guid(cd3a5edc41c0149bfad198c0458d9dc4) Importer(815301076,1909f56bfc062723c751e8b465ee728b)  -> (artifact id: 'f97651f03b44ab263c942fd9b92299c6') in 1.441141 seconds 
========================================================================
Received Import Request.
  Time since last request: 1244.196263 seconds.
  path: Assets/Scripts/DragItem.cs
  artifactKey: Guid(d456390c86c434621a10242c322b5e94) Importer(815301076,1909f56bfc062723c751e8b465ee728b)
Start importing Assets/Scripts/DragItem.cs using Guid(d456390c86c434621a10242c322b5e94) Importer(815301076,1909f56bfc062723c751e8b465ee728b)  -> (artifact id: '53445f4ef1c9ce8578f47298e724a31d') in 0.001665 seconds 
