Unity Editor version:    2021.2.9f1 (921b45a28ab6)
Branch:                  2021.2/staging
Build type:              Release
Batch mode:              YES
macOS version:           Version 13.0.1 (Build 22A400)
Darwin version:          22.1.0
Architecture:            x86_64
Running under Rosetta:   YES
Available memory:        32768 MB
Using pre-set license
Pro License: NO

COMMAND LINE ARGUMENTS:
/Applications/Unity/Hub/Editor/2021.2.9f1/Unity.app/Contents/MacOS/Unity
-adb2
-batchMode
-noUpm
-name
AssetImportWorker1
-projectPath
/Users/chloefarr/Documents/GitHub/Unity/GrandmasPlayhouse/Telephone-DressupOutside
-logFile
Logs/AssetImportWorker1.log
-srvPort
64737
Successfully changed project path to: /Users/chloefarr/Documents/GitHub/Unity/GrandmasPlayhouse/Telephone-DressupOutside
/Users/chloefarr/Documents/GitHub/Unity/GrandmasPlayhouse/Telephone-DressupOutside
[UnityMemory] Configuration Parameters - Can be set up in boot.config
    "memorysetup-bucket-allocator-granularity=16"
    "memorysetup-bucket-allocator-bucket-count=8"
    "memorysetup-bucket-allocator-block-size=33554432"
    "memorysetup-bucket-allocator-block-count=8"
    "memorysetup-main-allocator-block-size=16777216"
    "memorysetup-thread-allocator-block-size=16777216"
    "memorysetup-gfx-main-allocator-block-size=16777216"
    "memorysetup-gfx-thread-allocator-block-size=16777216"
    "memorysetup-cache-allocator-block-size=4194304"
    "memorysetup-typetree-allocator-block-size=2097152"
    "memorysetup-profiler-bucket-allocator-granularity=16"
    "memorysetup-profiler-bucket-allocator-bucket-count=8"
    "memorysetup-profiler-bucket-allocator-block-size=33554432"
    "memorysetup-profiler-bucket-allocator-block-count=8"
    "memorysetup-profiler-allocator-block-size=16777216"
    "memorysetup-profiler-editor-allocator-block-size=1048576"
    "memorysetup-temp-allocator-size-main=16777216"
    "memorysetup-job-temp-allocator-block-size=2097152"
    "memorysetup-job-temp-allocator-block-size-background=1048576"
    "memorysetup-job-temp-allocator-reduction-small-platforms=262144"
    "memorysetup-temp-allocator-size-background-worker=32768"
    "memorysetup-temp-allocator-size-job-worker=262144"
    "memorysetup-temp-allocator-size-preload-manager=33554432"
    "memorysetup-temp-allocator-size-nav-mesh-worker=65536"
    "memorysetup-temp-allocator-size-audio-worker=65536"
    "memorysetup-temp-allocator-size-cloud-worker=32768"
    "memorysetup-temp-allocator-size-gi-baking-worker=262144"
    "memorysetup-temp-allocator-size-gfx=262144"
Refreshing native plugins compatible for Editor in 109.42 ms, found 2 plugins.
Preloading 0 native plugins for Editor in 0.00 ms.
Initialize engine version: 2021.2.9f1 (921b45a28ab6)
[Subsystems] Discovering subsystems at path /Applications/Unity/Hub/Editor/2021.2.9f1/Unity.app/Contents/Resources/UnitySubsystems
[Subsystems] Discovering subsystems at path /Users/chloefarr/Documents/GitHub/Unity/GrandmasPlayhouse/Telephone-DressupOutside/Assets
GfxDevice: creating device client; threaded=0; jobified=0
 preferred device: Apple M1 Pro (high power)
Metal devices available: 1
0: Apple M1 Pro (high power)
Using device Apple M1 Pro (high power)
Initializing Metal device caps: Apple M1 Pro
Initialize mono
Mono path[0] = '/Applications/Unity/Hub/Editor/2021.2.9f1/Unity.app/Contents/Managed'
Mono path[1] = '/Applications/Unity/Hub/Editor/2021.2.9f1/Unity.app/Contents/MonoBleedingEdge/lib/mono/unityjit-macos'
Mono config path = '/Applications/Unity/Hub/Editor/2021.2.9f1/Unity.app/Contents/MonoBleedingEdge/etc'
Using monoOptions --debugger-agent=transport=dt_socket,embedding=1,server=y,suspend=n,address=127.0.0.1:56713
Begin MonoManager ReloadAssembly
Registering precompiled unity dll's ...
Register platform support module: /Applications/Unity/Hub/Editor/2021.2.9f1/PlaybackEngines/WebGLSupport/UnityEditor.WebGL.Extensions.dll
Register platform support module: /Applications/Unity/Hub/Editor/2021.2.9f1/Unity.app/Contents/PlaybackEngines/MacStandaloneSupport/UnityEditor.OSXStandalone.Extensions.dll
Registered in 0.001154 seconds.
Native extension for OSXStandalone target not found
Native extension for WebGL target not found
Refreshing native plugins compatible for Editor in 107.53 ms, found 2 plugins.
Preloading 0 native plugins for Editor in 0.00 ms.
Mono: successfully reloaded assembly
- Completed reload, in  1.470 seconds
Domain Reload Profiling:
	ReloadAssembly (1471ms)
		BeginReloadAssembly (116ms)
			ExecutionOrderSort (0ms)
			DisableScriptedObjects (0ms)
			BackupInstance (0ms)
			ReleaseScriptingObjects (0ms)
			CreateAndSetChildDomain (2ms)
		EndReloadAssembly (1217ms)
			LoadAssemblies (114ms)
			RebuildTransferFunctionScriptingTraits (0ms)
			SetupTypeCache (122ms)
			ReleaseScriptCaches (0ms)
			RebuildScriptCaches (37ms)
			SetupLoadedEditorAssemblies (899ms)
				LogAssemblyErrors (0ms)
				InitializePlatformSupportModulesInManaged (41ms)
				SetLoadedEditorAssemblies (0ms)
				RefreshPlugins (108ms)
				BeforeProcessingInitializeOnLoad (4ms)
				ProcessInitializeOnLoadAttributes (555ms)
				ProcessInitializeOnLoadMethodAttributes (190ms)
				AfterProcessingInitializeOnLoad (0ms)
				EditorAssembliesLoaded (0ms)
			ExecutionOrderSort2 (0ms)
			AwakeInstancesAfterBackupRestoration (0ms)
Platform modules already initialized, skipping
Registering precompiled user dll's ...
Registered in 0.002919 seconds.
Begin MonoManager ReloadAssembly
Symbol file LoadedFromMemory doesn't match image /Users/chloefarr/Documents/GitHub/Unity/GrandmasPlayhouse/Telephone-DressupOutside/Library/PackageCache/com.unity.visualscripting@1.7.6/Editor/VisualScripting.Core/Dependencies/YamlDotNet/Unity.VisualScripting.YamlDotNet.dll
Symbol file LoadedFromMemory doesn't match image /Users/chloefarr/Documents/GitHub/Unity/GrandmasPlayhouse/Telephone-DressupOutside/Library/PackageCache/com.unity.visualscripting@1.7.6/Editor/VisualScripting.Core/Dependencies/DotNetZip/Unity.VisualScripting.IonicZip.dll
Native extension for OSXStandalone target not found
Native extension for WebGL target not found
Refreshing native plugins compatible for Editor in 0.62 ms, found 2 plugins.
Preloading 0 native plugins for Editor in 0.00 ms.
Mono: successfully reloaded assembly
- Completed reload, in  2.409 seconds
Domain Reload Profiling:
	ReloadAssembly (2411ms)
		BeginReloadAssembly (228ms)
			ExecutionOrderSort (0ms)
			DisableScriptedObjects (41ms)
			BackupInstance (0ms)
			ReleaseScriptingObjects (0ms)
			CreateAndSetChildDomain (22ms)
		EndReloadAssembly (1945ms)
			LoadAssemblies (106ms)
			RebuildTransferFunctionScriptingTraits (0ms)
			SetupTypeCache (295ms)
			ReleaseScriptCaches (1ms)
			RebuildScriptCaches (56ms)
			SetupLoadedEditorAssemblies (1292ms)
				LogAssemblyErrors (0ms)
				InitializePlatformSupportModulesInManaged (33ms)
				SetLoadedEditorAssemblies (1ms)
				RefreshPlugins (1ms)
				BeforeProcessingInitializeOnLoad (146ms)
				ProcessInitializeOnLoadAttributes (992ms)
				ProcessInitializeOnLoadMethodAttributes (118ms)
				AfterProcessingInitializeOnLoad (2ms)
				EditorAssembliesLoaded (0ms)
			ExecutionOrderSort2 (0ms)
			AwakeInstancesAfterBackupRestoration (12ms)
Platform modules already initialized, skipping
========================================================================
Worker process is ready to serve import requests
Launching external process: /Applications/Unity/Hub/Editor/2021.2.9f1/Unity.app/Contents/Tools/UnityShaderCompiler
Launched and connected shader compiler UnityShaderCompiler after 0.10 seconds
Refreshing native plugins compatible for Editor in 0.61 ms, found 2 plugins.
Preloading 0 native plugins for Editor in 0.00 ms.
Unloading 3240 Unused Serialized files (Serialized files now loaded: 0)
Unloading 26 unused Assets / (83.7 KB). Loaded Objects now: 3697.
Memory consumption went from 104.2 MB to 104.1 MB.
Total: 3.293958 ms (FindLiveObjects: 0.244208 ms CreateObjectMapping: 0.090583 ms MarkObjects: 2.816792 ms  DeleteObjects: 0.140791 ms)

AssetImportParameters requested are different than current active one (requested -> active):
  custom:video-decoder-ogg-theora: a1e56fd34408186e4bbccfd4996cb3dc -> 
  custom:container-muxer-webm: aa71ff27fc2769a1b78a27578f13a17b -> 
  custom:container-demuxer-webm: 4f35f7cbe854078d1ac9338744f61a02 -> 
  custom:video-encoder-webm-vp8: eb34c28f22e8b96e1ab97ce403110664 -> 
  custom:framework-osx-AVFoundation: e770b220cccbd017edd2c1fefb359320 -> 
  custom:audio-encoder-webm-vorbis: bf7c407c2cedff20999df2af8eb42d56 -> 
  custom:container-demuxer-ogg: 62fdf1f143b41e24485cea50d1cbac27 -> 
  custom:video-decoder-webm-vp8: 9c59270c3fd7afecdb556c50c9e8de78 -> 
  custom:audio-decoder-ogg-vorbis: bf7c407c2cedff20999df2af8eb42d56 -> 
========================================================================
Received Import Request.
  Time since last request: 350894.681299 seconds.
  path: Assets/Resources/TelephoneClothingAudio/socks.wav
  artifactKey: Guid(1b21ac29879284aef9d52820716ea177) Importer(815301076,1909f56bfc062723c751e8b465ee728b)
Start importing Assets/Resources/TelephoneClothingAudio/socks.wav using Guid(1b21ac29879284aef9d52820716ea177) Importer(815301076,1909f56bfc062723c751e8b465ee728b)  -> (artifact id: '37822882ab5f56a5b3fa776405cc4208') in 0.707238 seconds 
========================================================================
Received Import Request.
  Time since last request: 0.000099 seconds.
  path: Assets/Resources/TelephoneClothingAudio/gloves_DL.wav
  artifactKey: Guid(cd89c97ef02f04bf59041f059268f48c) Importer(815301076,1909f56bfc062723c751e8b465ee728b)
Start importing Assets/Resources/TelephoneClothingAudio/gloves_DL.wav using Guid(cd89c97ef02f04bf59041f059268f48c) Importer(815301076,1909f56bfc062723c751e8b465ee728b)  -> (artifact id: '82fe65bd67849a05695f2e11d1ff4dfe') in 0.013017 seconds 
========================================================================
Received Import Request.
  Time since last request: 0.000073 seconds.
  path: Assets/Resources/TelephoneClothingAudio/scarf_DL.wav
  artifactKey: Guid(2b11f22d99a11432ea5faa882c74b7fd) Importer(815301076,1909f56bfc062723c751e8b465ee728b)
Start importing Assets/Resources/TelephoneClothingAudio/scarf_DL.wav using Guid(2b11f22d99a11432ea5faa882c74b7fd) Importer(815301076,1909f56bfc062723c751e8b465ee728b)  -> (artifact id: 'edc71f007a8ba78f507654a771c3ec39') in 0.006838 seconds 
========================================================================
Received Import Request.
  Time since last request: 0.000055 seconds.
  path: Assets/Resources/TelephoneClothingAudio/shoes.wav
  artifactKey: Guid(72503a0b1a3a7412696a8e2e61da869e) Importer(815301076,1909f56bfc062723c751e8b465ee728b)
Start importing Assets/Resources/TelephoneClothingAudio/shoes.wav using Guid(72503a0b1a3a7412696a8e2e61da869e) Importer(815301076,1909f56bfc062723c751e8b465ee728b)  -> (artifact id: '9428d6372b84d8492547a0bbe47b3c1c') in 0.008114 seconds 
========================================================================
Received Import Request.
  Time since last request: 0.000081 seconds.
  path: Assets/Resources/TelephoneClothingAudio/pants_DL.wav
  artifactKey: Guid(632266ba4e3954458b86684bd4fc9d3c) Importer(815301076,1909f56bfc062723c751e8b465ee728b)
Start importing Assets/Resources/TelephoneClothingAudio/pants_DL.wav using Guid(632266ba4e3954458b86684bd4fc9d3c) Importer(815301076,1909f56bfc062723c751e8b465ee728b)  -> (artifact id: '541453e16f85a51bb18a30cb75fa7f76') in 0.008143 seconds 
========================================================================
Received Import Request.
  Time since last request: 0.000058 seconds.
  path: Assets/Audio/Scene Audio/hakwush_tthun’.wav
  artifactKey: Guid(9b4b973e102f94bdea5099a89ec395e6) Importer(815301076,1909f56bfc062723c751e8b465ee728b)
Start importing Assets/Audio/Scene Audio/hakwush_tthun’.wav using Guid(9b4b973e102f94bdea5099a89ec395e6) Importer(815301076,1909f56bfc062723c751e8b465ee728b)  -> (artifact id: '20710372e77642a706ecf4ee3d3fc313') in 0.006396 seconds 
========================================================================
Received Import Request.
  Time since last request: 0.000063 seconds.
  path: Assets/Audio/Scene Audio/thu.wav
  artifactKey: Guid(683ff2e0af7e24817a7c910bca2b4795) Importer(815301076,1909f56bfc062723c751e8b465ee728b)
Start importing Assets/Audio/Scene Audio/thu.wav using Guid(683ff2e0af7e24817a7c910bca2b4795) Importer(815301076,1909f56bfc062723c751e8b465ee728b)  -> (artifact id: '8b53a3d9cad1568954408b8d44c442cd') in 0.007305 seconds 
========================================================================
Received Import Request.
  Time since last request: 0.000068 seconds.
  path: Assets/Resources/TelephoneClothingAudio/hat_DL.wav
  artifactKey: Guid(ab8a45650d2ca49c9af47f42ba27fe3a) Importer(815301076,1909f56bfc062723c751e8b465ee728b)
Start importing Assets/Resources/TelephoneClothingAudio/hat_DL.wav using Guid(ab8a45650d2ca49c9af47f42ba27fe3a) Importer(815301076,1909f56bfc062723c751e8b465ee728b)  -> (artifact id: '9c5f8f7aa9d80f3de0304f64e25a5b1e') in 0.006721 seconds 
