Unity Editor version:    2021.2.9f1 (921b45a28ab6)
Branch:                  2021.2/staging
Build type:              Release
Batch mode:              YES
macOS version:           Version 13.0.1 (Build 22A400)
Darwin version:          22.1.0
Architecture:            x86_64
Running under Rosetta:   YES
Available memory:        32768 MB
Using pre-set license
Pro License: NO

COMMAND LINE ARGUMENTS:
/Applications/Unity/Hub/Editor/2021.2.9f1/Unity.app/Contents/MacOS/Unity
-adb2
-batchMode
-noUpm
-name
AssetImportWorker0
-projectPath
/Users/chloefarr/Documents/GitHub/Unity/GrandmasPlayhouse/Telephone-DressupOutside
-logFile
Logs/AssetImportWorker0.log
-srvPort
64737
Successfully changed project path to: /Users/chloefarr/Documents/GitHub/Unity/GrandmasPlayhouse/Telephone-DressupOutside
/Users/chloefarr/Documents/GitHub/Unity/GrandmasPlayhouse/Telephone-DressupOutside
[UnityMemory] Configuration Parameters - Can be set up in boot.config
    "memorysetup-bucket-allocator-granularity=16"
    "memorysetup-bucket-allocator-bucket-count=8"
    "memorysetup-bucket-allocator-block-size=33554432"
    "memorysetup-bucket-allocator-block-count=8"
    "memorysetup-main-allocator-block-size=16777216"
    "memorysetup-thread-allocator-block-size=16777216"
    "memorysetup-gfx-main-allocator-block-size=16777216"
    "memorysetup-gfx-thread-allocator-block-size=16777216"
    "memorysetup-cache-allocator-block-size=4194304"
    "memorysetup-typetree-allocator-block-size=2097152"
    "memorysetup-profiler-bucket-allocator-granularity=16"
    "memorysetup-profiler-bucket-allocator-bucket-count=8"
    "memorysetup-profiler-bucket-allocator-block-size=33554432"
    "memorysetup-profiler-bucket-allocator-block-count=8"
    "memorysetup-profiler-allocator-block-size=16777216"
    "memorysetup-profiler-editor-allocator-block-size=1048576"
    "memorysetup-temp-allocator-size-main=16777216"
    "memorysetup-job-temp-allocator-block-size=2097152"
    "memorysetup-job-temp-allocator-block-size-background=1048576"
    "memorysetup-job-temp-allocator-reduction-small-platforms=262144"
    "memorysetup-temp-allocator-size-background-worker=32768"
    "memorysetup-temp-allocator-size-job-worker=262144"
    "memorysetup-temp-allocator-size-preload-manager=33554432"
    "memorysetup-temp-allocator-size-nav-mesh-worker=65536"
    "memorysetup-temp-allocator-size-audio-worker=65536"
    "memorysetup-temp-allocator-size-cloud-worker=32768"
    "memorysetup-temp-allocator-size-gi-baking-worker=262144"
    "memorysetup-temp-allocator-size-gfx=262144"
Refreshing native plugins compatible for Editor in 107.75 ms, found 2 plugins.
Preloading 0 native plugins for Editor in 0.00 ms.
Initialize engine version: 2021.2.9f1 (921b45a28ab6)
[Subsystems] Discovering subsystems at path /Applications/Unity/Hub/Editor/2021.2.9f1/Unity.app/Contents/Resources/UnitySubsystems
[Subsystems] Discovering subsystems at path /Users/chloefarr/Documents/GitHub/Unity/GrandmasPlayhouse/Telephone-DressupOutside/Assets
GfxDevice: creating device client; threaded=0; jobified=0
 preferred device: Apple M1 Pro (high power)
Metal devices available: 1
0: Apple M1 Pro (high power)
Using device Apple M1 Pro (high power)
Initializing Metal device caps: Apple M1 Pro
Initialize mono
Mono path[0] = '/Applications/Unity/Hub/Editor/2021.2.9f1/Unity.app/Contents/Managed'
Mono path[1] = '/Applications/Unity/Hub/Editor/2021.2.9f1/Unity.app/Contents/MonoBleedingEdge/lib/mono/unityjit-macos'
Mono config path = '/Applications/Unity/Hub/Editor/2021.2.9f1/Unity.app/Contents/MonoBleedingEdge/etc'
Using monoOptions --debugger-agent=transport=dt_socket,embedding=1,server=y,suspend=n,address=127.0.0.1:56711
Begin MonoManager ReloadAssembly
Registering precompiled unity dll's ...
Register platform support module: /Applications/Unity/Hub/Editor/2021.2.9f1/PlaybackEngines/WebGLSupport/UnityEditor.WebGL.Extensions.dll
Register platform support module: /Applications/Unity/Hub/Editor/2021.2.9f1/Unity.app/Contents/PlaybackEngines/MacStandaloneSupport/UnityEditor.OSXStandalone.Extensions.dll
Registered in 0.001089 seconds.
Native extension for OSXStandalone target not found
Native extension for WebGL target not found
Refreshing native plugins compatible for Editor in 107.62 ms, found 2 plugins.
Preloading 0 native plugins for Editor in 0.00 ms.
Mono: successfully reloaded assembly
- Completed reload, in  1.471 seconds
Domain Reload Profiling:
	ReloadAssembly (1472ms)
		BeginReloadAssembly (125ms)
			ExecutionOrderSort (0ms)
			DisableScriptedObjects (0ms)
			BackupInstance (0ms)
			ReleaseScriptingObjects (0ms)
			CreateAndSetChildDomain (3ms)
		EndReloadAssembly (1207ms)
			LoadAssemblies (121ms)
			RebuildTransferFunctionScriptingTraits (0ms)
			SetupTypeCache (121ms)
			ReleaseScriptCaches (0ms)
			RebuildScriptCaches (36ms)
			SetupLoadedEditorAssemblies (894ms)
				LogAssemblyErrors (0ms)
				InitializePlatformSupportModulesInManaged (41ms)
				SetLoadedEditorAssemblies (0ms)
				RefreshPlugins (108ms)
				BeforeProcessingInitializeOnLoad (3ms)
				ProcessInitializeOnLoadAttributes (552ms)
				ProcessInitializeOnLoadMethodAttributes (189ms)
				AfterProcessingInitializeOnLoad (0ms)
				EditorAssembliesLoaded (0ms)
			ExecutionOrderSort2 (0ms)
			AwakeInstancesAfterBackupRestoration (0ms)
Platform modules already initialized, skipping
Registering precompiled user dll's ...
Registered in 0.002892 seconds.
Begin MonoManager ReloadAssembly
Symbol file LoadedFromMemory doesn't match image /Users/chloefarr/Documents/GitHub/Unity/GrandmasPlayhouse/Telephone-DressupOutside/Library/PackageCache/com.unity.visualscripting@1.7.6/Editor/VisualScripting.Core/Dependencies/YamlDotNet/Unity.VisualScripting.YamlDotNet.dll
Symbol file LoadedFromMemory doesn't match image /Users/chloefarr/Documents/GitHub/Unity/GrandmasPlayhouse/Telephone-DressupOutside/Library/PackageCache/com.unity.visualscripting@1.7.6/Editor/VisualScripting.Core/Dependencies/DotNetZip/Unity.VisualScripting.IonicZip.dll
Native extension for OSXStandalone target not found
Native extension for WebGL target not found
Refreshing native plugins compatible for Editor in 0.51 ms, found 2 plugins.
Preloading 0 native plugins for Editor in 0.00 ms.
Mono: successfully reloaded assembly
- Completed reload, in  2.377 seconds
Domain Reload Profiling:
	ReloadAssembly (2380ms)
		BeginReloadAssembly (227ms)
			ExecutionOrderSort (0ms)
			DisableScriptedObjects (39ms)
			BackupInstance (0ms)
			ReleaseScriptingObjects (0ms)
			CreateAndSetChildDomain (21ms)
		EndReloadAssembly (1920ms)
			LoadAssemblies (110ms)
			RebuildTransferFunctionScriptingTraits (0ms)
			SetupTypeCache (301ms)
			ReleaseScriptCaches (1ms)
			RebuildScriptCaches (57ms)
			SetupLoadedEditorAssemblies (1264ms)
				LogAssemblyErrors (0ms)
				InitializePlatformSupportModulesInManaged (35ms)
				SetLoadedEditorAssemblies (2ms)
				RefreshPlugins (1ms)
				BeforeProcessingInitializeOnLoad (146ms)
				ProcessInitializeOnLoadAttributes (972ms)
				ProcessInitializeOnLoadMethodAttributes (108ms)
				AfterProcessingInitializeOnLoad (2ms)
				EditorAssembliesLoaded (0ms)
			ExecutionOrderSort2 (0ms)
			AwakeInstancesAfterBackupRestoration (11ms)
Platform modules already initialized, skipping
========================================================================
Worker process is ready to serve import requests
Launching external process: /Applications/Unity/Hub/Editor/2021.2.9f1/Unity.app/Contents/Tools/UnityShaderCompiler
Launched and connected shader compiler UnityShaderCompiler after 0.10 seconds
Refreshing native plugins compatible for Editor in 0.54 ms, found 2 plugins.
Preloading 0 native plugins for Editor in 0.00 ms.
Unloading 3240 Unused Serialized files (Serialized files now loaded: 0)
Unloading 26 unused Assets / (83.7 KB). Loaded Objects now: 3697.
Memory consumption went from 104.1 MB to 104.0 MB.
Total: 3.338917 ms (FindLiveObjects: 0.213792 ms CreateObjectMapping: 0.089791 ms MarkObjects: 2.923750 ms  DeleteObjects: 0.110666 ms)

AssetImportParameters requested are different than current active one (requested -> active):
  custom:video-decoder-ogg-theora: a1e56fd34408186e4bbccfd4996cb3dc -> 
  custom:container-muxer-webm: aa71ff27fc2769a1b78a27578f13a17b -> 
  custom:container-demuxer-webm: 4f35f7cbe854078d1ac9338744f61a02 -> 
  custom:video-encoder-webm-vp8: eb34c28f22e8b96e1ab97ce403110664 -> 
  custom:framework-osx-AVFoundation: e770b220cccbd017edd2c1fefb359320 -> 
  custom:audio-encoder-webm-vorbis: bf7c407c2cedff20999df2af8eb42d56 -> 
  custom:container-demuxer-ogg: 62fdf1f143b41e24485cea50d1cbac27 -> 
  custom:video-decoder-webm-vp8: 9c59270c3fd7afecdb556c50c9e8de78 -> 
  custom:audio-decoder-ogg-vorbis: bf7c407c2cedff20999df2af8eb42d56 -> 
========================================================================
Received Import Request.
  Time since last request: 350894.654347 seconds.
  path: Assets/Resources/TelephoneClothingAudio/sweater_wrong_DL.wav
  artifactKey: Guid(30335375e27534681b996e62b8c7fe74) Importer(815301076,1909f56bfc062723c751e8b465ee728b)
Start importing Assets/Resources/TelephoneClothingAudio/sweater_wrong_DL.wav using Guid(30335375e27534681b996e62b8c7fe74) Importer(815301076,1909f56bfc062723c751e8b465ee728b)  -> (artifact id: '387d2f582f415ad083c1a61866af47c2') in 0.734092 seconds 
========================================================================
Received Import Request.
  Time since last request: 0.000133 seconds.
  path: Assets/Resources/TelephoneClothingAudio/vest.wav
  artifactKey: Guid(f0746e0ac330e40ca871c748a8b76969) Importer(815301076,1909f56bfc062723c751e8b465ee728b)
Start importing Assets/Resources/TelephoneClothingAudio/vest.wav using Guid(f0746e0ac330e40ca871c748a8b76969) Importer(815301076,1909f56bfc062723c751e8b465ee728b)  -> (artifact id: '5f24f1763642a011e886672b40f3a371') in 0.012404 seconds 
========================================================================
Received Import Request.
  Time since last request: 0.000070 seconds.
  path: Assets/Audio/Scene Audio/thun.wav
  artifactKey: Guid(12768b168dc214d9eb380a6fe3c559ba) Importer(815301076,1909f56bfc062723c751e8b465ee728b)
Start importing Assets/Audio/Scene Audio/thun.wav using Guid(12768b168dc214d9eb380a6fe3c559ba) Importer(815301076,1909f56bfc062723c751e8b465ee728b)  -> (artifact id: '6c5782935d595973029e49fed786d275') in 0.006475 seconds 
========================================================================
Received Import Request.
  Time since last request: 0.000074 seconds.
  path: Assets/Resources/TelephoneClothingAudio/shirt_DL.wav
  artifactKey: Guid(a72256056a5b9454ab38d5d7a4cc3e7b) Importer(815301076,1909f56bfc062723c751e8b465ee728b)
Start importing Assets/Resources/TelephoneClothingAudio/shirt_DL.wav using Guid(a72256056a5b9454ab38d5d7a4cc3e7b) Importer(815301076,1909f56bfc062723c751e8b465ee728b)  -> (artifact id: 'a32aa14161c0f87a02deb40b1cc56229') in 0.008499 seconds 
========================================================================
Received Import Request.
  Time since last request: 0.000054 seconds.
  path: Assets/Audio/Scene Audio/’i’.wav
  artifactKey: Guid(61780d54ecd1b45a3ab101e73ad62a1c) Importer(815301076,1909f56bfc062723c751e8b465ee728b)
Start importing Assets/Audio/Scene Audio/’i’.wav using Guid(61780d54ecd1b45a3ab101e73ad62a1c) Importer(815301076,1909f56bfc062723c751e8b465ee728b)  -> (artifact id: '69238a5273e243031df4033fa2b93739') in 0.007691 seconds 
========================================================================
Received Import Request.
  Time since last request: 0.000070 seconds.
  path: Assets/Resources/TelephoneClothingAudio/coat_DL.wav
  artifactKey: Guid(9e4d493cd3d514c06a6610a59d808cb2) Importer(815301076,1909f56bfc062723c751e8b465ee728b)
Start importing Assets/Resources/TelephoneClothingAudio/coat_DL.wav using Guid(9e4d493cd3d514c06a6610a59d808cb2) Importer(815301076,1909f56bfc062723c751e8b465ee728b)  -> (artifact id: '8621dce83fde2cd33cdd2a023967a912') in 0.006811 seconds 
========================================================================
Received Import Request.
  Time since last request: 0.000072 seconds.
  path: Assets/Resources/TelephoneClothingAudio/gumboots_DL.wav
  artifactKey: Guid(f477b11526102487a9533cf5c8c9fcac) Importer(815301076,1909f56bfc062723c751e8b465ee728b)
Start importing Assets/Resources/TelephoneClothingAudio/gumboots_DL.wav using Guid(f477b11526102487a9533cf5c8c9fcac) Importer(815301076,1909f56bfc062723c751e8b465ee728b)  -> (artifact id: '144dc443cd9583076d93fbcdba24ca08') in 0.007321 seconds 
========================================================================
Received Import Request.
  Time since last request: 0.000077 seconds.
  path: Assets/Audio/Scene Audio/hakwush.wav
  artifactKey: Guid(a59eeb2be646142c9bb84b83dc0c6d0d) Importer(815301076,1909f56bfc062723c751e8b465ee728b)
Start importing Assets/Audio/Scene Audio/hakwush.wav using Guid(a59eeb2be646142c9bb84b83dc0c6d0d) Importer(815301076,1909f56bfc062723c751e8b465ee728b)  -> (artifact id: '074294f6ba5eb75f3461712e3cbdd151') in 0.006589 seconds 
========================================================================
Received Import Request.
  Time since last request: 31.504600 seconds.
  path: Assets/Resources/TelephoneClothingAudio/sweater_DL.wav
  artifactKey: Guid(94c2ead3fab1c4b96a3fe84eaabde975) Importer(815301076,1909f56bfc062723c751e8b465ee728b)
Start importing Assets/Resources/TelephoneClothingAudio/sweater_DL.wav using Guid(94c2ead3fab1c4b96a3fe84eaabde975) Importer(815301076,1909f56bfc062723c751e8b465ee728b)  -> (artifact id: '864a30f7af48c69b1a1a5926280f3180') in 0.007490 seconds 
========================================================================
Received Import Request.
  Time since last request: 9.146416 seconds.
  path: Assets/Scripts/telephone_ClothingObjects.csv
  artifactKey: Guid(4c47a9eb3ba21410bae791c6fa41e495) Importer(815301076,1909f56bfc062723c751e8b465ee728b)
Start importing Assets/Scripts/telephone_ClothingObjects.csv using Guid(4c47a9eb3ba21410bae791c6fa41e495) Importer(815301076,1909f56bfc062723c751e8b465ee728b)  -> (artifact id: '4e826fc3171b0bc18d5fc1e77b0c606a') in 1.425265 seconds 
========================================================================
Received Import Request.
  Time since last request: 93.351213 seconds.
  path: Assets/Scripts/telephone_ClothingObjects.csv
  artifactKey: Guid(4c47a9eb3ba21410bae791c6fa41e495) Importer(815301076,1909f56bfc062723c751e8b465ee728b)
Start importing Assets/Scripts/telephone_ClothingObjects.csv using Guid(4c47a9eb3ba21410bae791c6fa41e495) Importer(815301076,1909f56bfc062723c751e8b465ee728b)  -> (artifact id: '38611543510f94852a15a90a856a45f4') in 0.001467 seconds 
