Unity Editor version:    2021.2.9f1 (921b45a28ab6)
Branch:                  2021.2/staging
Build type:              Release
Batch mode:              YES
macOS version:           Version 12.5 (Build 21G72)
Darwin version:          21.6.0
Architecture:            x86_64
Running under Rosetta:   YES
Available memory:        32768 MB
Using pre-set license
Pro License: NO

COMMAND LINE ARGUMENTS:
/Applications/Unity/Hub/Editor/2021.2.9f1/Unity.app/Contents/MacOS/Unity
-adb2
-batchMode
-noUpm
-name
AssetImportWorker0
-projectPath
/Users/chloefarr/Documents/GitHub/Unity/GrandmasPlayhouse/Bathtime
-logFile
Logs/AssetImportWorker0.log
-srvPort
50684
Successfully changed project path to: /Users/chloefarr/Documents/GitHub/Unity/GrandmasPlayhouse/Bathtime
/Users/chloefarr/Documents/GitHub/Unity/GrandmasPlayhouse/Bathtime
[UnityMemory] Configuration Parameters - Can be set up in boot.config
    "memorysetup-bucket-allocator-granularity=16"
    "memorysetup-bucket-allocator-bucket-count=8"
    "memorysetup-bucket-allocator-block-size=33554432"
    "memorysetup-bucket-allocator-block-count=8"
    "memorysetup-main-allocator-block-size=16777216"
    "memorysetup-thread-allocator-block-size=16777216"
    "memorysetup-gfx-main-allocator-block-size=16777216"
    "memorysetup-gfx-thread-allocator-block-size=16777216"
    "memorysetup-cache-allocator-block-size=4194304"
    "memorysetup-typetree-allocator-block-size=2097152"
    "memorysetup-profiler-bucket-allocator-granularity=16"
    "memorysetup-profiler-bucket-allocator-bucket-count=8"
    "memorysetup-profiler-bucket-allocator-block-size=33554432"
    "memorysetup-profiler-bucket-allocator-block-count=8"
    "memorysetup-profiler-allocator-block-size=16777216"
    "memorysetup-profiler-editor-allocator-block-size=1048576"
    "memorysetup-temp-allocator-size-main=16777216"
    "memorysetup-job-temp-allocator-block-size=2097152"
    "memorysetup-job-temp-allocator-block-size-background=1048576"
    "memorysetup-job-temp-allocator-reduction-small-platforms=262144"
    "memorysetup-temp-allocator-size-background-worker=32768"
    "memorysetup-temp-allocator-size-job-worker=262144"
    "memorysetup-temp-allocator-size-preload-manager=33554432"
    "memorysetup-temp-allocator-size-nav-mesh-worker=65536"
    "memorysetup-temp-allocator-size-audio-worker=65536"
    "memorysetup-temp-allocator-size-cloud-worker=32768"
    "memorysetup-temp-allocator-size-gi-baking-worker=262144"
    "memorysetup-temp-allocator-size-gfx=262144"
Refreshing native plugins compatible for Editor in 127.97 ms, found 3 plugins.
Preloading 0 native plugins for Editor in 0.00 ms.
Initialize engine version: 2021.2.9f1 (921b45a28ab6)
[Subsystems] Discovering subsystems at path /Applications/Unity/Hub/Editor/2021.2.9f1/Unity.app/Contents/Resources/UnitySubsystems
[Subsystems] Discovering subsystems at path /Users/chloefarr/Documents/GitHub/Unity/GrandmasPlayhouse/Bathtime/Assets
GfxDevice: creating device client; threaded=0; jobified=0
 preferred device: Apple M1 Pro (high power)
Metal devices available: 1
0: Apple M1 Pro (high power)
Using device Apple M1 Pro (high power)
Initializing Metal device caps: Apple M1 Pro
Initialize mono
Mono path[0] = '/Applications/Unity/Hub/Editor/2021.2.9f1/Unity.app/Contents/Managed'
Mono path[1] = '/Applications/Unity/Hub/Editor/2021.2.9f1/Unity.app/Contents/MonoBleedingEdge/lib/mono/unityjit-macos'
Mono config path = '/Applications/Unity/Hub/Editor/2021.2.9f1/Unity.app/Contents/MonoBleedingEdge/etc'
Using monoOptions --debugger-agent=transport=dt_socket,embedding=1,server=y,suspend=n,address=127.0.0.1:56254
Begin MonoManager ReloadAssembly
Registering precompiled unity dll's ...
Register platform support module: /Applications/Unity/Hub/Editor/2021.2.9f1/PlaybackEngines/WebGLSupport/UnityEditor.WebGL.Extensions.dll
Register platform support module: /Applications/Unity/Hub/Editor/2021.2.9f1/Unity.app/Contents/PlaybackEngines/MacStandaloneSupport/UnityEditor.OSXStandalone.Extensions.dll
Registered in 0.001211 seconds.
Native extension for OSXStandalone target not found
Native extension for WebGL target not found
Refreshing native plugins compatible for Editor in 130.91 ms, found 3 plugins.
Preloading 0 native plugins for Editor in 0.00 ms.
Mono: successfully reloaded assembly
- Completed reload, in  1.611 seconds
Domain Reload Profiling:
	ReloadAssembly (1612ms)
		BeginReloadAssembly (143ms)
			ExecutionOrderSort (0ms)
			DisableScriptedObjects (0ms)
			BackupInstance (0ms)
			ReleaseScriptingObjects (0ms)
			CreateAndSetChildDomain (3ms)
		EndReloadAssembly (1306ms)
			LoadAssemblies (141ms)
			RebuildTransferFunctionScriptingTraits (0ms)
			SetupTypeCache (161ms)
			ReleaseScriptCaches (0ms)
			RebuildScriptCaches (42ms)
			SetupLoadedEditorAssemblies (940ms)
				LogAssemblyErrors (0ms)
				InitializePlatformSupportModulesInManaged (43ms)
				SetLoadedEditorAssemblies (0ms)
				RefreshPlugins (131ms)
				BeforeProcessingInitializeOnLoad (4ms)
				ProcessInitializeOnLoadAttributes (567ms)
				ProcessInitializeOnLoadMethodAttributes (194ms)
				AfterProcessingInitializeOnLoad (0ms)
				EditorAssembliesLoaded (0ms)
			ExecutionOrderSort2 (0ms)
			AwakeInstancesAfterBackupRestoration (0ms)
Platform modules already initialized, skipping
Registering precompiled user dll's ...
Registered in 0.003456 seconds.
Begin MonoManager ReloadAssembly
Symbol file LoadedFromMemory doesn't match image /Users/chloefarr/Documents/GitHub/Unity/GrandmasPlayhouse/Bathtime/Library/PackageCache/com.unity.visualscripting@1.7.6/Editor/VisualScripting.Core/Dependencies/YamlDotNet/Unity.VisualScripting.YamlDotNet.dll
Symbol file LoadedFromMemory doesn't match image /Users/chloefarr/Documents/GitHub/Unity/GrandmasPlayhouse/Bathtime/Library/PackageCache/com.unity.visualscripting@1.7.6/Editor/VisualScripting.Core/Dependencies/DotNetZip/Unity.VisualScripting.IonicZip.dll
Native extension for OSXStandalone target not found
Native extension for WebGL target not found
Refreshing native plugins compatible for Editor in 126.59 ms, found 3 plugins.
Preloading 0 native plugins for Editor in 0.00 ms.
Mono: successfully reloaded assembly
- Completed reload, in  4.953 seconds
Domain Reload Profiling:
	ReloadAssembly (4956ms)
		BeginReloadAssembly (257ms)
			ExecutionOrderSort (0ms)
			DisableScriptedObjects (40ms)
			BackupInstance (0ms)
			ReleaseScriptingObjects (0ms)
			CreateAndSetChildDomain (37ms)
		EndReloadAssembly (4432ms)
			LoadAssemblies (139ms)
			RebuildTransferFunctionScriptingTraits (0ms)
			SetupTypeCache (359ms)
			ReleaseScriptCaches (1ms)
			RebuildScriptCaches (75ms)
			SetupLoadedEditorAssemblies (3633ms)
				LogAssemblyErrors (0ms)
				InitializePlatformSupportModulesInManaged (33ms)
				SetLoadedEditorAssemblies (0ms)
				RefreshPlugins (127ms)
				BeforeProcessingInitializeOnLoad (169ms)
				ProcessInitializeOnLoadAttributes (3158ms)
				ProcessInitializeOnLoadMethodAttributes (144ms)
				AfterProcessingInitializeOnLoad (1ms)
				EditorAssembliesLoaded (0ms)
			ExecutionOrderSort2 (0ms)
			AwakeInstancesAfterBackupRestoration (12ms)
Platform modules already initialized, skipping
========================================================================
Worker process is ready to serve import requests
Launching external process: /Applications/Unity/Hub/Editor/2021.2.9f1/Unity.app/Contents/Tools/UnityShaderCompiler
Launched and connected shader compiler UnityShaderCompiler after 0.08 seconds
Refreshing native plugins compatible for Editor in 0.84 ms, found 3 plugins.
Preloading 0 native plugins for Editor in 0.00 ms.
Unloading 3934 Unused Serialized files (Serialized files now loaded: 0)
Unloading 43 unused Assets / (199.0 KB). Loaded Objects now: 4383.
Memory consumption went from 263.8 MB to 263.6 MB.
Total: 3.989125 ms (FindLiveObjects: 0.247042 ms CreateObjectMapping: 0.118958 ms MarkObjects: 3.430916 ms  DeleteObjects: 0.191041 ms)

AssetImportParameters requested are different than current active one (requested -> active):
  custom:video-decoder-ogg-theora: a1e56fd34408186e4bbccfd4996cb3dc -> 
  custom:container-muxer-webm: aa71ff27fc2769a1b78a27578f13a17b -> 
  custom:container-demuxer-webm: 4f35f7cbe854078d1ac9338744f61a02 -> 
  custom:video-encoder-webm-vp8: eb34c28f22e8b96e1ab97ce403110664 -> 
  custom:framework-osx-AVFoundation: e770b220cccbd017edd2c1fefb359320 -> 
  custom:audio-encoder-webm-vorbis: bf7c407c2cedff20999df2af8eb42d56 -> 
  custom:container-demuxer-ogg: 62fdf1f143b41e24485cea50d1cbac27 -> 
  custom:video-decoder-webm-vp8: 9c59270c3fd7afecdb556c50c9e8de78 -> 
  custom:audio-decoder-ogg-vorbis: bf7c407c2cedff20999df2af8eb42d56 -> 
========================================================================
Received Import Request.
  Time since last request: 12482.213509 seconds.
  path: Assets/Art/UIArt/blank white tile.png
  artifactKey: Guid(faa04717b6cdb471aaf33e4edb780570) Importer(815301076,1909f56bfc062723c751e8b465ee728b)
Start importing Assets/Art/UIArt/blank white tile.png using Guid(faa04717b6cdb471aaf33e4edb780570) Importer(815301076,1909f56bfc062723c751e8b465ee728b)  -> (artifact id: '117956d930293135ac110604ee35c0d6') in 0.758523 seconds 
========================================================================
Received Import Request.
  Time since last request: 0.000502 seconds.
  path: Assets/Art/Setting the table
  artifactKey: Guid(71c517bd2b9cf40ab99777392aef3f1b) Importer(815301076,1909f56bfc062723c751e8b465ee728b)
Start importing Assets/Art/Setting the table using Guid(71c517bd2b9cf40ab99777392aef3f1b) Importer(815301076,1909f56bfc062723c751e8b465ee728b)  -> (artifact id: '659cbc8158e76bd36d74f181af946ff3') in 0.000676 seconds 
========================================================================
Received Import Request.
  Time since last request: 0.000070 seconds.
  path: Assets/Art/UIArt
  artifactKey: Guid(5244a208cf8a94cb2bd04ecc9659bb54) Importer(815301076,1909f56bfc062723c751e8b465ee728b)
Start importing Assets/Art/UIArt using Guid(5244a208cf8a94cb2bd04ecc9659bb54) Importer(815301076,1909f56bfc062723c751e8b465ee728b)  -> (artifact id: '3e8e460aa3dc56a02bb841e3f842a39b') in 0.000536 seconds 
========================================================================
Received Import Request.
  Time since last request: 4.943159 seconds.
  path: Assets/Art/JewelryArt
  artifactKey: Guid(22e58fe592a82466492d5cb4fa6fac8b) Importer(815301076,1909f56bfc062723c751e8b465ee728b)
Start importing Assets/Art/JewelryArt using Guid(22e58fe592a82466492d5cb4fa6fac8b) Importer(815301076,1909f56bfc062723c751e8b465ee728b)  -> (artifact id: 'f5594bfb9fd3fad3de9814772eca49ca') in 0.000949 seconds 
========================================================================
Received Import Request.
  Time since last request: 18.236676 seconds.
  path: Assets/Art/BathtimeArt
  artifactKey: Guid(22e58fe592a82466492d5cb4fa6fac8b) Importer(815301076,1909f56bfc062723c751e8b465ee728b)
Start importing Assets/Art/BathtimeArt using Guid(22e58fe592a82466492d5cb4fa6fac8b) Importer(815301076,1909f56bfc062723c751e8b465ee728b)  -> (artifact id: 'c3259863eda8c37d897dbc31573ab97c') in 0.000816 seconds 
========================================================================
Received Import Request.
  Time since last request: 7.168618 seconds.
  path: Assets/Art/BathtimeArt/LayerArt
  artifactKey: Guid(f6f9de7c79b604996b8f4cf6069c5286) Importer(815301076,1909f56bfc062723c751e8b465ee728b)
Start importing Assets/Art/BathtimeArt/LayerArt using Guid(f6f9de7c79b604996b8f4cf6069c5286) Importer(815301076,1909f56bfc062723c751e8b465ee728b)  -> (artifact id: 'f315ce8f7c825b6468eef559275ba670') in 0.001109 seconds 
========================================================================
Received Import Request.
  Time since last request: 0.037988 seconds.
  path: Assets/Art/BathtimeArt/LayerArt/layer_bracelet.png
  artifactKey: Guid(625f157c1a3d04db583a08cf23d400fc) Importer(815301076,1909f56bfc062723c751e8b465ee728b)
Start importing Assets/Art/BathtimeArt/LayerArt/layer_bracelet.png using Guid(625f157c1a3d04db583a08cf23d400fc) Importer(815301076,1909f56bfc062723c751e8b465ee728b)  -> (artifact id: '29bf784a78b8ceda7f72664353803af2') in 0.034152 seconds 
========================================================================
Received Import Request.
  Time since last request: 19.716379 seconds.
  path: Assets/Art/BathtimeArt/LayerArt/layer-shampoo.png
  artifactKey: Guid(9e795ddb3015f4d109b10729e027ff85) Importer(815301076,1909f56bfc062723c751e8b465ee728b)
Start importing Assets/Art/BathtimeArt/LayerArt/layer-shampoo.png using Guid(9e795ddb3015f4d109b10729e027ff85) Importer(815301076,1909f56bfc062723c751e8b465ee728b)  -> (artifact id: '5eaa1d300d3a283ca68cbdf34c174fd8') in 0.012268 seconds 
========================================================================
Received Import Request.
  Time since last request: 0.000069 seconds.
  path: Assets/Art/BathtimeArt/LayerArt/layer_soap.png
  artifactKey: Guid(414efea0d8f344f8ea7a3f8442e4d937) Importer(815301076,1909f56bfc062723c751e8b465ee728b)
Start importing Assets/Art/BathtimeArt/LayerArt/layer_soap.png using Guid(414efea0d8f344f8ea7a3f8442e4d937) Importer(815301076,1909f56bfc062723c751e8b465ee728b)  -> (artifact id: '46a833303adf169f0a77d964101728f3') in 0.011496 seconds 
========================================================================
Received Import Request.
  Time since last request: 0.000064 seconds.
  path: Assets/Art/BathtimeArt/LayerArt/layer_towel.png
  artifactKey: Guid(12351aabfcfda4046beddbd5fd25e9ad) Importer(815301076,1909f56bfc062723c751e8b465ee728b)
Start importing Assets/Art/BathtimeArt/LayerArt/layer_towel.png using Guid(12351aabfcfda4046beddbd5fd25e9ad) Importer(815301076,1909f56bfc062723c751e8b465ee728b)  -> (artifact id: '3b8ec1a812453ea3154f8b3e3b0b92dc') in 0.010471 seconds 
========================================================================
Received Import Request.
  Time since last request: 6.114398 seconds.
  path: Assets/Art/BathtimeArt/TileArt
  artifactKey: Guid(35cae1b9a820342aea4d93aad113f819) Importer(815301076,1909f56bfc062723c751e8b465ee728b)
Start importing Assets/Art/BathtimeArt/TileArt using Guid(35cae1b9a820342aea4d93aad113f819) Importer(815301076,1909f56bfc062723c751e8b465ee728b)  -> (artifact id: '99a4195d7a96065f416374df9d5410cb') in 0.002343 seconds 
========================================================================
Received Import Request.
  Time since last request: 0.090574 seconds.
  path: Assets/Art/BathtimeArt/TileArt/tile_braclet.png
  artifactKey: Guid(e6f3a7a559173433090c2d5f9fc2cc1c) Importer(815301076,1909f56bfc062723c751e8b465ee728b)
Start importing Assets/Art/BathtimeArt/TileArt/tile_braclet.png using Guid(e6f3a7a559173433090c2d5f9fc2cc1c) Importer(815301076,1909f56bfc062723c751e8b465ee728b)  -> (artifact id: 'bac07a506b018e3d62cc505c34060692') in 0.021518 seconds 
========================================================================
Received Import Request.
  Time since last request: 21.255914 seconds.
  path: Assets/Art/BathtimeArt/TileArt/tile_boat.png
  artifactKey: Guid(49e100b86ae1a410fac94d585b0c6c46) Importer(815301076,1909f56bfc062723c751e8b465ee728b)
Start importing Assets/Art/BathtimeArt/TileArt/tile_boat.png using Guid(49e100b86ae1a410fac94d585b0c6c46) Importer(815301076,1909f56bfc062723c751e8b465ee728b)  -> (artifact id: '280455105a7b416a49b21271624e2d7d') in 0.012117 seconds 
========================================================================
Received Import Request.
  Time since last request: 0.000076 seconds.
  path: Assets/Art/BathtimeArt/TileArt/tile_towel.png
  artifactKey: Guid(ecdcd913c714349e58fffb8c44ddab80) Importer(815301076,1909f56bfc062723c751e8b465ee728b)
Start importing Assets/Art/BathtimeArt/TileArt/tile_towel.png using Guid(ecdcd913c714349e58fffb8c44ddab80) Importer(815301076,1909f56bfc062723c751e8b465ee728b)  -> (artifact id: '87d0bbcd6a0e9f91cf8d03b3c7747a09') in 0.010886 seconds 
========================================================================
Received Import Request.
  Time since last request: 0.000079 seconds.
  path: Assets/Art/BathtimeArt/TileArt/tile_shampoo.png
  artifactKey: Guid(c457238eef99144568145e733bac00c1) Importer(815301076,1909f56bfc062723c751e8b465ee728b)
Start importing Assets/Art/BathtimeArt/TileArt/tile_shampoo.png using Guid(c457238eef99144568145e733bac00c1) Importer(815301076,1909f56bfc062723c751e8b465ee728b)  -> (artifact id: 'ef3dc34981455b3f2eafaa83f51ca24e') in 0.011420 seconds 
========================================================================
Received Import Request.
  Time since last request: 8.177041 seconds.
  path: Assets/Art/BathtimeArt/SceneArt
  artifactKey: Guid(9841c6f970204444ea8ed96a23a1bab1) Importer(815301076,1909f56bfc062723c751e8b465ee728b)
Start importing Assets/Art/BathtimeArt/SceneArt using Guid(9841c6f970204444ea8ed96a23a1bab1) Importer(815301076,1909f56bfc062723c751e8b465ee728b)  -> (artifact id: 'c6577c9e0e95db7534bcc6ad8aeb2849') in 0.001185 seconds 
========================================================================
Received Import Request.
  Time since last request: 0.045227 seconds.
  path: Assets/Art/BathtimeArt/SceneArt/granny_talking.png
  artifactKey: Guid(77be81ea133d14b92b0058fe3b8af929) Importer(815301076,1909f56bfc062723c751e8b465ee728b)
Start importing Assets/Art/BathtimeArt/SceneArt/granny_talking.png using Guid(77be81ea133d14b92b0058fe3b8af929) Importer(815301076,1909f56bfc062723c751e8b465ee728b)  -> (artifact id: '3b004b6a12e843a9d32c3fe665e34083') in 0.057623 seconds 
========================================================================
Received Import Request.
  Time since last request: 9.963484 seconds.
  path: Assets/Art/BathtimeArt/SceneArt/Artboard 12.png
  artifactKey: Guid(defd645a5028e49b594259244bf5bc9d) Importer(815301076,1909f56bfc062723c751e8b465ee728b)
Start importing Assets/Art/BathtimeArt/SceneArt/Artboard 12.png using Guid(defd645a5028e49b594259244bf5bc9d) Importer(815301076,1909f56bfc062723c751e8b465ee728b)  -> (artifact id: '798d42ee65d5a9f2053f1e70183f6013') in 0.049441 seconds 
========================================================================
Received Import Request.
  Time since last request: 0.000050 seconds.
  path: Assets/Art/BathtimeArt/SceneArt/bathroom_screenGuide.png
  artifactKey: Guid(7340c1f222b4543d391b95a3d8b24d72) Importer(815301076,1909f56bfc062723c751e8b465ee728b)
Start importing Assets/Art/BathtimeArt/SceneArt/bathroom_screenGuide.png using Guid(7340c1f222b4543d391b95a3d8b24d72) Importer(815301076,1909f56bfc062723c751e8b465ee728b)  -> (artifact id: 'c9550929212b5c445a383471cb158291') in 0.058453 seconds 
========================================================================
Received Import Request.
  Time since last request: 124.330166 seconds.
  path: Assets/ScriptableObjects/Scenarios/Jewlery.asset
  artifactKey: Guid(dac6715063e0a4d2f8b3422753b67984) Importer(815301076,1909f56bfc062723c751e8b465ee728b)
Start importing Assets/ScriptableObjects/Scenarios/Jewlery.asset using Guid(dac6715063e0a4d2f8b3422753b67984) Importer(815301076,1909f56bfc062723c751e8b465ee728b)  -> (artifact id: 'b332e71b6ab78d8ced8b3bf22af3ad22') in 0.492496 seconds 
========================================================================
Received Import Request.
  Time since last request: 11.165603 seconds.
  path: Assets/ScriptableObjects/Scenarios/Bathtime.asset
  artifactKey: Guid(0a53d893781e34ebfbe3aa83f9c7f928) Importer(815301076,1909f56bfc062723c751e8b465ee728b)
Start importing Assets/ScriptableObjects/Scenarios/Bathtime.asset using Guid(0a53d893781e34ebfbe3aa83f9c7f928) Importer(815301076,1909f56bfc062723c751e8b465ee728b)  -> (artifact id: 'b7701fda46a121aad8c06c37cf0c598b') in 0.002494 seconds 
========================================================================
Received Import Request.
  Time since last request: 14.572988 seconds.
  path: Assets/ScriptableObjects/ScriptableObjectScripts/Scenario.cs
  artifactKey: Guid(72621fac1367848879648d383de9f6fa) Importer(815301076,1909f56bfc062723c751e8b465ee728b)
Start importing Assets/ScriptableObjects/ScriptableObjectScripts/Scenario.cs using Guid(72621fac1367848879648d383de9f6fa) Importer(815301076,1909f56bfc062723c751e8b465ee728b)  -> (artifact id: '642dcee2fce5497b3ecc2d688428f083') in 1.012995 seconds 
========================================================================
Received Prepare
Registering precompiled user dll's ...
Registered in 0.002761 seconds.
Begin MonoManager ReloadAssembly
Symbol file LoadedFromMemory doesn't match image /Users/chloefarr/Documents/GitHub/Unity/GrandmasPlayhouse/Bathtime/Library/PackageCache/com.unity.visualscripting@1.7.6/Editor/VisualScripting.Core/Dependencies/YamlDotNet/Unity.VisualScripting.YamlDotNet.dll
Symbol file LoadedFromMemory doesn't match image /Users/chloefarr/Documents/GitHub/Unity/GrandmasPlayhouse/Bathtime/Library/PackageCache/com.unity.visualscripting@1.7.6/Editor/VisualScripting.Core/Dependencies/DotNetZip/Unity.VisualScripting.IonicZip.dll
Native extension for OSXStandalone target not found
Native extension for WebGL target not found
Refreshing native plugins compatible for Editor in 0.81 ms, found 3 plugins.
Preloading 0 native plugins for Editor in 0.00 ms.
Mono: successfully reloaded assembly
- Completed reload, in  3.003 seconds
Domain Reload Profiling:
	ReloadAssembly (3005ms)
		BeginReloadAssembly (315ms)
			ExecutionOrderSort (0ms)
			DisableScriptedObjects (47ms)
			BackupInstance (0ms)
			ReleaseScriptingObjects (0ms)
			CreateAndSetChildDomain (85ms)
		EndReloadAssembly (2424ms)
			LoadAssemblies (154ms)
			RebuildTransferFunctionScriptingTraits (0ms)
			SetupTypeCache (364ms)
			ReleaseScriptCaches (1ms)
			RebuildScriptCaches (64ms)
			SetupLoadedEditorAssemblies (1602ms)
				LogAssemblyErrors (0ms)
				InitializePlatformSupportModulesInManaged (41ms)
				SetLoadedEditorAssemblies (1ms)
				RefreshPlugins (1ms)
				BeforeProcessingInitializeOnLoad (148ms)
				ProcessInitializeOnLoadAttributes (1272ms)
				ProcessInitializeOnLoadMethodAttributes (138ms)
				AfterProcessingInitializeOnLoad (1ms)
				EditorAssembliesLoaded (0ms)
			ExecutionOrderSort2 (0ms)
			AwakeInstancesAfterBackupRestoration (44ms)
Platform modules already initialized, skipping
Refreshing native plugins compatible for Editor in 0.73 ms, found 3 plugins.
Preloading 0 native plugins for Editor in 0.00 ms.
Unloading 3926 Unused Serialized files (Serialized files now loaded: 0)
Unloading 32 unused Assets / (174.7 KB). Loaded Objects now: 4581.
Memory consumption went from 291.6 MB to 291.4 MB.
Total: 3.839458 ms (FindLiveObjects: 0.267583 ms CreateObjectMapping: 0.119708 ms MarkObjects: 3.301916 ms  DeleteObjects: 0.148833 ms)

AssetImportParameters requested are different than current active one (requested -> active):
  custom:video-decoder-ogg-theora: a1e56fd34408186e4bbccfd4996cb3dc -> 
  custom:container-muxer-webm: aa71ff27fc2769a1b78a27578f13a17b -> 
  custom:container-demuxer-webm: 4f35f7cbe854078d1ac9338744f61a02 -> 
  custom:video-encoder-webm-vp8: eb34c28f22e8b96e1ab97ce403110664 -> 
  custom:framework-osx-AVFoundation: e770b220cccbd017edd2c1fefb359320 -> 
  custom:audio-encoder-webm-vorbis: bf7c407c2cedff20999df2af8eb42d56 -> 
  custom:container-demuxer-ogg: 62fdf1f143b41e24485cea50d1cbac27 -> 
  custom:video-decoder-webm-vp8: 9c59270c3fd7afecdb556c50c9e8de78 -> 
  custom:audio-decoder-ogg-vorbis: bf7c407c2cedff20999df2af8eb42d56 -> 
========================================================================
Received Import Request.
  Time since last request: 633.553709 seconds.
  path: Assets/ScriptableObjects/ScriptableObjectScripts/Scenario.cs
  artifactKey: Guid(72621fac1367848879648d383de9f6fa) Importer(815301076,1909f56bfc062723c751e8b465ee728b)
Start importing Assets/ScriptableObjects/ScriptableObjectScripts/Scenario.cs using Guid(72621fac1367848879648d383de9f6fa) Importer(815301076,1909f56bfc062723c751e8b465ee728b)  -> (artifact id: 'b17651d795a3363175dfd3876e84c217') in 0.011551 seconds 
========================================================================
Received Prepare
Registering precompiled user dll's ...
Registered in 0.002804 seconds.
Begin MonoManager ReloadAssembly
Symbol file LoadedFromMemory doesn't match image /Users/chloefarr/Documents/GitHub/Unity/GrandmasPlayhouse/Bathtime/Library/PackageCache/com.unity.visualscripting@1.7.6/Editor/VisualScripting.Core/Dependencies/YamlDotNet/Unity.VisualScripting.YamlDotNet.dll
Symbol file LoadedFromMemory doesn't match image /Users/chloefarr/Documents/GitHub/Unity/GrandmasPlayhouse/Bathtime/Library/PackageCache/com.unity.visualscripting@1.7.6/Editor/VisualScripting.Core/Dependencies/DotNetZip/Unity.VisualScripting.IonicZip.dll
Native extension for OSXStandalone target not found
Native extension for WebGL target not found
Refreshing native plugins compatible for Editor in 0.76 ms, found 3 plugins.
Preloading 0 native plugins for Editor in 0.00 ms.
Mono: successfully reloaded assembly
- Completed reload, in  2.941 seconds
Domain Reload Profiling:
	ReloadAssembly (2944ms)
		BeginReloadAssembly (283ms)
			ExecutionOrderSort (0ms)
			DisableScriptedObjects (57ms)
			BackupInstance (0ms)
			ReleaseScriptingObjects (0ms)
			CreateAndSetChildDomain (78ms)
		EndReloadAssembly (2390ms)
			LoadAssemblies (120ms)
			RebuildTransferFunctionScriptingTraits (0ms)
			SetupTypeCache (360ms)
			ReleaseScriptCaches (1ms)
			RebuildScriptCaches (64ms)
			SetupLoadedEditorAssemblies (1590ms)
				LogAssemblyErrors (0ms)
				InitializePlatformSupportModulesInManaged (38ms)
				SetLoadedEditorAssemblies (2ms)
				RefreshPlugins (1ms)
				BeforeProcessingInitializeOnLoad (146ms)
				ProcessInitializeOnLoadAttributes (1263ms)
				ProcessInitializeOnLoadMethodAttributes (139ms)
				AfterProcessingInitializeOnLoad (1ms)
				EditorAssembliesLoaded (0ms)
			ExecutionOrderSort2 (0ms)
			AwakeInstancesAfterBackupRestoration (38ms)
Platform modules already initialized, skipping
Refreshing native plugins compatible for Editor in 0.77 ms, found 3 plugins.
Preloading 0 native plugins for Editor in 0.00 ms.
Unloading 3916 Unused Serialized files (Serialized files now loaded: 0)
Unloading 32 unused Assets / (174.9 KB). Loaded Objects now: 4583.
Memory consumption went from 291.4 MB to 291.3 MB.
Total: 3.771916 ms (FindLiveObjects: 0.264042 ms CreateObjectMapping: 0.118083 ms MarkObjects: 3.188750 ms  DeleteObjects: 0.199791 ms)

AssetImportParameters requested are different than current active one (requested -> active):
  custom:video-decoder-ogg-theora: a1e56fd34408186e4bbccfd4996cb3dc -> 
  custom:container-muxer-webm: aa71ff27fc2769a1b78a27578f13a17b -> 
  custom:container-demuxer-webm: 4f35f7cbe854078d1ac9338744f61a02 -> 
  custom:video-encoder-webm-vp8: eb34c28f22e8b96e1ab97ce403110664 -> 
  custom:framework-osx-AVFoundation: e770b220cccbd017edd2c1fefb359320 -> 
  custom:audio-encoder-webm-vorbis: bf7c407c2cedff20999df2af8eb42d56 -> 
  custom:container-demuxer-ogg: 62fdf1f143b41e24485cea50d1cbac27 -> 
  custom:video-decoder-webm-vp8: 9c59270c3fd7afecdb556c50c9e8de78 -> 
  custom:audio-decoder-ogg-vorbis: bf7c407c2cedff20999df2af8eb42d56 -> 
========================================================================
Received Import Request.
  Time since last request: 193.504041 seconds.
  path: Assets/ScriptableObjects/ScriptableObjectScripts/Scenario.cs
  artifactKey: Guid(72621fac1367848879648d383de9f6fa) Importer(815301076,1909f56bfc062723c751e8b465ee728b)
Start importing Assets/ScriptableObjects/ScriptableObjectScripts/Scenario.cs using Guid(72621fac1367848879648d383de9f6fa) Importer(815301076,1909f56bfc062723c751e8b465ee728b)  -> (artifact id: '923d05b531d82a8b0f04f6ae38c14349') in 0.007923 seconds 
========================================================================
Received Import Request.
  Time since last request: 26.723211 seconds.
  path: Assets/Audio/Set the table/EffectsAudio/woosh.mp3
  artifactKey: Guid(c657675f04e04487980e08cecd52ab35) Importer(815301076,1909f56bfc062723c751e8b465ee728b)
Start importing Assets/Audio/Set the table/EffectsAudio/woosh.mp3 using Guid(c657675f04e04487980e08cecd52ab35) Importer(815301076,1909f56bfc062723c751e8b465ee728b)  -> (artifact id: 'a58327d4bb2ce59a715479b295932185') in 0.759363 seconds 
========================================================================
Received Import Request.
  Time since last request: 0.139981 seconds.
  path: Assets/Audio/Set the table/Scene Audio/DL_GoodJob.wav
  artifactKey: Guid(aa755537d2f414166acf4dc569ba66b4) Importer(815301076,1909f56bfc062723c751e8b465ee728b)
Start importing Assets/Audio/Set the table/Scene Audio/DL_GoodJob.wav using Guid(aa755537d2f414166acf4dc569ba66b4) Importer(815301076,1909f56bfc062723c751e8b465ee728b)  -> (artifact id: '518b8e7ded8c9cba254ba2adb9d299b5') in 0.150445 seconds 
========================================================================
Received Import Request.
  Time since last request: 0.000070 seconds.
  path: Assets/Audio/Set the table/Scene Audio/DL_STT_wayTOgo.wav
  artifactKey: Guid(776dd7f80b5884c3899b1131794fdb7c) Importer(815301076,1909f56bfc062723c751e8b465ee728b)
Start importing Assets/Audio/Set the table/Scene Audio/DL_STT_wayTOgo.wav using Guid(776dd7f80b5884c3899b1131794fdb7c) Importer(815301076,1909f56bfc062723c751e8b465ee728b)  -> (artifact id: '246e3c0199de0ea2bc748a82d95d39ac') in 0.007559 seconds 
========================================================================
Received Import Request.
  Time since last request: 32.950398 seconds.
  path: Assets/Audio/DL_PleaseAgain.wav
  artifactKey: Guid(31bdc0061c73f4bac9e6fefdd67d969a) Importer(815301076,1909f56bfc062723c751e8b465ee728b)
Start importing Assets/Audio/DL_PleaseAgain.wav using Guid(31bdc0061c73f4bac9e6fefdd67d969a) Importer(815301076,1909f56bfc062723c751e8b465ee728b)  -> (artifact id: '85faf4efebde508b0d1d70bcfd71d061') in 0.008582 seconds 
========================================================================
Received Import Request.
  Time since last request: 5.911862 seconds.
  path: Assets/Audio/Jewlery
  artifactKey: Guid(e1ffb96d1796a4d44a2c34c415f38582) Importer(815301076,1909f56bfc062723c751e8b465ee728b)
Start importing Assets/Audio/Jewlery using Guid(e1ffb96d1796a4d44a2c34c415f38582) Importer(815301076,1909f56bfc062723c751e8b465ee728b)  -> (artifact id: '85c13b29a0d326a5c923ea6deb4b599b') in 0.001220 seconds 
========================================================================
Received Import Request.
  Time since last request: 6.319097 seconds.
  path: Assets/Audio/Jewlery/SceneAudio/DL_GRANNYJ_CLOSING.wav
  artifactKey: Guid(e93117c345c6a4f7fb5ee644a948f85a) Importer(815301076,1909f56bfc062723c751e8b465ee728b)
Start importing Assets/Audio/Jewlery/SceneAudio/DL_GRANNYJ_CLOSING.wav using Guid(e93117c345c6a4f7fb5ee644a948f85a) Importer(815301076,1909f56bfc062723c751e8b465ee728b)  -> (artifact id: '5932950bb02eecaf1c3063c9481a2b01') in 0.013544 seconds 
========================================================================
Received Import Request.
  Time since last request: 54.163991 seconds.
  path: Assets/Scenes/DragScene.scenetemplate
  artifactKey: Guid(1cb64834da2644585aa4fc4e93d3c6ff) Importer(815301076,1909f56bfc062723c751e8b465ee728b)
Start importing Assets/Scenes/DragScene.scenetemplate using Guid(1cb64834da2644585aa4fc4e93d3c6ff) Importer(815301076,1909f56bfc062723c751e8b465ee728b)  -> (artifact id: '24834a25e1f2eee5bbb1c52936ce82f7') in 0.188654 seconds 
========================================================================
Received Import Request.
  Time since last request: 4.312844 seconds.
  path: Assets/Scenes/Jewelry.unity
  artifactKey: Guid(5b1986468e5684cb98d182afc11e80ea) Importer(815301076,1909f56bfc062723c751e8b465ee728b)
Start importing Assets/Scenes/Jewelry.unity using Guid(5b1986468e5684cb98d182afc11e80ea) Importer(815301076,1909f56bfc062723c751e8b465ee728b)  -> (artifact id: '7d23041ba8e7eac40bf5b74c0a8ba6f1') in 0.001678 seconds 
========================================================================
Received Import Request.
  Time since last request: 10.176009 seconds.
  path: Assets/Scenes/Bathtime.unity
  artifactKey: Guid(5b1986468e5684cb98d182afc11e80ea) Importer(815301076,1909f56bfc062723c751e8b465ee728b)
Start importing Assets/Scenes/Bathtime.unity using Guid(5b1986468e5684cb98d182afc11e80ea) Importer(815301076,1909f56bfc062723c751e8b465ee728b)  -> (artifact id: '28f14c1ca10c247c892e9be6496a92cc') in 0.002155 seconds 
========================================================================
Received Import Request.
  Time since last request: 21.794381 seconds.
  path: Assets/Scenes/Home.unity
  artifactKey: Guid(3db987f7f86ad448db82839ca8d7ec3d) Importer(815301076,1909f56bfc062723c751e8b465ee728b)
Start importing Assets/Scenes/Home.unity using Guid(3db987f7f86ad448db82839ca8d7ec3d) Importer(815301076,1909f56bfc062723c751e8b465ee728b)  -> (artifact id: '4395cbf417a11b8537002b1638a11a02') in 0.001565 seconds 
========================================================================
Received Import Request.
  Time since last request: 491.200525 seconds.
  path: Assets/Audio/Bathtime/SceneAudio
  artifactKey: Guid(fa6be6e9080f64d2d8faaf17eab2fa29) Importer(815301076,1909f56bfc062723c751e8b465ee728b)
Start importing Assets/Audio/Bathtime/SceneAudio using Guid(fa6be6e9080f64d2d8faaf17eab2fa29) Importer(815301076,1909f56bfc062723c751e8b465ee728b)  -> (artifact id: 'c07a2a76eed4c23246326abe2317cb16') in 0.001563 seconds 
========================================================================
Received Import Request.
  Time since last request: 35.417110 seconds.
  path: Assets/Audio/Bathtime/InstructionsAudio
  artifactKey: Guid(c0352817cb24f43f1b04db531532b495) Importer(815301076,1909f56bfc062723c751e8b465ee728b)
Start importing Assets/Audio/Bathtime/InstructionsAudio using Guid(c0352817cb24f43f1b04db531532b495) Importer(815301076,1909f56bfc062723c751e8b465ee728b)  -> (artifact id: '17e73b16636399570a4978e33e6010b4') in 0.001905 seconds 
========================================================================
Received Import Request.
  Time since last request: 0.689756 seconds.
  path: Assets/Audio/Bathtime/ItemAudio
  artifactKey: Guid(022361e932087498eafac072d8acc62e) Importer(815301076,1909f56bfc062723c751e8b465ee728b)
Start importing Assets/Audio/Bathtime/ItemAudio using Guid(022361e932087498eafac072d8acc62e) Importer(815301076,1909f56bfc062723c751e8b465ee728b)  -> (artifact id: '0eaa29e1a157e221998cde2982cec6c3') in 0.001713 seconds 
========================================================================
Received Import Request.
  Time since last request: 0.091773 seconds.
  path: Assets/Audio/Bathtime/ItemAudio/DL_GrannyJ_vocab_bracelet.wav
  artifactKey: Guid(afe9c663b0bad45d1930bad69c7e97dc) Importer(815301076,1909f56bfc062723c751e8b465ee728b)
Start importing Assets/Audio/Bathtime/ItemAudio/DL_GrannyJ_vocab_bracelet.wav using Guid(afe9c663b0bad45d1930bad69c7e97dc) Importer(815301076,1909f56bfc062723c751e8b465ee728b)  -> (artifact id: '0978d75f97b76b6d750ac5bc59d1f2a8') in 0.010108 seconds 
========================================================================
Received Import Request.
  Time since last request: 90.245136 seconds.
  path: Assets/Audio/Bathtime/ItemAudio/DL_Bathtime_Vocab_SHAMPOO.wav
  artifactKey: Guid(8276f9e38b01b4c35bb764cac46f75d9) Importer(815301076,1909f56bfc062723c751e8b465ee728b)
Start importing Assets/Audio/Bathtime/ItemAudio/DL_Bathtime_Vocab_SHAMPOO.wav using Guid(8276f9e38b01b4c35bb764cac46f75d9) Importer(815301076,1909f56bfc062723c751e8b465ee728b)  -> (artifact id: '96cd905b0de4c94b0ea7ec70fc1e84d4') in 0.008439 seconds 
========================================================================
Received Import Request.
  Time since last request: 0.000061 seconds.
  path: Assets/Audio/Bathtime/ItemAudio/DL_Bathtime_Vocab_WASHCLOTH.wav
  artifactKey: Guid(bbd263e650a9f4e5e966f46edb35291e) Importer(815301076,1909f56bfc062723c751e8b465ee728b)
Start importing Assets/Audio/Bathtime/ItemAudio/DL_Bathtime_Vocab_WASHCLOTH.wav using Guid(bbd263e650a9f4e5e966f46edb35291e) Importer(815301076,1909f56bfc062723c751e8b465ee728b)  -> (artifact id: '693904a458cb3be51d209bbe0cf72622') in 0.007160 seconds 
========================================================================
Received Import Request.
  Time since last request: 0.000062 seconds.
  path: Assets/Audio/Bathtime/ItemAudio/DL_Bathtime_Vocab_TOYBOAT.wav
  artifactKey: Guid(527cf2b14637d46f0a42314e7cdea47b) Importer(815301076,1909f56bfc062723c751e8b465ee728b)
Start importing Assets/Audio/Bathtime/ItemAudio/DL_Bathtime_Vocab_TOYBOAT.wav using Guid(527cf2b14637d46f0a42314e7cdea47b) Importer(815301076,1909f56bfc062723c751e8b465ee728b)  -> (artifact id: 'ea721ecad6abcb08d6cce967621dba80') in 0.007086 seconds 
========================================================================
Received Import Request.
  Time since last request: 0.000068 seconds.
  path: Assets/Audio/Bathtime/ItemAudio/DL_Bathtime_Vocab_TOYorca.wav
  artifactKey: Guid(5733c61d90b5e4e1a9dc9714b7018ef6) Importer(815301076,1909f56bfc062723c751e8b465ee728b)
Start importing Assets/Audio/Bathtime/ItemAudio/DL_Bathtime_Vocab_TOYorca.wav using Guid(5733c61d90b5e4e1a9dc9714b7018ef6) Importer(815301076,1909f56bfc062723c751e8b465ee728b)  -> (artifact id: '9b716287978f8663e6b4a145694a18b2') in 0.007570 seconds 
========================================================================
Received Import Request.
  Time since last request: 3.784852 seconds.
  path: Assets/Audio/Bathtime/InstructionsAudio/DL_PBMM_BROACH.wav
  artifactKey: Guid(1b329b26d8a0940b78d87eb34ab0b636) Importer(815301076,1909f56bfc062723c751e8b465ee728b)
Start importing Assets/Audio/Bathtime/InstructionsAudio/DL_PBMM_BROACH.wav using Guid(1b329b26d8a0940b78d87eb34ab0b636) Importer(815301076,1909f56bfc062723c751e8b465ee728b)  -> (artifact id: 'c04e908b5d627c56daaa4b2903a1d1de') in 0.008610 seconds 
========================================================================
Received Import Request.
  Time since last request: 20.828594 seconds.
  path: Assets/Audio/Bathtime/InstructionsAudio/DL_Bathtime_Repeater_SHAMPOO.wav
  artifactKey: Guid(de5f86814592143fa82a2824d4150338) Importer(815301076,1909f56bfc062723c751e8b465ee728b)
Start importing Assets/Audio/Bathtime/InstructionsAudio/DL_Bathtime_Repeater_SHAMPOO.wav using Guid(de5f86814592143fa82a2824d4150338) Importer(815301076,1909f56bfc062723c751e8b465ee728b)  -> (artifact id: '5b41b3f651e9c5351f7a136813be55b2') in 0.007925 seconds 
========================================================================
Received Import Request.
  Time since last request: 0.000072 seconds.
  path: Assets/Audio/Bathtime/InstructionsAudio/DL_Bathtime_Repeater_ToyFrog.wav
  artifactKey: Guid(7756337bfe21a46aca7db29115bd7011) Importer(815301076,1909f56bfc062723c751e8b465ee728b)
Start importing Assets/Audio/Bathtime/InstructionsAudio/DL_Bathtime_Repeater_ToyFrog.wav using Guid(7756337bfe21a46aca7db29115bd7011) Importer(815301076,1909f56bfc062723c751e8b465ee728b)  -> (artifact id: '519643923d61cec5e4d58e00f12cd659') in 0.007901 seconds 
========================================================================
Received Import Request.
  Time since last request: 0.000082 seconds.
  path: Assets/Audio/Bathtime/InstructionsAudio/DL_Bathtime_Repeater_ToyDuck.wav
  artifactKey: Guid(eef9435c3cabc4696afcd8c2db274c47) Importer(815301076,1909f56bfc062723c751e8b465ee728b)
Start importing Assets/Audio/Bathtime/InstructionsAudio/DL_Bathtime_Repeater_ToyDuck.wav using Guid(eef9435c3cabc4696afcd8c2db274c47) Importer(815301076,1909f56bfc062723c751e8b465ee728b)  -> (artifact id: '4f1b99f2c35015a04a9500c6bb00b7f8') in 0.007654 seconds 
========================================================================
Received Import Request.
  Time since last request: 0.000060 seconds.
  path: Assets/Audio/Bathtime/InstructionsAudio/DL_Bathtime_Repeater_WashCloth.wav
  artifactKey: Guid(c935d6a64bc5342878da017efbc826f5) Importer(815301076,1909f56bfc062723c751e8b465ee728b)
Start importing Assets/Audio/Bathtime/InstructionsAudio/DL_Bathtime_Repeater_WashCloth.wav using Guid(c935d6a64bc5342878da017efbc826f5) Importer(815301076,1909f56bfc062723c751e8b465ee728b)  -> (artifact id: '013a257881bd5c5e8f4e615b1681e729') in 0.007705 seconds 
========================================================================
Received Import Request.
  Time since last request: 32.187527 seconds.
  path: Assets/Audio/Bathtime/SceneAudio/DL_Bathtime_Closer.wav
  artifactKey: Guid(cfb74c0fcd6dc4620965262f950266b2) Importer(815301076,1909f56bfc062723c751e8b465ee728b)
Start importing Assets/Audio/Bathtime/SceneAudio/DL_Bathtime_Closer.wav using Guid(cfb74c0fcd6dc4620965262f950266b2) Importer(815301076,1909f56bfc062723c751e8b465ee728b)  -> (artifact id: 'c118614b41595b89d32ab5bb93423983') in 0.008441 seconds 
========================================================================
Received Import Request.
  Time since last request: 0.000068 seconds.
  path: Assets/Audio/Bathtime/SceneAudio/DL_Bathtime_Success1.wav
  artifactKey: Guid(b1d44ad1a7ee34da7a4a36477183af62) Importer(815301076,1909f56bfc062723c751e8b465ee728b)
Start importing Assets/Audio/Bathtime/SceneAudio/DL_Bathtime_Success1.wav using Guid(b1d44ad1a7ee34da7a4a36477183af62) Importer(815301076,1909f56bfc062723c751e8b465ee728b)  -> (artifact id: 'e5e801eea7faf85a0c1202f638b959af') in 0.007315 seconds 
========================================================================
Received Import Request.
  Time since last request: 0.000067 seconds.
  path: Assets/Audio/Bathtime/SceneAudio/DL_Bathtime_Success3.wav
  artifactKey: Guid(94c31c80ab3744c808a0d6a333d2f505) Importer(815301076,1909f56bfc062723c751e8b465ee728b)
Start importing Assets/Audio/Bathtime/SceneAudio/DL_Bathtime_Success3.wav using Guid(94c31c80ab3744c808a0d6a333d2f505) Importer(815301076,1909f56bfc062723c751e8b465ee728b)  -> (artifact id: '46256a98fed80d9d445c569516e60683') in 0.006908 seconds 
========================================================================
Received Import Request.
  Time since last request: 204.990884 seconds.
  path: Assets/Scripts/SceneController.cs
  artifactKey: Guid(329367448652743cb82736a0227c9864) Importer(815301076,1909f56bfc062723c751e8b465ee728b)
Start importing Assets/Scripts/SceneController.cs using Guid(329367448652743cb82736a0227c9864) Importer(815301076,1909f56bfc062723c751e8b465ee728b)  -> (artifact id: '174ee881866f860dd74a69e6749332fa') in 0.001609 seconds 
========================================================================
Received Prepare
Registering precompiled user dll's ...
Registered in 0.002597 seconds.
Begin MonoManager ReloadAssembly
Symbol file LoadedFromMemory doesn't match image /Users/chloefarr/Documents/GitHub/Unity/GrandmasPlayhouse/Bathtime/Library/PackageCache/com.unity.visualscripting@1.7.6/Editor/VisualScripting.Core/Dependencies/YamlDotNet/Unity.VisualScripting.YamlDotNet.dll
Symbol file LoadedFromMemory doesn't match image /Users/chloefarr/Documents/GitHub/Unity/GrandmasPlayhouse/Bathtime/Library/PackageCache/com.unity.visualscripting@1.7.6/Editor/VisualScripting.Core/Dependencies/DotNetZip/Unity.VisualScripting.IonicZip.dll
Native extension for OSXStandalone target not found
Native extension for WebGL target not found
Refreshing native plugins compatible for Editor in 0.80 ms, found 3 plugins.
Preloading 0 native plugins for Editor in 0.00 ms.
Mono: successfully reloaded assembly
- Completed reload, in  2.967 seconds
Domain Reload Profiling:
	ReloadAssembly (2970ms)
		BeginReloadAssembly (278ms)
			ExecutionOrderSort (0ms)
			DisableScriptedObjects (51ms)
			BackupInstance (0ms)
			ReleaseScriptingObjects (0ms)
			CreateAndSetChildDomain (79ms)
		EndReloadAssembly (2392ms)
			LoadAssemblies (114ms)
			RebuildTransferFunctionScriptingTraits (0ms)
			SetupTypeCache (356ms)
			ReleaseScriptCaches (1ms)
			RebuildScriptCaches (64ms)
			SetupLoadedEditorAssemblies (1600ms)
				LogAssemblyErrors (0ms)
				InitializePlatformSupportModulesInManaged (39ms)
				SetLoadedEditorAssemblies (2ms)
				RefreshPlugins (1ms)
				BeforeProcessingInitializeOnLoad (140ms)
				ProcessInitializeOnLoadAttributes (1276ms)
				ProcessInitializeOnLoadMethodAttributes (142ms)
				AfterProcessingInitializeOnLoad (1ms)
				EditorAssembliesLoaded (0ms)
			ExecutionOrderSort2 (0ms)
			AwakeInstancesAfterBackupRestoration (38ms)
Platform modules already initialized, skipping
Refreshing native plugins compatible for Editor in 0.68 ms, found 3 plugins.
Preloading 0 native plugins for Editor in 0.00 ms.
Unloading 3916 Unused Serialized files (Serialized files now loaded: 0)
Unloading 32 unused Assets / (174.7 KB). Loaded Objects now: 4592.
Memory consumption went from 304.3 MB to 304.2 MB.
Total: 3.627917 ms (FindLiveObjects: 0.213000 ms CreateObjectMapping: 0.115250 ms MarkObjects: 3.136459 ms  DeleteObjects: 0.162125 ms)

AssetImportParameters requested are different than current active one (requested -> active):
  custom:video-decoder-ogg-theora: a1e56fd34408186e4bbccfd4996cb3dc -> 
  custom:container-muxer-webm: aa71ff27fc2769a1b78a27578f13a17b -> 
  custom:container-demuxer-webm: 4f35f7cbe854078d1ac9338744f61a02 -> 
  custom:video-encoder-webm-vp8: eb34c28f22e8b96e1ab97ce403110664 -> 
  custom:framework-osx-AVFoundation: e770b220cccbd017edd2c1fefb359320 -> 
  custom:audio-encoder-webm-vorbis: bf7c407c2cedff20999df2af8eb42d56 -> 
  custom:container-demuxer-ogg: 62fdf1f143b41e24485cea50d1cbac27 -> 
  custom:video-decoder-webm-vp8: 9c59270c3fd7afecdb556c50c9e8de78 -> 
  custom:audio-decoder-ogg-vorbis: bf7c407c2cedff20999df2af8eb42d56 -> 
========================================================================
Received Import Request.
  Time since last request: 23.098970 seconds.
  path: Assets/Scripts/SceneController.cs
  artifactKey: Guid(329367448652743cb82736a0227c9864) Importer(815301076,1909f56bfc062723c751e8b465ee728b)
Start importing Assets/Scripts/SceneController.cs using Guid(329367448652743cb82736a0227c9864) Importer(815301076,1909f56bfc062723c751e8b465ee728b)  -> (artifact id: '4b048b0ebe21e06592adc1f5ab319b29') in 0.008309 seconds 
========================================================================
Received Import Request.
  Time since last request: 523.611096 seconds.
  path: Assets/Art/BathtimeArt/SceneArt/BathtubToFill.png
  artifactKey: Guid(9753f2188c5d44d6896be7222b02d2db) Importer(815301076,1909f56bfc062723c751e8b465ee728b)
Start importing Assets/Art/BathtimeArt/SceneArt/BathtubToFill.png using Guid(9753f2188c5d44d6896be7222b02d2db) Importer(815301076,1909f56bfc062723c751e8b465ee728b)  -> (artifact id: '0064445ff72561a9e878387e3ee08d81') in 0.173467 seconds 
========================================================================
Received Import Request.
  Time since last request: 59.018196 seconds.
  path: Assets/BathtubToFill.png
  artifactKey: Guid(7ee057ff2bdaa46708a294c756cdaedd) Importer(815301076,1909f56bfc062723c751e8b465ee728b)
Start importing Assets/BathtubToFill.png using Guid(7ee057ff2bdaa46708a294c756cdaedd) Importer(815301076,1909f56bfc062723c751e8b465ee728b)  -> (artifact id: 'cbfc28a3c2c595f8e1ed548a78af16d9') in 0.192180 seconds 
========================================================================
Received Import Request.
  Time since last request: 257.507993 seconds.
  path: Assets/Art/BathtimeArt/SceneArt/grandma instructions UI.png
  artifactKey: Guid(517fd4581c5ee472f97a901093f3fca6) Importer(815301076,1909f56bfc062723c751e8b465ee728b)
Start importing Assets/Art/BathtimeArt/SceneArt/grandma instructions UI.png using Guid(517fd4581c5ee472f97a901093f3fca6) Importer(815301076,1909f56bfc062723c751e8b465ee728b)  -> (artifact id: '9cbb01f1a9807e0af810b4847c11423e') in 0.029249 seconds 
========================================================================
Received Import Request.
  Time since last request: 226.789626 seconds.
  path: Assets/ScriptableObjects/Scenarios/Bathtime.asset
  artifactKey: Guid(0a53d893781e34ebfbe3aa83f9c7f928) Importer(815301076,1909f56bfc062723c751e8b465ee728b)
Start importing Assets/ScriptableObjects/Scenarios/Bathtime.asset using Guid(0a53d893781e34ebfbe3aa83f9c7f928) Importer(815301076,1909f56bfc062723c751e8b465ee728b)  -> (artifact id: 'fcff4ad68342b52e0132fa4b054a9f39') in 0.007332 seconds 
========================================================================
Received Import Request.
  Time since last request: 82.424791 seconds.
  path: Assets/Prefabs/JewleryItems
  artifactKey: Guid(69915ce91ddb14cc38827e5970169a5e) Importer(815301076,1909f56bfc062723c751e8b465ee728b)
Start importing Assets/Prefabs/JewleryItems using Guid(69915ce91ddb14cc38827e5970169a5e) Importer(815301076,1909f56bfc062723c751e8b465ee728b)  -> (artifact id: '5f2639f040fbc3629cadad162d638c88') in 0.002054 seconds 
========================================================================
Received Import Request.
  Time since last request: 1.298225 seconds.
  path: Assets/Prefabs/JewleryItems/bracelet.prefab
  artifactKey: Guid(56fdcb790d8124359b915218ffffff6b) Importer(815301076,1909f56bfc062723c751e8b465ee728b)
Start importing Assets/Prefabs/JewleryItems/bracelet.prefab using Guid(56fdcb790d8124359b915218ffffff6b) Importer(815301076,1909f56bfc062723c751e8b465ee728b)  -> (artifact id: '27bc4929d4e173c9c24e4fc3fa410bfe') in 0.163028 seconds 
========================================================================
Received Import Request.
  Time since last request: 54.190937 seconds.
  path: Assets/ScriptableObjects/Items
  artifactKey: Guid(94f0769dddedb4483958ce701455233f) Importer(815301076,1909f56bfc062723c751e8b465ee728b)
Start importing Assets/ScriptableObjects/Items using Guid(94f0769dddedb4483958ce701455233f) Importer(815301076,1909f56bfc062723c751e8b465ee728b)  -> (artifact id: '920836ae275f7fba3cf1e6dc998aaa03') in 0.002489 seconds 
========================================================================
Received Import Request.
  Time since last request: 2.237395 seconds.
  path: Assets/ScriptableObjects/Items/Jewlery
  artifactKey: Guid(b028dddedbe6b4593be18f65e8ad8278) Importer(815301076,1909f56bfc062723c751e8b465ee728b)
Start importing Assets/ScriptableObjects/Items/Jewlery using Guid(b028dddedbe6b4593be18f65e8ad8278) Importer(815301076,1909f56bfc062723c751e8b465ee728b)  -> (artifact id: '77a888fece6da14a7a24087a4a67ab8c') in 0.001232 seconds 
========================================================================
Received Import Request.
  Time since last request: 9.203497 seconds.
  path: Assets/ScriptableObjects/Items/Bathtime
  artifactKey: Guid(b028dddedbe6b4593be18f65e8ad8278) Importer(815301076,1909f56bfc062723c751e8b465ee728b)
Start importing Assets/ScriptableObjects/Items/Bathtime using Guid(b028dddedbe6b4593be18f65e8ad8278) Importer(815301076,1909f56bfc062723c751e8b465ee728b)  -> (artifact id: '502df55a3268fd3352acf35a78e1f446') in 0.000941 seconds 
========================================================================
Received Import Request.
  Time since last request: 7.512095 seconds.
  path: Assets/Prefabs/Bathtime Items
  artifactKey: Guid(69915ce91ddb14cc38827e5970169a5e) Importer(815301076,1909f56bfc062723c751e8b465ee728b)
Start importing Assets/Prefabs/Bathtime Items using Guid(69915ce91ddb14cc38827e5970169a5e) Importer(815301076,1909f56bfc062723c751e8b465ee728b)  -> (artifact id: 'c198b8b987dd0bfa58eedc044daf36ac') in 0.001056 seconds 
========================================================================
Received Import Request.
  Time since last request: 2.732250 seconds.
  path: Assets/ScriptableObjects/Items/Bathtime/bracelet.asset
  artifactKey: Guid(7eb7d7fcbac90419f8ab661226cf3a48) Importer(815301076,1909f56bfc062723c751e8b465ee728b)
Start importing Assets/ScriptableObjects/Items/Bathtime/bracelet.asset using Guid(7eb7d7fcbac90419f8ab661226cf3a48) Importer(815301076,1909f56bfc062723c751e8b465ee728b)  -> (artifact id: 'eee57fcda931de93a5205e983b861864') in 0.002872 seconds 
========================================================================
Received Import Request.
  Time since last request: 6.162705 seconds.
  path: Assets/ScriptableObjects/Items/Bathtime/towel.asset
  artifactKey: Guid(7eb7d7fcbac90419f8ab661226cf3a48) Importer(815301076,1909f56bfc062723c751e8b465ee728b)
Start importing Assets/ScriptableObjects/Items/Bathtime/towel.asset using Guid(7eb7d7fcbac90419f8ab661226cf3a48) Importer(815301076,1909f56bfc062723c751e8b465ee728b)  -> (artifact id: 'd9fa20db2158042ab5fc0774fb3a5846') in 0.002006 seconds 
========================================================================
Received Import Request.
  Time since last request: 269.970830 seconds.
  path: Assets/ScriptableObjects/Items/Bathtime/shampoo.asset
  artifactKey: Guid(e84d3752853394e428224194dd210710) Importer(815301076,1909f56bfc062723c751e8b465ee728b)
Start importing Assets/ScriptableObjects/Items/Bathtime/shampoo.asset using Guid(e84d3752853394e428224194dd210710) Importer(815301076,1909f56bfc062723c751e8b465ee728b)  -> (artifact id: 'eda32016aac2df507de4615bebb942bf') in 0.001942 seconds 
========================================================================
Received Import Request.
  Time since last request: 4.943132 seconds.
  path: Assets/ScriptableObjects/ScriptableObjectScripts/DraggableItem.cs
  artifactKey: Guid(50834db1fa60b4c6c90c3b0bf25b49fb) Importer(815301076,1909f56bfc062723c751e8b465ee728b)
Start importing Assets/ScriptableObjects/ScriptableObjectScripts/DraggableItem.cs using Guid(50834db1fa60b4c6c90c3b0bf25b49fb) Importer(815301076,1909f56bfc062723c751e8b465ee728b)  -> (artifact id: '1b3e3baf27f0108e9230371acd4f54fa') in 0.001984 seconds 
========================================================================
Received Prepare
Registering precompiled user dll's ...
Registered in 0.002672 seconds.
Begin MonoManager ReloadAssembly
Symbol file LoadedFromMemory doesn't match image /Users/chloefarr/Documents/GitHub/Unity/GrandmasPlayhouse/Bathtime/Library/PackageCache/com.unity.visualscripting@1.7.6/Editor/VisualScripting.Core/Dependencies/YamlDotNet/Unity.VisualScripting.YamlDotNet.dll
Symbol file LoadedFromMemory doesn't match image /Users/chloefarr/Documents/GitHub/Unity/GrandmasPlayhouse/Bathtime/Library/PackageCache/com.unity.visualscripting@1.7.6/Editor/VisualScripting.Core/Dependencies/DotNetZip/Unity.VisualScripting.IonicZip.dll
Native extension for OSXStandalone target not found
Native extension for WebGL target not found
Refreshing native plugins compatible for Editor in 0.86 ms, found 3 plugins.
Preloading 0 native plugins for Editor in 0.00 ms.
Mono: successfully reloaded assembly
- Completed reload, in  2.923 seconds
Domain Reload Profiling:
	ReloadAssembly (2925ms)
		BeginReloadAssembly (280ms)
			ExecutionOrderSort (0ms)
			DisableScriptedObjects (49ms)
			BackupInstance (0ms)
			ReleaseScriptingObjects (0ms)
			CreateAndSetChildDomain (79ms)
		EndReloadAssembly (2372ms)
			LoadAssemblies (119ms)
			RebuildTransferFunctionScriptingTraits (0ms)
			SetupTypeCache (356ms)
			ReleaseScriptCaches (2ms)
			RebuildScriptCaches (64ms)
			SetupLoadedEditorAssemblies (1568ms)
				LogAssemblyErrors (0ms)
				InitializePlatformSupportModulesInManaged (39ms)
				SetLoadedEditorAssemblies (1ms)
				RefreshPlugins (1ms)
				BeforeProcessingInitializeOnLoad (146ms)
				ProcessInitializeOnLoadAttributes (1247ms)
				ProcessInitializeOnLoadMethodAttributes (133ms)
				AfterProcessingInitializeOnLoad (1ms)
				EditorAssembliesLoaded (0ms)
			ExecutionOrderSort2 (0ms)
			AwakeInstancesAfterBackupRestoration (40ms)
Platform modules already initialized, skipping
Refreshing native plugins compatible for Editor in 0.64 ms, found 3 plugins.
Preloading 0 native plugins for Editor in 0.00 ms.
Unloading 3918 Unused Serialized files (Serialized files now loaded: 0)
Unloading 32 unused Assets / (174.7 KB). Loaded Objects now: 4644.
Memory consumption went from 320.8 MB to 320.7 MB.
Total: 3.632500 ms (FindLiveObjects: 0.251125 ms CreateObjectMapping: 0.123625 ms MarkObjects: 3.104500 ms  DeleteObjects: 0.152250 ms)

AssetImportParameters requested are different than current active one (requested -> active):
  custom:video-decoder-ogg-theora: a1e56fd34408186e4bbccfd4996cb3dc -> 
  custom:container-muxer-webm: aa71ff27fc2769a1b78a27578f13a17b -> 
  custom:container-demuxer-webm: 4f35f7cbe854078d1ac9338744f61a02 -> 
  custom:video-encoder-webm-vp8: eb34c28f22e8b96e1ab97ce403110664 -> 
  custom:framework-osx-AVFoundation: e770b220cccbd017edd2c1fefb359320 -> 
  custom:audio-encoder-webm-vorbis: bf7c407c2cedff20999df2af8eb42d56 -> 
  custom:container-demuxer-ogg: 62fdf1f143b41e24485cea50d1cbac27 -> 
  custom:video-decoder-webm-vp8: 9c59270c3fd7afecdb556c50c9e8de78 -> 
  custom:audio-decoder-ogg-vorbis: bf7c407c2cedff20999df2af8eb42d56 -> 
========================================================================
Received Import Request.
  Time since last request: 35.082346 seconds.
  path: Assets/ScriptableObjects/ScriptableObjectScripts/DraggableItem.cs
  artifactKey: Guid(50834db1fa60b4c6c90c3b0bf25b49fb) Importer(815301076,1909f56bfc062723c751e8b465ee728b)
Start importing Assets/ScriptableObjects/ScriptableObjectScripts/DraggableItem.cs using Guid(50834db1fa60b4c6c90c3b0bf25b49fb) Importer(815301076,1909f56bfc062723c751e8b465ee728b)  -> (artifact id: '7f258e3460a8d1adbfda1c327142c063') in 0.007701 seconds 
========================================================================
Received Import Request.
  Time since last request: 526.374072 seconds.
  path: Assets/Prefabs/Bathtime Items/towel.prefab
  artifactKey: Guid(56fdcb790d8124359b915218ffffff6b) Importer(815301076,1909f56bfc062723c751e8b465ee728b)
Start importing Assets/Prefabs/Bathtime Items/towel.prefab using Guid(56fdcb790d8124359b915218ffffff6b) Importer(815301076,1909f56bfc062723c751e8b465ee728b)  -> (artifact id: '9b164230760f0e6b75eaabeaef8ff164') in 0.142798 seconds 
========================================================================
Received Import Request.
  Time since last request: 9.241285 seconds.
  path: Assets/Prefabs/Bathtime Items/shampoo.prefab
  artifactKey: Guid(9c91035786ffa4443b293b21ead5ca98) Importer(815301076,1909f56bfc062723c751e8b465ee728b)
Start importing Assets/Prefabs/Bathtime Items/shampoo.prefab using Guid(9c91035786ffa4443b293b21ead5ca98) Importer(815301076,1909f56bfc062723c751e8b465ee728b)  -> (artifact id: '5369f69ccdbf1594595d734414e44f5b') in 0.022096 seconds 
========================================================================
Received Import Request.
  Time since last request: 17.380753 seconds.
  path: Assets/ScriptableObjects/Items/Bathtime/soap.asset
  artifactKey: Guid(8c1bac45577dc4584aace90b031e6421) Importer(815301076,1909f56bfc062723c751e8b465ee728b)
Start importing Assets/ScriptableObjects/Items/Bathtime/soap.asset using Guid(8c1bac45577dc4584aace90b031e6421) Importer(815301076,1909f56bfc062723c751e8b465ee728b)  -> (artifact id: 'ce52e9fa884281046094c2250a43f4ad') in 0.002112 seconds 
========================================================================
Received Import Request.
  Time since last request: 255.813369 seconds.
  path: Assets/Prefabs/Bathtime Items/towel.prefab
  artifactKey: Guid(56fdcb790d8124359b915218ffffff6b) Importer(815301076,1909f56bfc062723c751e8b465ee728b)
Start importing Assets/Prefabs/Bathtime Items/towel.prefab using Guid(56fdcb790d8124359b915218ffffff6b) Importer(815301076,1909f56bfc062723c751e8b465ee728b)  -> (artifact id: '0f1587adf798013ef3750ddabe5d92f9') in 0.025068 seconds 
========================================================================
Received Import Request.
  Time since last request: 5.752651 seconds.
  path: Assets/Prefabs/Bathtime Items/towel.prefab
  artifactKey: Guid(56fdcb790d8124359b915218ffffff6b) Importer(815301076,1909f56bfc062723c751e8b465ee728b)
Start importing Assets/Prefabs/Bathtime Items/towel.prefab using Guid(56fdcb790d8124359b915218ffffff6b) Importer(815301076,1909f56bfc062723c751e8b465ee728b)  -> (artifact id: 'c3cb011ee225357e968b913b9932d62f') in 0.017480 seconds 
========================================================================
Received Import Request.
  Time since last request: 1.995375 seconds.
  path: Assets/Prefabs/Bathtime Items/towel.prefab
  artifactKey: Guid(56fdcb790d8124359b915218ffffff6b) Importer(815301076,1909f56bfc062723c751e8b465ee728b)
Start importing Assets/Prefabs/Bathtime Items/towel.prefab using Guid(56fdcb790d8124359b915218ffffff6b) Importer(815301076,1909f56bfc062723c751e8b465ee728b)  -> (artifact id: '85deaddc4632b4d44da45e482d6b69ca') in 0.018099 seconds 
========================================================================
Received Import Request.
  Time since last request: 1.593307 seconds.
  path: Assets/Prefabs/Bathtime Items/towel.prefab
  artifactKey: Guid(56fdcb790d8124359b915218ffffff6b) Importer(815301076,1909f56bfc062723c751e8b465ee728b)
Start importing Assets/Prefabs/Bathtime Items/towel.prefab using Guid(56fdcb790d8124359b915218ffffff6b) Importer(815301076,1909f56bfc062723c751e8b465ee728b)  -> (artifact id: 'e8347f95e0d46f697733cd83a65a5220') in 0.018086 seconds 
========================================================================
Received Import Request.
  Time since last request: 5.970608 seconds.
  path: Assets/Prefabs/Bathtime Items/towel.prefab
  artifactKey: Guid(56fdcb790d8124359b915218ffffff6b) Importer(815301076,1909f56bfc062723c751e8b465ee728b)
Start importing Assets/Prefabs/Bathtime Items/towel.prefab using Guid(56fdcb790d8124359b915218ffffff6b) Importer(815301076,1909f56bfc062723c751e8b465ee728b)  -> (artifact id: 'e336d28e07061514edae484dffecfae9') in 0.018607 seconds 
========================================================================
Received Import Request.
  Time since last request: 4.730459 seconds.
  path: Assets/Prefabs/Bathtime Items/towel.prefab
  artifactKey: Guid(56fdcb790d8124359b915218ffffff6b) Importer(815301076,1909f56bfc062723c751e8b465ee728b)
Start importing Assets/Prefabs/Bathtime Items/towel.prefab using Guid(56fdcb790d8124359b915218ffffff6b) Importer(815301076,1909f56bfc062723c751e8b465ee728b)  -> (artifact id: '574ca3338ae862bfa5dc17f4e5f53353') in 0.017481 seconds 
========================================================================
Received Import Request.
  Time since last request: 1.379000 seconds.
  path: Assets/Prefabs/Bathtime Items/towel.prefab
  artifactKey: Guid(56fdcb790d8124359b915218ffffff6b) Importer(815301076,1909f56bfc062723c751e8b465ee728b)
Start importing Assets/Prefabs/Bathtime Items/towel.prefab using Guid(56fdcb790d8124359b915218ffffff6b) Importer(815301076,1909f56bfc062723c751e8b465ee728b)  -> (artifact id: '11f32b92f76f76414bc6e2cf4107fd75') in 0.017817 seconds 
========================================================================
Received Import Request.
  Time since last request: 1.738290 seconds.
  path: Assets/Prefabs/Bathtime Items/towel.prefab
  artifactKey: Guid(56fdcb790d8124359b915218ffffff6b) Importer(815301076,1909f56bfc062723c751e8b465ee728b)
Start importing Assets/Prefabs/Bathtime Items/towel.prefab using Guid(56fdcb790d8124359b915218ffffff6b) Importer(815301076,1909f56bfc062723c751e8b465ee728b)  -> (artifact id: 'c55b3dc7fb773b65aee9c4ad04aa1e6d') in 0.017434 seconds 
========================================================================
Received Import Request.
  Time since last request: 205.970846 seconds.
  path: Assets/Prefabs/Bathtime Items/soap.prefab
  artifactKey: Guid(63598fb921ec74bafa7efaa3ab06142a) Importer(815301076,1909f56bfc062723c751e8b465ee728b)
Start importing Assets/Prefabs/Bathtime Items/soap.prefab using Guid(63598fb921ec74bafa7efaa3ab06142a) Importer(815301076,1909f56bfc062723c751e8b465ee728b)  -> (artifact id: '973fc8eba4ad9046f8121370b8634d35') in 0.018987 seconds 
========================================================================
Received Import Request.
  Time since last request: 62.761282 seconds.
  path: Assets/ScriptableObjects/Items/Bathtime/toyBoat.asset
  artifactKey: Guid(5c2f7d871f7b44422b02d539097f20d5) Importer(815301076,1909f56bfc062723c751e8b465ee728b)
Start importing Assets/ScriptableObjects/Items/Bathtime/toyBoat.asset using Guid(5c2f7d871f7b44422b02d539097f20d5) Importer(815301076,1909f56bfc062723c751e8b465ee728b)  -> (artifact id: '544259b2833d7eff91df554b2660c7c8') in 0.001949 seconds 
========================================================================
Received Import Request.
  Time since last request: 21.459277 seconds.
  path: Assets/ScriptableObjects/Items/Bathtime/towel.asset
  artifactKey: Guid(7eb7d7fcbac90419f8ab661226cf3a48) Importer(815301076,1909f56bfc062723c751e8b465ee728b)
Start importing Assets/ScriptableObjects/Items/Bathtime/towel.asset using Guid(7eb7d7fcbac90419f8ab661226cf3a48) Importer(815301076,1909f56bfc062723c751e8b465ee728b)  -> (artifact id: '5b1a31f083350cf0b31e38e12afc88d5') in 0.002534 seconds 
========================================================================
Received Import Request.
  Time since last request: 3.705542 seconds.
  path: Assets/ScriptableObjects/Items/Bathtime/soap.asset
  artifactKey: Guid(8c1bac45577dc4584aace90b031e6421) Importer(815301076,1909f56bfc062723c751e8b465ee728b)
Start importing Assets/ScriptableObjects/Items/Bathtime/soap.asset using Guid(8c1bac45577dc4584aace90b031e6421) Importer(815301076,1909f56bfc062723c751e8b465ee728b)  -> (artifact id: 'cc1fb9751eadd13532e3069f19009f14') in 0.002583 seconds 
========================================================================
Received Import Request.
  Time since last request: 4.922971 seconds.
  path: Assets/ScriptableObjects/Items/Bathtime/shampoo.asset
  artifactKey: Guid(e84d3752853394e428224194dd210710) Importer(815301076,1909f56bfc062723c751e8b465ee728b)
Start importing Assets/ScriptableObjects/Items/Bathtime/shampoo.asset using Guid(e84d3752853394e428224194dd210710) Importer(815301076,1909f56bfc062723c751e8b465ee728b)  -> (artifact id: '61f3892a8427e5bfb393672f67d74632') in 0.004557 seconds 
========================================================================
Received Import Request.
  Time since last request: 108.850049 seconds.
  path: Assets/Prefabs/Bathtime Items/toyBoat.prefab
  artifactKey: Guid(2f882e8fe167649b9aadfd10292473ef) Importer(815301076,1909f56bfc062723c751e8b465ee728b)
Start importing Assets/Prefabs/Bathtime Items/toyBoat.prefab using Guid(2f882e8fe167649b9aadfd10292473ef) Importer(815301076,1909f56bfc062723c751e8b465ee728b)  -> (artifact id: 'b8c284b76157d3f735d8c03580670d58') in 0.018000 seconds 
========================================================================
Received Import Request.
  Time since last request: 33.328161 seconds.
  path: Assets/ScriptableObjects/Items/Bathtime/toyDuck.asset
  artifactKey: Guid(5f3d71f874b234332bcb9180a137f06d) Importer(815301076,1909f56bfc062723c751e8b465ee728b)
Start importing Assets/ScriptableObjects/Items/Bathtime/toyDuck.asset using Guid(5f3d71f874b234332bcb9180a137f06d) Importer(815301076,1909f56bfc062723c751e8b465ee728b)  -> (artifact id: 'faa32dc1a2a9393302f9afe646a6b09b') in 0.002091 seconds 
========================================================================
Received Import Request.
  Time since last request: 21.736652 seconds.
  path: Assets/ScriptableObjects/Scenarios
  artifactKey: Guid(a85f28dacad654f79aceb7fcd8d3f1e4) Importer(815301076,1909f56bfc062723c751e8b465ee728b)
Start importing Assets/ScriptableObjects/Scenarios using Guid(a85f28dacad654f79aceb7fcd8d3f1e4) Importer(815301076,1909f56bfc062723c751e8b465ee728b)  -> (artifact id: '21f831079b57e6392f8a993a47604df1') in 0.001875 seconds 
========================================================================
Received Import Request.
  Time since last request: 90.870656 seconds.
  path: Assets/ScriptableObjects/Items/Bathtime/toyFrog.asset
  artifactKey: Guid(4334df7f7ef6649219e9c8057abac1e2) Importer(815301076,1909f56bfc062723c751e8b465ee728b)
Start importing Assets/ScriptableObjects/Items/Bathtime/toyFrog.asset using Guid(4334df7f7ef6649219e9c8057abac1e2) Importer(815301076,1909f56bfc062723c751e8b465ee728b)  -> (artifact id: '235f5dfb7c01b754402f107303c01b7d') in 0.001486 seconds 
========================================================================
Received Import Request.
  Time since last request: 358.456732 seconds.
  path: Assets/ScriptableObjects/Scenarios/Bathtime.asset
  artifactKey: Guid(0a53d893781e34ebfbe3aa83f9c7f928) Importer(815301076,1909f56bfc062723c751e8b465ee728b)
Start importing Assets/ScriptableObjects/Scenarios/Bathtime.asset using Guid(0a53d893781e34ebfbe3aa83f9c7f928) Importer(815301076,1909f56bfc062723c751e8b465ee728b)  -> (artifact id: '34286f95fecec96fd7f8139fdd3ea12c') in 0.008990 seconds 
========================================================================
Received Import Request.
  Time since last request: 64.640771 seconds.
  path: Assets/ScriptableObjects/Scenarios/Bathtime.asset
  artifactKey: Guid(0a53d893781e34ebfbe3aa83f9c7f928) Importer(815301076,1909f56bfc062723c751e8b465ee728b)
Start importing Assets/ScriptableObjects/Scenarios/Bathtime.asset using Guid(0a53d893781e34ebfbe3aa83f9c7f928) Importer(815301076,1909f56bfc062723c751e8b465ee728b)  -> (artifact id: '4f0f17ec8716ad4d56ee267415444415') in 0.002258 seconds 
========================================================================
Received Import Request.
  Time since last request: 464.206355 seconds.
  path: Assets/ScriptableObjects/ScriptableObjectScripts
  artifactKey: Guid(632e26e3aa2ca4d96991af7b33393e2f) Importer(815301076,1909f56bfc062723c751e8b465ee728b)
Start importing Assets/ScriptableObjects/ScriptableObjectScripts using Guid(632e26e3aa2ca4d96991af7b33393e2f) Importer(815301076,1909f56bfc062723c751e8b465ee728b)  -> (artifact id: '69ed47aa8a40d43b1ae0c50086af862c') in 0.001519 seconds 
========================================================================
Received Import Request.
  Time since last request: 14.311342 seconds.
  path: Assets/Art/BathtimeArt/SceneArt/BathtimeHTP.png
  artifactKey: Guid(83ebe8e7b948e48738bf41d4a04a9bc9) Importer(815301076,1909f56bfc062723c751e8b465ee728b)
Start importing Assets/Art/BathtimeArt/SceneArt/BathtimeHTP.png using Guid(83ebe8e7b948e48738bf41d4a04a9bc9) Importer(815301076,1909f56bfc062723c751e8b465ee728b)  -> (artifact id: '85d5ad7e33d22868c68111b0f6c0ef9b') in 0.146470 seconds 
========================================================================
Received Import Request.
  Time since last request: 353.529939 seconds.
  path: Assets/ScriptableObjects/Items/Bathtime/shampoo.asset
  artifactKey: Guid(e84d3752853394e428224194dd210710) Importer(815301076,1909f56bfc062723c751e8b465ee728b)
Start importing Assets/ScriptableObjects/Items/Bathtime/shampoo.asset using Guid(e84d3752853394e428224194dd210710) Importer(815301076,1909f56bfc062723c751e8b465ee728b)  -> (artifact id: 'd5db2543b26dbe37b2916911f0dba754') in 0.004237 seconds 
========================================================================
Received Import Request.
  Time since last request: 779.826763 seconds.
  path: Assets/Art/BathtimeArt/SceneArt/BathtimeGameOverScreen.png
  artifactKey: Guid(668c83077117c41e5b8555f2d24a99bd) Importer(815301076,1909f56bfc062723c751e8b465ee728b)
Start importing Assets/Art/BathtimeArt/SceneArt/BathtimeGameOverScreen.png using Guid(668c83077117c41e5b8555f2d24a99bd) Importer(815301076,1909f56bfc062723c751e8b465ee728b)  -> (artifact id: 'bff966d038b1db75234bff7c62061861') in 0.059470 seconds 
