Unity Editor version:    2021.2.9f1 (921b45a28ab6)
Branch:                  2021.2/staging
Build type:              Release
Batch mode:              YES
macOS version:           Version 13.0.1 (Build 22A400)
Darwin version:          22.1.0
Architecture:            x86_64
Running under Rosetta:   YES
Available memory:        32768 MB
Using pre-set license
Pro License: NO

COMMAND LINE ARGUMENTS:
/Applications/Unity/Hub/Editor/2021.2.9f1/Unity.app/Contents/MacOS/Unity
-adb2
-batchMode
-noUpm
-name
AssetImportWorker0
-projectPath
/Users/chloefarr/Documents/GitHub/Unity/GrandmasPlayhouse/SetTheTable
-logFile
Logs/AssetImportWorker0.log
-srvPort
59583
Successfully changed project path to: /Users/chloefarr/Documents/GitHub/Unity/GrandmasPlayhouse/SetTheTable
/Users/chloefarr/Documents/GitHub/Unity/GrandmasPlayhouse/SetTheTable
[UnityMemory] Configuration Parameters - Can be set up in boot.config
    "memorysetup-bucket-allocator-granularity=16"
    "memorysetup-bucket-allocator-bucket-count=8"
    "memorysetup-bucket-allocator-block-size=33554432"
    "memorysetup-bucket-allocator-block-count=8"
    "memorysetup-main-allocator-block-size=16777216"
    "memorysetup-thread-allocator-block-size=16777216"
    "memorysetup-gfx-main-allocator-block-size=16777216"
    "memorysetup-gfx-thread-allocator-block-size=16777216"
    "memorysetup-cache-allocator-block-size=4194304"
    "memorysetup-typetree-allocator-block-size=2097152"
    "memorysetup-profiler-bucket-allocator-granularity=16"
    "memorysetup-profiler-bucket-allocator-bucket-count=8"
    "memorysetup-profiler-bucket-allocator-block-size=33554432"
    "memorysetup-profiler-bucket-allocator-block-count=8"
    "memorysetup-profiler-allocator-block-size=16777216"
    "memorysetup-profiler-editor-allocator-block-size=1048576"
    "memorysetup-temp-allocator-size-main=16777216"
    "memorysetup-job-temp-allocator-block-size=2097152"
    "memorysetup-job-temp-allocator-block-size-background=1048576"
    "memorysetup-job-temp-allocator-reduction-small-platforms=262144"
    "memorysetup-temp-allocator-size-background-worker=32768"
    "memorysetup-temp-allocator-size-job-worker=262144"
    "memorysetup-temp-allocator-size-preload-manager=33554432"
    "memorysetup-temp-allocator-size-nav-mesh-worker=65536"
    "memorysetup-temp-allocator-size-audio-worker=65536"
    "memorysetup-temp-allocator-size-cloud-worker=32768"
    "memorysetup-temp-allocator-size-gi-baking-worker=262144"
    "memorysetup-temp-allocator-size-gfx=262144"
Refreshing native plugins compatible for Editor in 91.72 ms, found 2 plugins.
Preloading 0 native plugins for Editor in 0.00 ms.
Initialize engine version: 2021.2.9f1 (921b45a28ab6)
[Subsystems] Discovering subsystems at path /Applications/Unity/Hub/Editor/2021.2.9f1/Unity.app/Contents/Resources/UnitySubsystems
[Subsystems] Discovering subsystems at path /Users/chloefarr/Documents/GitHub/Unity/GrandmasPlayhouse/SetTheTable/Assets
GfxDevice: creating device client; threaded=0; jobified=0
 preferred device: Apple M1 Pro (high power)
Metal devices available: 1
0: Apple M1 Pro (high power)
Using device Apple M1 Pro (high power)
Initializing Metal device caps: Apple M1 Pro
Initialize mono
Mono path[0] = '/Applications/Unity/Hub/Editor/2021.2.9f1/Unity.app/Contents/Managed'
Mono path[1] = '/Applications/Unity/Hub/Editor/2021.2.9f1/Unity.app/Contents/MonoBleedingEdge/lib/mono/unityjit-macos'
Mono config path = '/Applications/Unity/Hub/Editor/2021.2.9f1/Unity.app/Contents/MonoBleedingEdge/etc'
Using monoOptions --debugger-agent=transport=dt_socket,embedding=1,server=y,suspend=n,address=127.0.0.1:56539
Begin MonoManager ReloadAssembly
Registering precompiled unity dll's ...
Register platform support module: /Applications/Unity/Hub/Editor/2021.2.9f1/PlaybackEngines/WebGLSupport/UnityEditor.WebGL.Extensions.dll
Register platform support module: /Applications/Unity/Hub/Editor/2021.2.9f1/Unity.app/Contents/PlaybackEngines/MacStandaloneSupport/UnityEditor.OSXStandalone.Extensions.dll
Registered in 0.001125 seconds.
Native extension for OSXStandalone target not found
Native extension for WebGL target not found
Refreshing native plugins compatible for Editor in 90.93 ms, found 2 plugins.
Preloading 0 native plugins for Editor in 0.00 ms.
Mono: successfully reloaded assembly
- Completed reload, in  1.402 seconds
Domain Reload Profiling:
	ReloadAssembly (1403ms)
		BeginReloadAssembly (117ms)
			ExecutionOrderSort (0ms)
			DisableScriptedObjects (0ms)
			BackupInstance (0ms)
			ReleaseScriptingObjects (0ms)
			CreateAndSetChildDomain (3ms)
		EndReloadAssembly (1147ms)
			LoadAssemblies (114ms)
			RebuildTransferFunctionScriptingTraits (0ms)
			SetupTypeCache (124ms)
			ReleaseScriptCaches (0ms)
			RebuildScriptCaches (37ms)
			SetupLoadedEditorAssemblies (840ms)
				LogAssemblyErrors (0ms)
				InitializePlatformSupportModulesInManaged (39ms)
				SetLoadedEditorAssemblies (0ms)
				RefreshPlugins (91ms)
				BeforeProcessingInitializeOnLoad (4ms)
				ProcessInitializeOnLoadAttributes (522ms)
				ProcessInitializeOnLoadMethodAttributes (183ms)
				AfterProcessingInitializeOnLoad (0ms)
				EditorAssembliesLoaded (0ms)
			ExecutionOrderSort2 (0ms)
			AwakeInstancesAfterBackupRestoration (0ms)
Platform modules already initialized, skipping
Registering precompiled user dll's ...
Registered in 0.002354 seconds.
Begin MonoManager ReloadAssembly
Symbol file LoadedFromMemory doesn't match image /Users/chloefarr/Documents/GitHub/Unity/GrandmasPlayhouse/SetTheTable/Library/PackageCache/com.unity.visualscripting@1.7.6/Editor/VisualScripting.Core/Dependencies/YamlDotNet/Unity.VisualScripting.YamlDotNet.dll
Symbol file LoadedFromMemory doesn't match image /Users/chloefarr/Documents/GitHub/Unity/GrandmasPlayhouse/SetTheTable/Library/PackageCache/com.unity.visualscripting@1.7.6/Editor/VisualScripting.Core/Dependencies/DotNetZip/Unity.VisualScripting.IonicZip.dll
Native extension for OSXStandalone target not found
Native extension for WebGL target not found
Refreshing native plugins compatible for Editor in 0.60 ms, found 2 plugins.
Preloading 0 native plugins for Editor in 0.00 ms.
Mono: successfully reloaded assembly
- Completed reload, in  2.203 seconds
Domain Reload Profiling:
	ReloadAssembly (2205ms)
		BeginReloadAssembly (211ms)
			ExecutionOrderSort (0ms)
			DisableScriptedObjects (36ms)
			BackupInstance (0ms)
			ReleaseScriptingObjects (0ms)
			CreateAndSetChildDomain (21ms)
		EndReloadAssembly (1765ms)
			LoadAssemblies (96ms)
			RebuildTransferFunctionScriptingTraits (0ms)
			SetupTypeCache (247ms)
			ReleaseScriptCaches (1ms)
			RebuildScriptCaches (57ms)
			SetupLoadedEditorAssemblies (1193ms)
				LogAssemblyErrors (0ms)
				InitializePlatformSupportModulesInManaged (34ms)
				SetLoadedEditorAssemblies (1ms)
				RefreshPlugins (1ms)
				BeforeProcessingInitializeOnLoad (124ms)
				ProcessInitializeOnLoadAttributes (929ms)
				ProcessInitializeOnLoadMethodAttributes (102ms)
				AfterProcessingInitializeOnLoad (2ms)
				EditorAssembliesLoaded (0ms)
			ExecutionOrderSort2 (0ms)
			AwakeInstancesAfterBackupRestoration (11ms)
Platform modules already initialized, skipping
========================================================================
Worker process is ready to serve import requests
Launching external process: /Applications/Unity/Hub/Editor/2021.2.9f1/Unity.app/Contents/Tools/UnityShaderCompiler
Launched and connected shader compiler UnityShaderCompiler after 0.10 seconds
Refreshing native plugins compatible for Editor in 0.57 ms, found 2 plugins.
Preloading 0 native plugins for Editor in 0.00 ms.
Unloading 3124 Unused Serialized files (Serialized files now loaded: 0)
Unloading 23 unused Assets / (42.4 KB). Loaded Objects now: 3581.
Memory consumption went from 98.0 MB to 97.9 MB.
Total: 3.165042 ms (FindLiveObjects: 0.164167 ms CreateObjectMapping: 0.081875 ms MarkObjects: 2.813625 ms  DeleteObjects: 0.104416 ms)

AssetImportParameters requested are different than current active one (requested -> active):
  custom:video-decoder-ogg-theora: a1e56fd34408186e4bbccfd4996cb3dc -> 
  custom:container-muxer-webm: aa71ff27fc2769a1b78a27578f13a17b -> 
  custom:container-demuxer-webm: 4f35f7cbe854078d1ac9338744f61a02 -> 
  custom:video-encoder-webm-vp8: eb34c28f22e8b96e1ab97ce403110664 -> 
  custom:framework-osx-AVFoundation: e770b220cccbd017edd2c1fefb359320 -> 
  custom:audio-encoder-webm-vorbis: bf7c407c2cedff20999df2af8eb42d56 -> 
  custom:container-demuxer-ogg: 62fdf1f143b41e24485cea50d1cbac27 -> 
  custom:video-decoder-webm-vp8: 9c59270c3fd7afecdb556c50c9e8de78 -> 
  custom:audio-decoder-ogg-vorbis: bf7c407c2cedff20999df2af8eb42d56 -> 
========================================================================
Received Import Request.
  Time since last request: 85872.143510 seconds.
  path: Assets/Scenes/Jewlery/blank white background tile.png
  artifactKey: Guid(c4e681a77d3ee4f70bd77aa422ea15a4) Importer(815301076,1909f56bfc062723c751e8b465ee728b)
Start importing Assets/Scenes/Jewlery/blank white background tile.png using Guid(c4e681a77d3ee4f70bd77aa422ea15a4) Importer(815301076,1909f56bfc062723c751e8b465ee728b)  -> (artifact id: 'c1faf3096e3c913f86a0317055b322f5') in 0.284368 seconds 
========================================================================
Received Import Request.
  Time since last request: 0.000109 seconds.
  path: Assets/Scenes/Jewlery/cup in scene artboard.png
  artifactKey: Guid(e48673ae57b6041f9976d30ba4101a9e) Importer(815301076,1909f56bfc062723c751e8b465ee728b)
Start importing Assets/Scenes/Jewlery/cup in scene artboard.png using Guid(e48673ae57b6041f9976d30ba4101a9e) Importer(815301076,1909f56bfc062723c751e8b465ee728b)  -> (artifact id: '7b301de53b32c0b89e2bb0a4414d6cb4') in 0.025583 seconds 
========================================================================
Received Import Request.
  Time since last request: 0.000063 seconds.
  path: Assets/Scenes/Jewlery/knife in scene artboard.png
  artifactKey: Guid(b57873b2ecd88438f97208bda5d83236) Importer(815301076,1909f56bfc062723c751e8b465ee728b)
Start importing Assets/Scenes/Jewlery/knife in scene artboard.png using Guid(b57873b2ecd88438f97208bda5d83236) Importer(815301076,1909f56bfc062723c751e8b465ee728b)  -> (artifact id: '13f2d8aa3c68715f50f2a458734284d2') in 0.020600 seconds 
========================================================================
Received Import Request.
  Time since last request: 0.000056 seconds.
  path: Assets/Scenes/Jewlery/Knife.prefab
  artifactKey: Guid(1f458e859b52e4a24934ebd18275b7b0) Importer(815301076,1909f56bfc062723c751e8b465ee728b)
Start importing Assets/Scenes/Jewlery/Knife.prefab using Guid(1f458e859b52e4a24934ebd18275b7b0) Importer(815301076,1909f56bfc062723c751e8b465ee728b)  -> (artifact id: 'bb03128cc795eb8321f9375b53d18ed8') in 0.170403 seconds 
========================================================================
Received Import Request.
  Time since last request: 0.000060 seconds.
  path: Assets/Scenes/Jewlery/plate in tile.png
  artifactKey: Guid(e97cd6f703e8d431684ff7fbbee13cdb) Importer(815301076,1909f56bfc062723c751e8b465ee728b)
Start importing Assets/Scenes/Jewlery/plate in tile.png using Guid(e97cd6f703e8d431684ff7fbbee13cdb) Importer(815301076,1909f56bfc062723c751e8b465ee728b)  -> (artifact id: 'd01a124125bd93902013bda99b80ad48') in 0.012970 seconds 
========================================================================
Received Import Request.
  Time since last request: 0.000058 seconds.
  path: Assets/Scenes/Jewlery/Cup.prefab
  artifactKey: Guid(0f29d8369bdaa40809f1ef8ab0fe353c) Importer(815301076,1909f56bfc062723c751e8b465ee728b)
Start importing Assets/Scenes/Jewlery/Cup.prefab using Guid(0f29d8369bdaa40809f1ef8ab0fe353c) Importer(815301076,1909f56bfc062723c751e8b465ee728b)  -> (artifact id: '3a6bf1a884a5c94ba60de324aa549420') in 0.019886 seconds 
========================================================================
Received Import Request.
  Time since last request: 0.000053 seconds.
  path: Assets/Scenes/Jewlery/circle.png
  artifactKey: Guid(bc3deac6d01e7476fae2b63a82613472) Importer(815301076,1909f56bfc062723c751e8b465ee728b)
Start importing Assets/Scenes/Jewlery/circle.png using Guid(bc3deac6d01e7476fae2b63a82613472) Importer(815301076,1909f56bfc062723c751e8b465ee728b)  -> (artifact id: 'e612a5462845d210ccb5d44dc9802646') in 0.019910 seconds 
========================================================================
Received Import Request.
  Time since last request: 0.000050 seconds.
  path: Assets/Scenes/Jewlery/Frog fly mini game audio clip button ver2.png
  artifactKey: Guid(58ab8cbb9f3054e86862fd7f637f094e) Importer(815301076,1909f56bfc062723c751e8b465ee728b)
Start importing Assets/Scenes/Jewlery/Frog fly mini game audio clip button ver2.png using Guid(58ab8cbb9f3054e86862fd7f637f094e) Importer(815301076,1909f56bfc062723c751e8b465ee728b)  -> (artifact id: '6c1274fb704e96f62c6afad6cb258b93') in 0.009580 seconds 
========================================================================
Received Import Request.
  Time since last request: 0.000071 seconds.
  path: Assets/Scenes/Jewlery/Gameplay white text box.png
  artifactKey: Guid(a77394ee3c96b45b68fb8a0fe56333fa) Importer(815301076,1909f56bfc062723c751e8b465ee728b)
Start importing Assets/Scenes/Jewlery/Gameplay white text box.png using Guid(a77394ee3c96b45b68fb8a0fe56333fa) Importer(815301076,1909f56bfc062723c751e8b465ee728b)  -> (artifact id: '120bdc0d4e7b7925331476b8055f2123') in 0.013792 seconds 
========================================================================
Received Import Request.
  Time since last request: 0.000072 seconds.
  path: Assets/Scenes/Jewlery/napkin in tile.png
  artifactKey: Guid(1f74c529792b04f55871fce4fe63636e) Importer(815301076,1909f56bfc062723c751e8b465ee728b)
Start importing Assets/Scenes/Jewlery/napkin in tile.png using Guid(1f74c529792b04f55871fce4fe63636e) Importer(815301076,1909f56bfc062723c751e8b465ee728b)  -> (artifact id: '620cbe94b7d9e7a28a0b29ca1d03d9d6') in 0.012800 seconds 
========================================================================
Received Import Request.
  Time since last request: 0.000049 seconds.
  path: Assets/Scenes/Jewlery/bowl in tile.png
  artifactKey: Guid(10f6e372f13ab4dd8a3b7d2204cd2e36) Importer(815301076,1909f56bfc062723c751e8b465ee728b)
Start importing Assets/Scenes/Jewlery/bowl in tile.png using Guid(10f6e372f13ab4dd8a3b7d2204cd2e36) Importer(815301076,1909f56bfc062723c751e8b465ee728b)  -> (artifact id: '75f7ff37314f8471e14458272964d769') in 0.012207 seconds 
========================================================================
Received Import Request.
  Time since last request: 0.000073 seconds.
  path: Assets/Scenes/Jewlery/plate in scene artboard.png
  artifactKey: Guid(4512a59fa74324e30920a538ac0af39d) Importer(815301076,1909f56bfc062723c751e8b465ee728b)
Start importing Assets/Scenes/Jewlery/plate in scene artboard.png using Guid(4512a59fa74324e30920a538ac0af39d) Importer(815301076,1909f56bfc062723c751e8b465ee728b)  -> (artifact id: 'b9b5bd79a7cb5bc8d6dff8796a59bcc5') in 0.023198 seconds 
========================================================================
Received Import Request.
  Time since last request: 0.000064 seconds.
  path: Assets/Scenes/Jewlery/Fork.prefab
  artifactKey: Guid(f4f6a2b2161b4448da8def6744533f7a) Importer(815301076,1909f56bfc062723c751e8b465ee728b)
Start importing Assets/Scenes/Jewlery/Fork.prefab using Guid(f4f6a2b2161b4448da8def6744533f7a) Importer(815301076,1909f56bfc062723c751e8b465ee728b)  -> (artifact id: '3a619dbf900270749aff061ef10caaa8') in 0.017117 seconds 
========================================================================
Received Import Request.
  Time since last request: 0.000072 seconds.
  path: Assets/Scenes/Jewlery/TMP - Text Component Icon.psd
  artifactKey: Guid(a457f18b005be41bc94fda16cd3fe68c) Importer(815301076,1909f56bfc062723c751e8b465ee728b)
Start importing Assets/Scenes/Jewlery/TMP - Text Component Icon.psd using Guid(a457f18b005be41bc94fda16cd3fe68c) Importer(815301076,1909f56bfc062723c751e8b465ee728b)  -> (artifact id: '97bbe64651387496072aa4fc3a455408') in 0.221089 seconds 
========================================================================
Received Import Request.
  Time since last request: 0.000066 seconds.
  path: Assets/Scenes/Jewlery/cup in tile.png
  artifactKey: Guid(c814e6eb75fdc4bd585f99d9d4f6e6dc) Importer(815301076,1909f56bfc062723c751e8b465ee728b)
Start importing Assets/Scenes/Jewlery/cup in tile.png using Guid(c814e6eb75fdc4bd585f99d9d4f6e6dc) Importer(815301076,1909f56bfc062723c751e8b465ee728b)  -> (artifact id: '408aa646d3f23206a356b4b0dcc4503a') in 0.012415 seconds 
========================================================================
Received Import Request.
  Time since last request: 38.084189 seconds.
  path: Assets/Audio/Set the table/EffectsAudio/woosh.mp3
  artifactKey: Guid(c657675f04e04487980e08cecd52ab35) Importer(815301076,1909f56bfc062723c751e8b465ee728b)
Start importing Assets/Audio/Set the table/EffectsAudio/woosh.mp3 using Guid(c657675f04e04487980e08cecd52ab35) Importer(815301076,1909f56bfc062723c751e8b465ee728b)  -> (artifact id: '2bac4b893aa95003182cc38e7dcda363') in 0.732626 seconds 
========================================================================
Received Import Request.
  Time since last request: 0.023640 seconds.
  path: Assets/Audio/Set the table/Instructions audio/DL_STT_LayDownThePlate.wav
  artifactKey: Guid(fa475f975be594d0896cfe891d61f25c) Importer(815301076,1909f56bfc062723c751e8b465ee728b)
Start importing Assets/Audio/Set the table/Instructions audio/DL_STT_LayDownThePlate.wav using Guid(fa475f975be594d0896cfe891d61f25c) Importer(815301076,1909f56bfc062723c751e8b465ee728b)  -> (artifact id: '9d0f83741e5ceb2e156f442dd515d492') in 0.077948 seconds 
========================================================================
Received Import Request.
  Time since last request: 0.000055 seconds.
  path: Assets/Audio/Set the table/Instructions audio/DL_STT_LDTteaSpoon.wav
  artifactKey: Guid(239b9d0504aa44d08a676b09904c9198) Importer(815301076,1909f56bfc062723c751e8b465ee728b)
Start importing Assets/Audio/Set the table/Instructions audio/DL_STT_LDTteaSpoon.wav using Guid(239b9d0504aa44d08a676b09904c9198) Importer(815301076,1909f56bfc062723c751e8b465ee728b)  -> (artifact id: '5e2e44be027a2d2678735faccea063ec') in 0.006925 seconds 
========================================================================
Received Import Request.
  Time since last request: 0.000050 seconds.
  path: Assets/Audio/Set the table/Instructions audio/DL_STT_LDTfork.wav
  artifactKey: Guid(23888d4baeec24f589d3d4059e19eaec) Importer(815301076,1909f56bfc062723c751e8b465ee728b)
Start importing Assets/Audio/Set the table/Instructions audio/DL_STT_LDTfork.wav using Guid(23888d4baeec24f589d3d4059e19eaec) Importer(815301076,1909f56bfc062723c751e8b465ee728b)  -> (artifact id: 'ed2cc49eb9d14dfbeb6eaa7a8e07ed9a') in 0.006008 seconds 
========================================================================
Received Import Request.
  Time since last request: 0.000054 seconds.
  path: Assets/Audio/Set the table/Instructions audio/DL_STT_LDTnapkin.wav
  artifactKey: Guid(515e19d7eb346476d9c52c3f811d4186) Importer(815301076,1909f56bfc062723c751e8b465ee728b)
Start importing Assets/Audio/Set the table/Instructions audio/DL_STT_LDTnapkin.wav using Guid(515e19d7eb346476d9c52c3f811d4186) Importer(815301076,1909f56bfc062723c751e8b465ee728b)  -> (artifact id: '2d33ae3a45899644fbcd3ed2dbe40451') in 0.006173 seconds 
========================================================================
Received Import Request.
  Time since last request: 0.000089 seconds.
  path: Assets/Audio/Set the table/Instructions audio/DL_STT_LDTcup.wav
  artifactKey: Guid(d6ac570d21e754a8099873145dab9f51) Importer(815301076,1909f56bfc062723c751e8b465ee728b)
Start importing Assets/Audio/Set the table/Instructions audio/DL_STT_LDTcup.wav using Guid(d6ac570d21e754a8099873145dab9f51) Importer(815301076,1909f56bfc062723c751e8b465ee728b)  -> (artifact id: '2c8630927226ce1acfa2505ec189e0fa') in 0.007309 seconds 
========================================================================
Received Import Request.
  Time since last request: 0.000056 seconds.
  path: Assets/Audio/Set the table/Instructions audio/DL_STT_LDTglass.wav
  artifactKey: Guid(34005cc7c36b04b8ab43a5e8c6942a94) Importer(815301076,1909f56bfc062723c751e8b465ee728b)
Start importing Assets/Audio/Set the table/Instructions audio/DL_STT_LDTglass.wav using Guid(34005cc7c36b04b8ab43a5e8c6942a94) Importer(815301076,1909f56bfc062723c751e8b465ee728b)  -> (artifact id: '001f3fd95e7b97ff74755159ab17e18f') in 0.006193 seconds 
========================================================================
Received Import Request.
  Time since last request: 0.000090 seconds.
  path: Assets/Audio/Set the table/Instructions audio/DL_STT_LDTknife.wav
  artifactKey: Guid(ce53a63a55055471dbaa4fc412368b5a) Importer(815301076,1909f56bfc062723c751e8b465ee728b)
Start importing Assets/Audio/Set the table/Instructions audio/DL_STT_LDTknife.wav using Guid(ce53a63a55055471dbaa4fc412368b5a) Importer(815301076,1909f56bfc062723c751e8b465ee728b)  -> (artifact id: '22d75d224d42e809859e914268c13ad0') in 0.007111 seconds 
========================================================================
Received Import Request.
  Time since last request: 1.259379 seconds.
  path: Assets/Audio/Set the table/ItemAudio/DL_Setting_the_table_BOWL.wav
  artifactKey: Guid(9c8a70af25088462d9a930b0c7c85a4e) Importer(815301076,1909f56bfc062723c751e8b465ee728b)
Start importing Assets/Audio/Set the table/ItemAudio/DL_Setting_the_table_BOWL.wav using Guid(9c8a70af25088462d9a930b0c7c85a4e) Importer(815301076,1909f56bfc062723c751e8b465ee728b)  -> (artifact id: '4a9815de1e81a6f5d4a678c7992f8cab') in 0.008919 seconds 
========================================================================
Received Import Request.
  Time since last request: 0.000076 seconds.
  path: Assets/Audio/Set the table/ItemAudio/DL_Setting_the_table_FORK.wav
  artifactKey: Guid(9f2fdd6a077c849818a7e3c1a6d1ac08) Importer(815301076,1909f56bfc062723c751e8b465ee728b)
Start importing Assets/Audio/Set the table/ItemAudio/DL_Setting_the_table_FORK.wav using Guid(9f2fdd6a077c849818a7e3c1a6d1ac08) Importer(815301076,1909f56bfc062723c751e8b465ee728b)  -> (artifact id: '38ad9a337a9cba89831b3bd43a57e48c') in 0.008768 seconds 
========================================================================
Received Import Request.
  Time since last request: 0.000087 seconds.
  path: Assets/Audio/Set the table/ItemAudio/DL_Setting_the_table_NAPKIN.wav
  artifactKey: Guid(694c8b788509d4c46855f13be772e6a9) Importer(815301076,1909f56bfc062723c751e8b465ee728b)
Start importing Assets/Audio/Set the table/ItemAudio/DL_Setting_the_table_NAPKIN.wav using Guid(694c8b788509d4c46855f13be772e6a9) Importer(815301076,1909f56bfc062723c751e8b465ee728b)  -> (artifact id: '31ce17f596cf939b8a756b85d8f9d51a') in 0.007206 seconds 
========================================================================
Received Import Request.
  Time since last request: 0.000080 seconds.
  path: Assets/Audio/Set the table/ItemAudio/DL_Setting_the_table_PLATE.wav
  artifactKey: Guid(65fc6f9de6733428781976ef849b9c32) Importer(815301076,1909f56bfc062723c751e8b465ee728b)
Start importing Assets/Audio/Set the table/ItemAudio/DL_Setting_the_table_PLATE.wav using Guid(65fc6f9de6733428781976ef849b9c32) Importer(815301076,1909f56bfc062723c751e8b465ee728b)  -> (artifact id: '537a8178a7cf27851f885d2c2b545e23') in 0.007128 seconds 
========================================================================
Received Import Request.
  Time since last request: 1.013383 seconds.
  path: Assets/Audio/Set the table/Scene Audio/at_set_the_table.wav
  artifactKey: Guid(98081c70ac7f34aabb07ad3d191ad62e) Importer(815301076,1909f56bfc062723c751e8b465ee728b)
Start importing Assets/Audio/Set the table/Scene Audio/at_set_the_table.wav using Guid(98081c70ac7f34aabb07ad3d191ad62e) Importer(815301076,1909f56bfc062723c751e8b465ee728b)  -> (artifact id: 'f93e00ef31df6827913e09d4812df51b') in 0.013265 seconds 
========================================================================
Received Import Request.
  Time since last request: 0.000107 seconds.
  path: Assets/Audio/Set the table/Scene Audio/DL_Setting_the_table_OPENER.wav
  artifactKey: Guid(3c3868534378e4922891bcf2b3871f60) Importer(815301076,1909f56bfc062723c751e8b465ee728b)
Start importing Assets/Audio/Set the table/Scene Audio/DL_Setting_the_table_OPENER.wav using Guid(3c3868534378e4922891bcf2b3871f60) Importer(815301076,1909f56bfc062723c751e8b465ee728b)  -> (artifact id: '2d6515f4f97d305783e92301309b2b42') in 0.008242 seconds 
========================================================================
Received Import Request.
  Time since last request: 0.000085 seconds.
  path: Assets/Audio/Set the table/Scene Audio/DL_STT_thankyou.wav
  artifactKey: Guid(187cca6b3eb234ee08bb7782f4560cb8) Importer(815301076,1909f56bfc062723c751e8b465ee728b)
Start importing Assets/Audio/Set the table/Scene Audio/DL_STT_thankyou.wav using Guid(187cca6b3eb234ee08bb7782f4560cb8) Importer(815301076,1909f56bfc062723c751e8b465ee728b)  -> (artifact id: '0f06346c89519bb600f7da6e958c59b8') in 0.007084 seconds 
========================================================================
Received Import Request.
  Time since last request: 28.443132 seconds.
  path: Assets/Audio/DL_PleaseAgain.wav
  artifactKey: Guid(31bdc0061c73f4bac9e6fefdd67d969a) Importer(815301076,1909f56bfc062723c751e8b465ee728b)
Start importing Assets/Audio/DL_PleaseAgain.wav using Guid(31bdc0061c73f4bac9e6fefdd67d969a) Importer(815301076,1909f56bfc062723c751e8b465ee728b)  -> (artifact id: '5e2faab2d77b2858a23c3fc81eea796d') in 0.007812 seconds 
========================================================================
Received Import Request.
  Time since last request: 24.838418 seconds.
  path: Assets/Prefabs/TableItems/Bowl.prefab
  artifactKey: Guid(d8c52dc8c15ca445387a43712514e460) Importer(815301076,1909f56bfc062723c751e8b465ee728b)
Start importing Assets/Prefabs/TableItems/Bowl.prefab using Guid(d8c52dc8c15ca445387a43712514e460) Importer(815301076,1909f56bfc062723c751e8b465ee728b)  -> (artifact id: '82358c39e68f995469f5ae771ed2bacf') in 0.024808 seconds 
========================================================================
Received Import Request.
  Time since last request: 0.000089 seconds.
  path: Assets/Prefabs/TableItems/Spoon.prefab
  artifactKey: Guid(9b40754726ce146a99a09be1fee7b338) Importer(815301076,1909f56bfc062723c751e8b465ee728b)
Start importing Assets/Prefabs/TableItems/Spoon.prefab using Guid(9b40754726ce146a99a09be1fee7b338) Importer(815301076,1909f56bfc062723c751e8b465ee728b)  -> (artifact id: 'c311a54f4e67a3f7627b0a07f8848ad0') in 0.018662 seconds 
========================================================================
Received Import Request.
  Time since last request: 0.000078 seconds.
  path: Assets/Prefabs/TableItems/Fork.prefab
  artifactKey: Guid(6b1469ed53cb2452d89ba659f15d96da) Importer(815301076,1909f56bfc062723c751e8b465ee728b)
Start importing Assets/Prefabs/TableItems/Fork.prefab using Guid(6b1469ed53cb2452d89ba659f15d96da) Importer(815301076,1909f56bfc062723c751e8b465ee728b)  -> (artifact id: '8ed00f3d0272637f42257ea037e64c33') in 0.018196 seconds 
========================================================================
Received Import Request.
  Time since last request: 0.000063 seconds.
  path: Assets/Prefabs/TableItems/Plate.prefab
  artifactKey: Guid(d9ff8b78553a447809507d032f25341b) Importer(815301076,1909f56bfc062723c751e8b465ee728b)
Start importing Assets/Prefabs/TableItems/Plate.prefab using Guid(d9ff8b78553a447809507d032f25341b) Importer(815301076,1909f56bfc062723c751e8b465ee728b)  -> (artifact id: '480be5cbddf02bad0378ded277cbfa78') in 0.016956 seconds 
========================================================================
Received Import Request.
  Time since last request: 1.383979 seconds.
  path: Assets/Prefabs/Carousel.prefab
  artifactKey: Guid(8802a2b748d3742b082f109df3e673b3) Importer(815301076,1909f56bfc062723c751e8b465ee728b)
Start importing Assets/Prefabs/Carousel.prefab using Guid(8802a2b748d3742b082f109df3e673b3) Importer(815301076,1909f56bfc062723c751e8b465ee728b)  -> (artifact id: 'b81fc7f0636c041572bfa39124019e99') in 0.018620 seconds 
========================================================================
Received Import Request.
  Time since last request: 6.394743 seconds.
  path: Assets/Scenes/DragScene.scenetemplate
  artifactKey: Guid(1cb64834da2644585aa4fc4e93d3c6ff) Importer(815301076,1909f56bfc062723c751e8b465ee728b)
Start importing Assets/Scenes/DragScene.scenetemplate using Guid(1cb64834da2644585aa4fc4e93d3c6ff) Importer(815301076,1909f56bfc062723c751e8b465ee728b)  -> (artifact id: '23459f711012e0a1ab503deac96589a9') in 0.139445 seconds 
========================================================================
Received Import Request.
  Time since last request: 5.112456 seconds.
  path: Assets/Scenes/SetTheTable.unity
  artifactKey: Guid(5b1986468e5684cb98d182afc11e80ea) Importer(815301076,1909f56bfc062723c751e8b465ee728b)
Start importing Assets/Scenes/SetTheTable.unity using Guid(5b1986468e5684cb98d182afc11e80ea) Importer(815301076,1909f56bfc062723c751e8b465ee728b)  -> (artifact id: 'b30324016b0ed4f15c5ca151d9e60235') in 0.001699 seconds 
