Unity Editor version:    2021.2.9f1 (921b45a28ab6)
Branch:                  2021.2/staging
Build type:              Release
Batch mode:              YES
macOS version:           Version 13.0.1 (Build 22A400)
Darwin version:          22.1.0
Architecture:            x86_64
Running under Rosetta:   YES
Available memory:        32768 MB
Using pre-set license
Pro License: NO

COMMAND LINE ARGUMENTS:
/Applications/Unity/Hub/Editor/2021.2.9f1/Unity.app/Contents/MacOS/Unity
-adb2
-batchMode
-noUpm
-name
AssetImportWorker1
-projectPath
/Users/chloefarr/Documents/GitHub/Unity/GrandmasPlayhouse/SetTheTable
-logFile
Logs/AssetImportWorker1.log
-srvPort
59583
Successfully changed project path to: /Users/chloefarr/Documents/GitHub/Unity/GrandmasPlayhouse/SetTheTable
/Users/chloefarr/Documents/GitHub/Unity/GrandmasPlayhouse/SetTheTable
[UnityMemory] Configuration Parameters - Can be set up in boot.config
    "memorysetup-bucket-allocator-granularity=16"
    "memorysetup-bucket-allocator-bucket-count=8"
    "memorysetup-bucket-allocator-block-size=33554432"
    "memorysetup-bucket-allocator-block-count=8"
    "memorysetup-main-allocator-block-size=16777216"
    "memorysetup-thread-allocator-block-size=16777216"
    "memorysetup-gfx-main-allocator-block-size=16777216"
    "memorysetup-gfx-thread-allocator-block-size=16777216"
    "memorysetup-cache-allocator-block-size=4194304"
    "memorysetup-typetree-allocator-block-size=2097152"
    "memorysetup-profiler-bucket-allocator-granularity=16"
    "memorysetup-profiler-bucket-allocator-bucket-count=8"
    "memorysetup-profiler-bucket-allocator-block-size=33554432"
    "memorysetup-profiler-bucket-allocator-block-count=8"
    "memorysetup-profiler-allocator-block-size=16777216"
    "memorysetup-profiler-editor-allocator-block-size=1048576"
    "memorysetup-temp-allocator-size-main=16777216"
    "memorysetup-job-temp-allocator-block-size=2097152"
    "memorysetup-job-temp-allocator-block-size-background=1048576"
    "memorysetup-job-temp-allocator-reduction-small-platforms=262144"
    "memorysetup-temp-allocator-size-background-worker=32768"
    "memorysetup-temp-allocator-size-job-worker=262144"
    "memorysetup-temp-allocator-size-preload-manager=33554432"
    "memorysetup-temp-allocator-size-nav-mesh-worker=65536"
    "memorysetup-temp-allocator-size-audio-worker=65536"
    "memorysetup-temp-allocator-size-cloud-worker=32768"
    "memorysetup-temp-allocator-size-gi-baking-worker=262144"
    "memorysetup-temp-allocator-size-gfx=262144"
Refreshing native plugins compatible for Editor in 89.68 ms, found 2 plugins.
Preloading 0 native plugins for Editor in 0.00 ms.
Initialize engine version: 2021.2.9f1 (921b45a28ab6)
[Subsystems] Discovering subsystems at path /Applications/Unity/Hub/Editor/2021.2.9f1/Unity.app/Contents/Resources/UnitySubsystems
[Subsystems] Discovering subsystems at path /Users/chloefarr/Documents/GitHub/Unity/GrandmasPlayhouse/SetTheTable/Assets
GfxDevice: creating device client; threaded=0; jobified=0
 preferred device: Apple M1 Pro (high power)
Metal devices available: 1
0: Apple M1 Pro (high power)
Using device Apple M1 Pro (high power)
Initializing Metal device caps: Apple M1 Pro
Initialize mono
Mono path[0] = '/Applications/Unity/Hub/Editor/2021.2.9f1/Unity.app/Contents/Managed'
Mono path[1] = '/Applications/Unity/Hub/Editor/2021.2.9f1/Unity.app/Contents/MonoBleedingEdge/lib/mono/unityjit-macos'
Mono config path = '/Applications/Unity/Hub/Editor/2021.2.9f1/Unity.app/Contents/MonoBleedingEdge/etc'
Using monoOptions --debugger-agent=transport=dt_socket,embedding=1,server=y,suspend=n,address=127.0.0.1:56543
Begin MonoManager ReloadAssembly
Registering precompiled unity dll's ...
Register platform support module: /Applications/Unity/Hub/Editor/2021.2.9f1/PlaybackEngines/WebGLSupport/UnityEditor.WebGL.Extensions.dll
Register platform support module: /Applications/Unity/Hub/Editor/2021.2.9f1/Unity.app/Contents/PlaybackEngines/MacStandaloneSupport/UnityEditor.OSXStandalone.Extensions.dll
Registered in 0.001142 seconds.
Native extension for OSXStandalone target not found
Native extension for WebGL target not found
Refreshing native plugins compatible for Editor in 91.52 ms, found 2 plugins.
Preloading 0 native plugins for Editor in 0.00 ms.
Mono: successfully reloaded assembly
- Completed reload, in  1.417 seconds
Domain Reload Profiling:
	ReloadAssembly (1418ms)
		BeginReloadAssembly (117ms)
			ExecutionOrderSort (0ms)
			DisableScriptedObjects (0ms)
			BackupInstance (0ms)
			ReleaseScriptingObjects (0ms)
			CreateAndSetChildDomain (2ms)
		EndReloadAssembly (1166ms)
			LoadAssemblies (115ms)
			RebuildTransferFunctionScriptingTraits (0ms)
			SetupTypeCache (120ms)
			ReleaseScriptCaches (0ms)
			RebuildScriptCaches (37ms)
			SetupLoadedEditorAssemblies (854ms)
				LogAssemblyErrors (0ms)
				InitializePlatformSupportModulesInManaged (41ms)
				SetLoadedEditorAssemblies (0ms)
				RefreshPlugins (92ms)
				BeforeProcessingInitializeOnLoad (4ms)
				ProcessInitializeOnLoadAttributes (533ms)
				ProcessInitializeOnLoadMethodAttributes (184ms)
				AfterProcessingInitializeOnLoad (0ms)
				EditorAssembliesLoaded (0ms)
			ExecutionOrderSort2 (0ms)
			AwakeInstancesAfterBackupRestoration (0ms)
Platform modules already initialized, skipping
Registering precompiled user dll's ...
Registered in 0.002348 seconds.
Begin MonoManager ReloadAssembly
Symbol file LoadedFromMemory doesn't match image /Users/chloefarr/Documents/GitHub/Unity/GrandmasPlayhouse/SetTheTable/Library/PackageCache/com.unity.visualscripting@1.7.6/Editor/VisualScripting.Core/Dependencies/YamlDotNet/Unity.VisualScripting.YamlDotNet.dll
Symbol file LoadedFromMemory doesn't match image /Users/chloefarr/Documents/GitHub/Unity/GrandmasPlayhouse/SetTheTable/Library/PackageCache/com.unity.visualscripting@1.7.6/Editor/VisualScripting.Core/Dependencies/DotNetZip/Unity.VisualScripting.IonicZip.dll
Native extension for OSXStandalone target not found
Native extension for WebGL target not found
Refreshing native plugins compatible for Editor in 0.59 ms, found 2 plugins.
Preloading 0 native plugins for Editor in 0.00 ms.
Mono: successfully reloaded assembly
- Completed reload, in  2.230 seconds
Domain Reload Profiling:
	ReloadAssembly (2232ms)
		BeginReloadAssembly (220ms)
			ExecutionOrderSort (0ms)
			DisableScriptedObjects (41ms)
			BackupInstance (0ms)
			ReleaseScriptingObjects (0ms)
			CreateAndSetChildDomain (21ms)
		EndReloadAssembly (1779ms)
			LoadAssemblies (103ms)
			RebuildTransferFunctionScriptingTraits (0ms)
			SetupTypeCache (247ms)
			ReleaseScriptCaches (1ms)
			RebuildScriptCaches (57ms)
			SetupLoadedEditorAssemblies (1184ms)
				LogAssemblyErrors (0ms)
				InitializePlatformSupportModulesInManaged (31ms)
				SetLoadedEditorAssemblies (1ms)
				RefreshPlugins (1ms)
				BeforeProcessingInitializeOnLoad (124ms)
				ProcessInitializeOnLoadAttributes (930ms)
				ProcessInitializeOnLoadMethodAttributes (95ms)
				AfterProcessingInitializeOnLoad (2ms)
				EditorAssembliesLoaded (0ms)
			ExecutionOrderSort2 (0ms)
			AwakeInstancesAfterBackupRestoration (11ms)
Platform modules already initialized, skipping
========================================================================
Worker process is ready to serve import requests
Launching external process: /Applications/Unity/Hub/Editor/2021.2.9f1/Unity.app/Contents/Tools/UnityShaderCompiler
Launched and connected shader compiler UnityShaderCompiler after 0.10 seconds
Refreshing native plugins compatible for Editor in 0.56 ms, found 2 plugins.
Preloading 0 native plugins for Editor in 0.00 ms.
Unloading 3124 Unused Serialized files (Serialized files now loaded: 0)
Unloading 23 unused Assets / (42.4 KB). Loaded Objects now: 3581.
Memory consumption went from 98.0 MB to 98.0 MB.
Total: 3.307875 ms (FindLiveObjects: 0.173584 ms CreateObjectMapping: 0.086042 ms MarkObjects: 2.944166 ms  DeleteObjects: 0.102708 ms)

AssetImportParameters requested are different than current active one (requested -> active):
  custom:video-decoder-ogg-theora: a1e56fd34408186e4bbccfd4996cb3dc -> 
  custom:container-muxer-webm: aa71ff27fc2769a1b78a27578f13a17b -> 
  custom:container-demuxer-webm: 4f35f7cbe854078d1ac9338744f61a02 -> 
  custom:video-encoder-webm-vp8: eb34c28f22e8b96e1ab97ce403110664 -> 
  custom:framework-osx-AVFoundation: e770b220cccbd017edd2c1fefb359320 -> 
  custom:audio-encoder-webm-vorbis: bf7c407c2cedff20999df2af8eb42d56 -> 
  custom:container-demuxer-ogg: 62fdf1f143b41e24485cea50d1cbac27 -> 
  custom:video-decoder-webm-vp8: 9c59270c3fd7afecdb556c50c9e8de78 -> 
  custom:audio-decoder-ogg-vorbis: bf7c407c2cedff20999df2af8eb42d56 -> 
========================================================================
Received Import Request.
  Time since last request: 85827.439375 seconds.
  path: Assets/UniversalRenderPipelineGlobalSettings.asset
  artifactKey: Guid(2fc430595222a4fb88138ccaf972d719) Importer(815301076,1909f56bfc062723c751e8b465ee728b)
Start importing Assets/UniversalRenderPipelineGlobalSettings.asset using Guid(2fc430595222a4fb88138ccaf972d719) Importer(815301076,1909f56bfc062723c751e8b465ee728b)  -> (artifact id: '1abe08ed5a6c6eb83f7a5257bf15b78d') in 0.086290 seconds 
========================================================================
Received Import Request.
  Time since last request: 44.611805 seconds.
  path: Assets/Scenes/Jewlery/blank white tile.png
  artifactKey: Guid(72b7ecfb548c3411ab6f944f9c48a16e) Importer(815301076,1909f56bfc062723c751e8b465ee728b)
Start importing Assets/Scenes/Jewlery/blank white tile.png using Guid(72b7ecfb548c3411ab6f944f9c48a16e) Importer(815301076,1909f56bfc062723c751e8b465ee728b)  -> (artifact id: 'a1c0f1e8f24c9ccabcb07f312665f3ac') in 0.245912 seconds 
========================================================================
Received Import Request.
  Time since last request: 0.000091 seconds.
  path: Assets/Scenes/Jewlery/spoon in scene artboard.png
  artifactKey: Guid(20df1f6b11c464962822f0e86026fe7f) Importer(815301076,1909f56bfc062723c751e8b465ee728b)
Start importing Assets/Scenes/Jewlery/spoon in scene artboard.png using Guid(20df1f6b11c464962822f0e86026fe7f) Importer(815301076,1909f56bfc062723c751e8b465ee728b)  -> (artifact id: '67d29a0b4304b2922a0eeb464f32e9ad') in 0.026891 seconds 
========================================================================
Received Import Request.
  Time since last request: 0.000055 seconds.
  path: Assets/Scenes/Jewlery/Glass.prefab
  artifactKey: Guid(9bfe4dfb14a054ec48e50e827ba512ac) Importer(815301076,1909f56bfc062723c751e8b465ee728b)
Start importing Assets/Scenes/Jewlery/Glass.prefab using Guid(9bfe4dfb14a054ec48e50e827ba512ac) Importer(815301076,1909f56bfc062723c751e8b465ee728b)  -> (artifact id: '3cd9d5fd3441f5309b54dae4fb5db99e') in 0.164878 seconds 
========================================================================
Received Import Request.
  Time since last request: 0.000082 seconds.
  path: Assets/Scenes/Jewlery/Bowl.prefab
  artifactKey: Guid(8c0f0d36ed64c4b32b170029b529f32c) Importer(815301076,1909f56bfc062723c751e8b465ee728b)
Start importing Assets/Scenes/Jewlery/Bowl.prefab using Guid(8c0f0d36ed64c4b32b170029b529f32c) Importer(815301076,1909f56bfc062723c751e8b465ee728b)  -> (artifact id: '81cb4321d7bed336ac96da511a352b2d') in 0.021317 seconds 
========================================================================
Received Import Request.
  Time since last request: 0.000056 seconds.
  path: Assets/Scenes/Jewlery/glass in tile.png
  artifactKey: Guid(6f1268a6b54f64857b42943f6573c530) Importer(815301076,1909f56bfc062723c751e8b465ee728b)
Start importing Assets/Scenes/Jewlery/glass in tile.png using Guid(6f1268a6b54f64857b42943f6573c530) Importer(815301076,1909f56bfc062723c751e8b465ee728b)  -> (artifact id: '23c6c464a9c0bcb30320357fd3874da1') in 0.012690 seconds 
========================================================================
Received Import Request.
  Time since last request: 0.000080 seconds.
  path: Assets/Scenes/Jewlery/bowl in scene artboard.png
  artifactKey: Guid(3edaa232ed81746d68cc23e18f73cd3e) Importer(815301076,1909f56bfc062723c751e8b465ee728b)
Start importing Assets/Scenes/Jewlery/bowl in scene artboard.png using Guid(3edaa232ed81746d68cc23e18f73cd3e) Importer(815301076,1909f56bfc062723c751e8b465ee728b)  -> (artifact id: 'c323369c7008e1d74f7aca5f763ac128') in 0.021507 seconds 
========================================================================
Received Import Request.
  Time since last request: 0.000062 seconds.
  path: Assets/Scenes/Jewlery/fork in scene artboard.png
  artifactKey: Guid(2d85ad527e69947c1a8f0e934698a701) Importer(815301076,1909f56bfc062723c751e8b465ee728b)
Start importing Assets/Scenes/Jewlery/fork in scene artboard.png using Guid(2d85ad527e69947c1a8f0e934698a701) Importer(815301076,1909f56bfc062723c751e8b465ee728b)  -> (artifact id: 'dad96c21ed5125fca74b398ffc985e14') in 0.020701 seconds 
========================================================================
Received Import Request.
  Time since last request: 0.000079 seconds.
  path: Assets/Scenes/Jewlery/knife in tile.png
  artifactKey: Guid(f881dfd49e97b42e889edb951e32d5d8) Importer(815301076,1909f56bfc062723c751e8b465ee728b)
Start importing Assets/Scenes/Jewlery/knife in tile.png using Guid(f881dfd49e97b42e889edb951e32d5d8) Importer(815301076,1909f56bfc062723c751e8b465ee728b)  -> (artifact id: 'b8a9e46ea5bab6998d9d741710db1569') in 0.011693 seconds 
========================================================================
Received Import Request.
  Time since last request: 0.000086 seconds.
  path: Assets/Scenes/Jewlery/Spoon.prefab
  artifactKey: Guid(578f335d7cc514d91b3b5f83c35aba91) Importer(815301076,1909f56bfc062723c751e8b465ee728b)
Start importing Assets/Scenes/Jewlery/Spoon.prefab using Guid(578f335d7cc514d91b3b5f83c35aba91) Importer(815301076,1909f56bfc062723c751e8b465ee728b)  -> (artifact id: '96e3ae409e148ec4f399fa5121fcec03') in 0.017035 seconds 
========================================================================
Received Import Request.
  Time since last request: 0.000068 seconds.
  path: Assets/Scenes/Jewlery/place table blank backgroundplace table.png
  artifactKey: Guid(9314c5f6124ae4987a64e4049f6e8a17) Importer(815301076,1909f56bfc062723c751e8b465ee728b)
Start importing Assets/Scenes/Jewlery/place table blank backgroundplace table.png using Guid(9314c5f6124ae4987a64e4049f6e8a17) Importer(815301076,1909f56bfc062723c751e8b465ee728b)  -> (artifact id: 'e998af9469c4a903f4172a94a1fee44a') in 0.154361 seconds 
========================================================================
Received Import Request.
  Time since last request: 0.000056 seconds.
  path: Assets/Scenes/Jewlery/Napkin.prefab
  artifactKey: Guid(e979477daafd2436c890e735f2d9f451) Importer(815301076,1909f56bfc062723c751e8b465ee728b)
Start importing Assets/Scenes/Jewlery/Napkin.prefab using Guid(e979477daafd2436c890e735f2d9f451) Importer(815301076,1909f56bfc062723c751e8b465ee728b)  -> (artifact id: '39e3b8fc849711ac0363aef412db549c') in 0.018745 seconds 
========================================================================
Received Import Request.
  Time since last request: 0.000058 seconds.
  path: Assets/Scenes/Jewlery/spoon in tile.png
  artifactKey: Guid(86d9e2a9ae994434ba3bd7c3da7b6358) Importer(815301076,1909f56bfc062723c751e8b465ee728b)
Start importing Assets/Scenes/Jewlery/spoon in tile.png using Guid(86d9e2a9ae994434ba3bd7c3da7b6358) Importer(815301076,1909f56bfc062723c751e8b465ee728b)  -> (artifact id: 'f9a942a53004b67cb7e2a23594223734') in 0.013549 seconds 
========================================================================
Received Import Request.
  Time since last request: 0.000060 seconds.
  path: Assets/Scenes/Jewlery/fork in tile.png
  artifactKey: Guid(9f259d1d982d24bfe9318b9cd2015c6d) Importer(815301076,1909f56bfc062723c751e8b465ee728b)
Start importing Assets/Scenes/Jewlery/fork in tile.png using Guid(9f259d1d982d24bfe9318b9cd2015c6d) Importer(815301076,1909f56bfc062723c751e8b465ee728b)  -> (artifact id: '453c0b76f94b9d686cd6f1f4bef27524') in 0.011759 seconds 
========================================================================
Received Import Request.
  Time since last request: 0.000056 seconds.
  path: Assets/Scenes/Jewlery/glass in scene artboard.png
  artifactKey: Guid(9d8d712ab19e04ffb85d3a09293a2cf3) Importer(815301076,1909f56bfc062723c751e8b465ee728b)
Start importing Assets/Scenes/Jewlery/glass in scene artboard.png using Guid(9d8d712ab19e04ffb85d3a09293a2cf3) Importer(815301076,1909f56bfc062723c751e8b465ee728b)  -> (artifact id: '1b2947d6ad225564448d725ee7bc0028') in 0.020842 seconds 
========================================================================
Received Import Request.
  Time since last request: 0.000081 seconds.
  path: Assets/Scenes/Jewlery/napkind in scene artboard.png
  artifactKey: Guid(d8533fb56db094fa688a166ce361d1b4) Importer(815301076,1909f56bfc062723c751e8b465ee728b)
Start importing Assets/Scenes/Jewlery/napkind in scene artboard.png using Guid(d8533fb56db094fa688a166ce361d1b4) Importer(815301076,1909f56bfc062723c751e8b465ee728b)  -> (artifact id: 'c87d06804a06fa897da0132956869c4f') in 0.021999 seconds 
========================================================================
Received Import Request.
  Time since last request: 0.000071 seconds.
  path: Assets/Scenes/Jewlery/Plate.prefab
  artifactKey: Guid(a468fbc6ca9b841988239552884dad37) Importer(815301076,1909f56bfc062723c751e8b465ee728b)
Start importing Assets/Scenes/Jewlery/Plate.prefab using Guid(a468fbc6ca9b841988239552884dad37) Importer(815301076,1909f56bfc062723c751e8b465ee728b)  -> (artifact id: '04037d53f76f548eef7c7729ff457ca2') in 0.017503 seconds 
========================================================================
Received Import Request.
  Time since last request: 0.000077 seconds.
  path: Assets/Scenes/Jewlery/TMP - Font Asset Icon.psd
  artifactKey: Guid(5cbc2380788f6485fb4167d915ab89c3) Importer(815301076,1909f56bfc062723c751e8b465ee728b)
Start importing Assets/Scenes/Jewlery/TMP - Font Asset Icon.psd using Guid(5cbc2380788f6485fb4167d915ab89c3) Importer(815301076,1909f56bfc062723c751e8b465ee728b)  -> (artifact id: '375ccfcb783afbef5956c705446a9bff') in 0.075270 seconds 
========================================================================
Received Import Request.
  Time since last request: 38.836195 seconds.
  path: Assets/Audio/Set the table/Instructions audio/DL_STT_LDTbowl.wav
  artifactKey: Guid(8850dc24456fa4fad951706789cdbe75) Importer(815301076,1909f56bfc062723c751e8b465ee728b)
Start importing Assets/Audio/Set the table/Instructions audio/DL_STT_LDTbowl.wav using Guid(8850dc24456fa4fad951706789cdbe75) Importer(815301076,1909f56bfc062723c751e8b465ee728b)  -> (artifact id: '5ed186f7648d3ecfbc7af555acb91943') in 0.141520 seconds 
========================================================================
Received Import Request.
  Time since last request: 1.260099 seconds.
  path: Assets/Audio/Set the table/ItemAudio/DL_Setting_the_table_CUP.wav
  artifactKey: Guid(7052bdc73dc2b4093844ea6e40ac7a9a) Importer(815301076,1909f56bfc062723c751e8b465ee728b)
Start importing Assets/Audio/Set the table/ItemAudio/DL_Setting_the_table_CUP.wav using Guid(7052bdc73dc2b4093844ea6e40ac7a9a) Importer(815301076,1909f56bfc062723c751e8b465ee728b)  -> (artifact id: 'f8ca2318afa0560b3648959ed0a83365') in 0.014321 seconds 
========================================================================
Received Import Request.
  Time since last request: 0.000082 seconds.
  path: Assets/Audio/Set the table/ItemAudio/DL_Setting_the_table_TEASPOON.wav
  artifactKey: Guid(815154a8264e54b2aa1985dece8d5eef) Importer(815301076,1909f56bfc062723c751e8b465ee728b)
Start importing Assets/Audio/Set the table/ItemAudio/DL_Setting_the_table_TEASPOON.wav using Guid(815154a8264e54b2aa1985dece8d5eef) Importer(815301076,1909f56bfc062723c751e8b465ee728b)  -> (artifact id: 'e487a0a5af6dfd3a30b2237a13ad788b') in 0.007820 seconds 
========================================================================
Received Import Request.
  Time since last request: 0.000069 seconds.
  path: Assets/Audio/Set the table/ItemAudio/DL_Setting_the_table_GLASS.wav
  artifactKey: Guid(7eb9dc5b721714c3a92ab10d22c5b9fd) Importer(815301076,1909f56bfc062723c751e8b465ee728b)
Start importing Assets/Audio/Set the table/ItemAudio/DL_Setting_the_table_GLASS.wav using Guid(7eb9dc5b721714c3a92ab10d22c5b9fd) Importer(815301076,1909f56bfc062723c751e8b465ee728b)  -> (artifact id: '089d71ffd6cc3110c2a17f91acf2a78e') in 0.006698 seconds 
========================================================================
Received Import Request.
  Time since last request: 0.000063 seconds.
  path: Assets/Audio/Set the table/ItemAudio/DL_Setting_the_table_KNIFE.wav
  artifactKey: Guid(a138154dab44d4893950c4bb17ba85c9) Importer(815301076,1909f56bfc062723c751e8b465ee728b)
Start importing Assets/Audio/Set the table/ItemAudio/DL_Setting_the_table_KNIFE.wav using Guid(a138154dab44d4893950c4bb17ba85c9) Importer(815301076,1909f56bfc062723c751e8b465ee728b)  -> (artifact id: 'fe796ed8123ce047d1c832e3f5eea14e') in 0.006499 seconds 
========================================================================
Received Import Request.
  Time since last request: 1.008841 seconds.
  path: Assets/Audio/Set the table/Scene Audio/DL_GoodJob.wav
  artifactKey: Guid(aa755537d2f414166acf4dc569ba66b4) Importer(815301076,1909f56bfc062723c751e8b465ee728b)
Start importing Assets/Audio/Set the table/Scene Audio/DL_GoodJob.wav using Guid(aa755537d2f414166acf4dc569ba66b4) Importer(815301076,1909f56bfc062723c751e8b465ee728b)  -> (artifact id: 'a163d760134f5c5cc188033982047638') in 0.012309 seconds 
========================================================================
Received Import Request.
  Time since last request: 0.000146 seconds.
  path: Assets/Audio/Set the table/Scene Audio/DL_STT_Closing.wav
  artifactKey: Guid(2934ef6e2aaa446cb9f5883746c06988) Importer(815301076,1909f56bfc062723c751e8b465ee728b)
Start importing Assets/Audio/Set the table/Scene Audio/DL_STT_Closing.wav using Guid(2934ef6e2aaa446cb9f5883746c06988) Importer(815301076,1909f56bfc062723c751e8b465ee728b)  -> (artifact id: '3993129bc6ff919b5dacdad98fe5e31c') in 0.008185 seconds 
========================================================================
Received Import Request.
  Time since last request: 0.000066 seconds.
  path: Assets/Audio/Set the table/Scene Audio/DL_STT_wayTOgo.wav
  artifactKey: Guid(776dd7f80b5884c3899b1131794fdb7c) Importer(815301076,1909f56bfc062723c751e8b465ee728b)
Start importing Assets/Audio/Set the table/Scene Audio/DL_STT_wayTOgo.wav using Guid(776dd7f80b5884c3899b1131794fdb7c) Importer(815301076,1909f56bfc062723c751e8b465ee728b)  -> (artifact id: '0bc34f3ac8e7c51a7642bc9561e28903') in 0.006883 seconds 
========================================================================
Received Import Request.
  Time since last request: 53.296367 seconds.
  path: Assets/Prefabs/TableItems/Cup.prefab
  artifactKey: Guid(3c412003fcc1c4fb988309997ebe8bc4) Importer(815301076,1909f56bfc062723c751e8b465ee728b)
Start importing Assets/Prefabs/TableItems/Cup.prefab using Guid(3c412003fcc1c4fb988309997ebe8bc4) Importer(815301076,1909f56bfc062723c751e8b465ee728b)  -> (artifact id: 'acc7d755bc0febc2dd386972706f1f80') in 0.024134 seconds 
========================================================================
Received Import Request.
  Time since last request: 0.000077 seconds.
  path: Assets/Prefabs/TableItems/Knife.prefab
  artifactKey: Guid(c7b5b33f2697b42b1bd6061ca8dbc6eb) Importer(815301076,1909f56bfc062723c751e8b465ee728b)
Start importing Assets/Prefabs/TableItems/Knife.prefab using Guid(c7b5b33f2697b42b1bd6061ca8dbc6eb) Importer(815301076,1909f56bfc062723c751e8b465ee728b)  -> (artifact id: 'c7b84297dcccbc904363fa1c88cb2527') in 0.019365 seconds 
========================================================================
Received Import Request.
  Time since last request: 0.000059 seconds.
  path: Assets/Prefabs/TableItems/Glass.prefab
  artifactKey: Guid(9631aaa1d067c4fce999b13516d9006a) Importer(815301076,1909f56bfc062723c751e8b465ee728b)
Start importing Assets/Prefabs/TableItems/Glass.prefab using Guid(9631aaa1d067c4fce999b13516d9006a) Importer(815301076,1909f56bfc062723c751e8b465ee728b)  -> (artifact id: 'ad59813970426454d5440646f349cee3') in 0.017306 seconds 
========================================================================
Received Import Request.
  Time since last request: 0.000090 seconds.
  path: Assets/Prefabs/TableItems/Napkin.prefab
  artifactKey: Guid(142cf79d8c4c84e118c77410822a9277) Importer(815301076,1909f56bfc062723c751e8b465ee728b)
Start importing Assets/Prefabs/TableItems/Napkin.prefab using Guid(142cf79d8c4c84e118c77410822a9277) Importer(815301076,1909f56bfc062723c751e8b465ee728b)  -> (artifact id: '866d2f75d1ebac8024931289b82b550e') in 0.017081 seconds 
